Copyright 1986-2022 Xilinx, Inc. All Rights Reserved. Copyright 2022-2023 Advanced Micro Devices, Inc. All Rights Reserved.
--------------------------------------------------------------------------------------------------------------------------------------------------
| Tool Version : Vivado v.2023.2 (win64) Build 4029153 Fri Oct 13 20:14:34 MDT 2023
| Date         : Thu May 28 16:28:22 2026
| Host         : DESKTOP-5BKHJFE running 64-bit major release  (build 9200)
| Command      : report_timing_summary -file E:/PROJECTS/convolution_fpga/vivado_project/fmax_sweep_synth_6stage_srl/200MHz/timing_post_synth.rpt
| Design       : top_convolution
| Device       : 7a100t-csg324
| Speed File   : -1  PRODUCTION 1.23 2018-06-13
| Design State : Synthesized
--------------------------------------------------------------------------------------------------------------------------------------------------

Timing Summary Report

------------------------------------------------------------------------------------------------
| Timer Settings
| --------------
------------------------------------------------------------------------------------------------

  Enable Multi Corner Analysis               :  Yes
  Enable Pessimism Removal                   :  Yes
  Pessimism Removal Resolution               :  Nearest Common Node
  Enable Input Delay Default Clock           :  No
  Enable Preset / Clear Arcs                 :  No
  Disable Flight Delays                      :  No
  Ignore I/O Paths                           :  No
  Timing Early Launch at Borrowing Latches   :  No
  Borrow Time for Max Delay Exceptions       :  Yes
  Merge Timing Exceptions                    :  Yes
  Inter-SLR Compensation                     :  Conservative

  Corner  Analyze    Analyze    
  Name    Max Paths  Min Paths  
  ------  ---------  ---------  
  Slow    Yes        Yes        
  Fast    Yes        Yes        


------------------------------------------------------------------------------------------------
| Report Methodology
| ------------------
------------------------------------------------------------------------------------------------

No report available as report_methodology has not been run prior. Run report_methodology on the current design for the summary of methodology violations.



check_timing report

Table of Contents
-----------------
1. checking no_clock (0)
2. checking constant_clock (0)
3. checking pulse_width_clock (0)
4. checking unconstrained_internal_endpoints (0)
5. checking no_input_delay (48)
6. checking no_output_delay (25)
7. checking multiple_clock (0)
8. checking generated_clocks (0)
9. checking loops (0)
10. checking partial_input_delay (0)
11. checking partial_output_delay (0)
12. checking latch_loops (0)

1. checking no_clock (0)
------------------------
 There are 0 register/latch pins with no clock.


2. checking constant_clock (0)
------------------------------
 There are 0 register/latch pins with constant_clock.


3. checking pulse_width_clock (0)
---------------------------------
 There are 0 register/latch pins which need pulse_width check


4. checking unconstrained_internal_endpoints (0)
------------------------------------------------
 There are 0 pins that are not constrained for maximum delay.

 There are 0 pins that are not constrained for maximum delay due to constant clock.


5. checking no_input_delay (48)
-------------------------------
 There are 48 input ports with no input delay specified. (HIGH)

 There are 0 input ports with no input delay but user has a false path constraint.


6. checking no_output_delay (25)
--------------------------------
 There are 25 ports with no output delay specified. (HIGH)

 There are 0 ports with no output delay but user has a false path constraint

 There are 0 ports with no output delay but with a timing clock defined on it or propagating through it


7. checking multiple_clock (0)
------------------------------
 There are 0 register/latch pins with multiple clocks.


8. checking generated_clocks (0)
--------------------------------
 There are 0 generated clocks that are not connected to a clock source.


9. checking loops (0)
---------------------
 There are 0 combinational loops in the design.


10. checking partial_input_delay (0)
------------------------------------
 There are 0 input ports with partial input delay specified.


11. checking partial_output_delay (0)
-------------------------------------
 There are 0 ports with partial output delay specified.


12. checking latch_loops (0)
----------------------------
 There are 0 combinational latch loops in the design through latch input



------------------------------------------------------------------------------------------------
| Design Timing Summary
| ---------------------
------------------------------------------------------------------------------------------------

    WNS(ns)      TNS(ns)  TNS Failing Endpoints  TNS Total Endpoints      WHS(ns)      THS(ns)  THS Failing Endpoints  THS Total Endpoints     WPWS(ns)     TPWS(ns)  TPWS Failing Endpoints  TPWS Total Endpoints  
    -------      -------  ---------------------  -------------------      -------      -------  ---------------------  -------------------     --------     --------  ----------------------  --------------------  
      1.138        0.000                      0                 9567        0.070        0.000                      0                 9567        1.116        0.000                       0                  7563  


All user specified timing constraints are met.


------------------------------------------------------------------------------------------------
| Clock Summary
| -------------
------------------------------------------------------------------------------------------------

Clock  Waveform(ns)         Period(ns)      Frequency(MHz)
-----  ------------         ----------      --------------
clk    {0.000 2.500}        5.000           200.000         


------------------------------------------------------------------------------------------------
| Intra Clock Table
| -----------------
------------------------------------------------------------------------------------------------

Clock             WNS(ns)      TNS(ns)  TNS Failing Endpoints  TNS Total Endpoints      WHS(ns)      THS(ns)  THS Failing Endpoints  THS Total Endpoints     WPWS(ns)     TPWS(ns)  TPWS Failing Endpoints  TPWS Total Endpoints  
-----             -------      -------  ---------------------  -------------------      -------      -------  ---------------------  -------------------     --------     --------  ----------------------  --------------------  
clk                 1.138        0.000                      0                 9567        0.070        0.000                      0                 9567        1.116        0.000                       0                  7563  


------------------------------------------------------------------------------------------------
| Inter Clock Table
| -----------------
------------------------------------------------------------------------------------------------

From Clock    To Clock          WNS(ns)      TNS(ns)  TNS Failing Endpoints  TNS Total Endpoints      WHS(ns)      THS(ns)  THS Failing Endpoints  THS Total Endpoints  
----------    --------          -------      -------  ---------------------  -------------------      -------      -------  ---------------------  -------------------  


------------------------------------------------------------------------------------------------
| Other Path Groups Table
| -----------------------
------------------------------------------------------------------------------------------------

Path Group    From Clock    To Clock          WNS(ns)      TNS(ns)  TNS Failing Endpoints  TNS Total Endpoints      WHS(ns)      THS(ns)  THS Failing Endpoints  THS Total Endpoints  
----------    ----------    --------          -------      -------  ---------------------  -------------------      -------      -------  ---------------------  -------------------  


------------------------------------------------------------------------------------------------
| Timing Details
| --------------
------------------------------------------------------------------------------------------------


---------------------------------------------------------------------------------------------------
From Clock:  clk
  To Clock:  clk

Setup :            0  Failing Endpoints,  Worst Slack        1.138ns,  Total Violation        0.000ns
Hold  :            0  Failing Endpoints,  Worst Slack        0.070ns,  Total Violation        0.000ns
PW    :            0  Failing Endpoints,  Worst Slack        1.116ns,  Total Violation        0.000ns
---------------------------------------------------------------------------------------------------


Max Delay Paths
--------------------------------------------------------------------------------------
Slack (MET) :             1.138ns  (required time - arrival time)
  Source:                 u_mac_array/mul_b_q_reg[1]/CLK
                            (rising edge-triggered cell DSP48E1 clocked by clk  {rise@0.000ns fall@2.500ns period=5.000ns})
  Destination:            u_mac_array/sub_b_q_reg[0][25]/D
                            (rising edge-triggered cell FDRE clocked by clk  {rise@0.000ns fall@2.500ns period=5.000ns})
  Path Group:             clk
  Path Type:              Setup (Max at Slow Process Corner)
  Requirement:            5.000ns  (clk rise@5.000ns - clk rise@0.000ns)
  Data Path Delay:        3.758ns  (logic 2.008ns (53.435%)  route 1.750ns (46.565%))
  Logic Levels:           9  (CARRY4=7 LUT3=1 LUT5=1)
  Clock Path Skew:        -0.145ns (DCD - SCD + CPR)
    Destination Clock Delay (DCD):    2.130ns = ( 7.130 - 5.000 ) 
    Source Clock Delay      (SCD):    2.454ns
    Clock Pessimism Removal (CPR):    0.179ns
  Clock Uncertainty:      0.035ns  ((TSJ^2 + TIJ^2)^1/2 + DJ) / 2 + PE
    Total System Jitter     (TSJ):    0.071ns
    Total Input Jitter      (TIJ):    0.000ns
    Discrete Jitter          (DJ):    0.000ns
    Phase Error              (PE):    0.000ns

    Location             Delay type                Incr(ns)  Path(ns)    Netlist Resource(s)
  -------------------------------------------------------------------    -------------------
                         (clock clk rise edge)        0.000     0.000 r  
                                                      0.000     0.000 r  clk (IN)
                         net (fo=0)                   0.000     0.000    clk
                         IBUF (Prop_ibuf_I_O)         0.971     0.971 r  clk_IBUF_inst/O
                         net (fo=1, unplaced)         0.803     1.774    clk_IBUF
                         BUFG (Prop_bufg_I_O)         0.096     1.870 r  clk_IBUF_BUFG_inst/O
                         net (fo=7562, unplaced)      0.584     2.454    u_mac_array/clk_IBUF_BUFG
                         DSP48E1                                      r  u_mac_array/mul_b_q_reg[1]/CLK
  -------------------------------------------------------------------    -------------------
                         DSP48E1 (Prop_dsp48e1_CLK_P[2])
                                                      0.434     2.888 r  u_mac_array/mul_b_q_reg[1]/P[2]
                         net (fo=3, unplaced)         0.803     3.691    u_mac_array/mul_b_q_reg_n_103_[1]
                         LUT3 (Prop_lut3_I2_O)        0.124     3.815 r  u_mac_array/sub_b_q[0][3]_i_9/O
                         net (fo=4, unplaced)         0.473     4.288    u_mac_array/sub_b_q[0][3]_i_9_n_0
                         LUT5 (Prop_lut5_I4_O)        0.124     4.412 r  u_mac_array/sub_b_q[0][3]_i_3/O
                         net (fo=1, unplaced)         0.474     4.886    u_mac_array/sub_b_q[0][3]_i_3_n_0
                         CARRY4 (Prop_carry4_DI[2]_CO[3])
                                                      0.404     5.290 r  u_mac_array/sub_b_q_reg[0][3]_i_1/CO[3]
                         net (fo=1, unplaced)         0.000     5.290    u_mac_array/sub_b_q_reg[0][3]_i_1_n_0
                         CARRY4 (Prop_carry4_CI_CO[3])
                                                      0.117     5.407 r  u_mac_array/sub_b_q_reg[0][7]_i_1/CO[3]
                         net (fo=1, unplaced)         0.000     5.407    u_mac_array/sub_b_q_reg[0][7]_i_1_n_0
                         CARRY4 (Prop_carry4_CI_CO[3])
                                                      0.117     5.524 r  u_mac_array/sub_b_q_reg[0][11]_i_1/CO[3]
                         net (fo=1, unplaced)         0.000     5.524    u_mac_array/sub_b_q_reg[0][11]_i_1_n_0
                         CARRY4 (Prop_carry4_CI_CO[3])
                                                      0.117     5.641 r  u_mac_array/sub_b_q_reg[0][15]_i_1/CO[3]
                         net (fo=1, unplaced)         0.000     5.641    u_mac_array/sub_b_q_reg[0][15]_i_1_n_0
                         CARRY4 (Prop_carry4_CI_CO[3])
                                                      0.117     5.758 r  u_mac_array/sub_b_q_reg[0][19]_i_1/CO[3]
                         net (fo=1, unplaced)         0.000     5.758    u_mac_array/sub_b_q_reg[0][19]_i_1_n_0
                         CARRY4 (Prop_carry4_CI_CO[3])
                                                      0.117     5.875 r  u_mac_array/sub_b_q_reg[0][23]_i_1/CO[3]
                         net (fo=1, unplaced)         0.000     5.875    u_mac_array/sub_b_q_reg[0][23]_i_1_n_0
                         CARRY4 (Prop_carry4_CI_O[1])
                                                      0.337     6.212 r  u_mac_array/sub_b_q_reg[0][27]_i_1/O[1]
                         net (fo=1, unplaced)         0.000     6.212    u_mac_array/sub_b_q_reg[0][27]_i_1_n_6
                         FDRE                                         r  u_mac_array/sub_b_q_reg[0][25]/D
  -------------------------------------------------------------------    -------------------

                         (clock clk rise edge)        5.000     5.000 r  
                                                      0.000     5.000 r  clk (IN)
                         net (fo=0)                   0.000     5.000    clk
                         IBUF (Prop_ibuf_I_O)         0.838     5.838 r  clk_IBUF_inst/O
                         net (fo=1, unplaced)         0.763     6.600    clk_IBUF
                         BUFG (Prop_bufg_I_O)         0.091     6.691 r  clk_IBUF_BUFG_inst/O
                         net (fo=7562, unplaced)      0.439     7.130    u_mac_array/clk_IBUF_BUFG
                         FDRE                                         r  u_mac_array/sub_b_q_reg[0][25]/C
                         clock pessimism              0.179     7.309    
                         clock uncertainty           -0.035     7.274    
                         FDRE (Setup_fdre_C_D)        0.076     7.350    u_mac_array/sub_b_q_reg[0][25]
  -------------------------------------------------------------------
                         required time                          7.350    
                         arrival time                          -6.212    
  -------------------------------------------------------------------
                         slack                                  1.138    





Min Delay Paths
--------------------------------------------------------------------------------------
Slack (MET) :             0.070ns  (arrival time - required time)
  Source:                 u_line_buffer/line0_reg[991][0]_srl32/CLK
                            (rising edge-triggered cell SRLC32E clocked by clk  {rise@0.000ns fall@2.500ns period=5.000ns})
  Destination:            u_line_buffer/line0_reg[1023][0]_srl32/D
                            (rising edge-triggered cell SRLC32E clocked by clk  {rise@0.000ns fall@2.500ns period=5.000ns})
  Path Group:             clk
  Path Type:              Hold (Min at Fast Process Corner)
  Requirement:            0.000ns  (clk rise@0.000ns - clk rise@0.000ns)
  Data Path Delay:        0.332ns  (logic 0.332ns (100.000%)  route 0.000ns (0.000%))
  Logic Levels:           0  
  Clock Path Skew:        0.145ns (DCD - SCD - CPR)
    Destination Clock Delay (DCD):    1.033ns
    Source Clock Delay      (SCD):    0.679ns
    Clock Pessimism Removal (CPR):    0.210ns

    Location             Delay type                Incr(ns)  Path(ns)    Netlist Resource(s)
  -------------------------------------------------------------------    -------------------
                         (clock clk rise edge)        0.000     0.000 r  
                                                      0.000     0.000 r  clk (IN)
                         net (fo=0)                   0.000     0.000    clk
                         IBUF (Prop_ibuf_I_O)         0.200     0.200 r  clk_IBUF_inst/O
                         net (fo=1, unplaced)         0.338     0.539    clk_IBUF
                         BUFG (Prop_bufg_I_O)         0.026     0.565 r  clk_IBUF_BUFG_inst/O
                         net (fo=7562, unplaced)      0.114     0.679    u_line_buffer/clk_IBUF_BUFG
                         SRLC32E                                      r  u_line_buffer/line0_reg[991][0]_srl32/CLK
  -------------------------------------------------------------------    -------------------
                         SRLC32E (Prop_srlc32e_CLK_Q31)
                                                      0.332     1.011 r  u_line_buffer/line0_reg[991][0]_srl32/Q31
                         net (fo=1, unplaced)         0.000     1.011    u_line_buffer/line0_reg[991][0]_srl32_n_1
                         SRLC32E                                      r  u_line_buffer/line0_reg[1023][0]_srl32/D
  -------------------------------------------------------------------    -------------------

                         (clock clk rise edge)        0.000     0.000 r  
                                                      0.000     0.000 r  clk (IN)
                         net (fo=0)                   0.000     0.000    clk
                         IBUF (Prop_ibuf_I_O)         0.389     0.389 r  clk_IBUF_inst/O
                         net (fo=1, unplaced)         0.356     0.745    clk_IBUF
                         BUFG (Prop_bufg_I_O)         0.029     0.774 r  clk_IBUF_BUFG_inst/O
                         net (fo=7562, unplaced)      0.259     1.033    u_line_buffer/clk_IBUF_BUFG
                         SRLC32E                                      r  u_line_buffer/line0_reg[1023][0]_srl32/CLK
                         clock pessimism             -0.210     0.824    
                         SRLC32E (Hold_srlc32e_CLK_D)
                                                      0.117     0.941    u_line_buffer/line0_reg[1023][0]_srl32
  -------------------------------------------------------------------
                         required time                         -0.941    
                         arrival time                           1.011    
  -------------------------------------------------------------------
                         slack                                  0.070    





Pulse Width Checks
--------------------------------------------------------------------------------------
Clock Name:         clk
Waveform(ns):       { 0.000 2.500 }
Period(ns):         5.000
Sources:            { clk }

Check Type        Corner  Lib Pin      Reference Pin  Required(ns)  Actual(ns)  Slack(ns)  Location  Pin
Min Period        n/a     DSP48E1/CLK  n/a            3.884         5.000       1.116                u_mac_array/mul_b_q_reg[0]/CLK
Low Pulse Width   Slow    SRLC32E/CLK  n/a            0.980         2.500       1.520                u_line_buffer/line0_reg[1023][0]_srl32/CLK
High Pulse Width  Slow    SRLC32E/CLK  n/a            0.980         2.500       1.520                u_line_buffer/line0_reg[1023][0]_srl32/CLK



