Copyright 1986-2022 Xilinx, Inc. All Rights Reserved. Copyright 2022-2023 Advanced Micro Devices, Inc. All Rights Reserved.
-----------------------------------------------------------------------------------------------------------------------------------------------
| Tool Version : Vivado v.2023.2 (win64) Build 4029153 Fri Oct 13 20:14:34 MDT 2023
| Date         : Thu May 28 19:15:38 2026
| Host         : DESKTOP-5BKHJFE running 64-bit major release  (build 9200)
| Command      : report_timing_summary -file E:/PROJECTS/convolution_fpga/vivado_project/fmax_sweep_impl_design_b/200MHz/timing_post_route.rpt
| Design       : top_convolution
| Device       : 7a100t-csg324
| Speed File   : -1  PRODUCTION 1.23 2018-06-13
| Design State : Routed
-----------------------------------------------------------------------------------------------------------------------------------------------

Timing Summary Report

------------------------------------------------------------------------------------------------
| Timer Settings
| --------------
------------------------------------------------------------------------------------------------

  Enable Multi Corner Analysis               :  Yes
  Enable Pessimism Removal                   :  Yes
  Pessimism Removal Resolution               :  Nearest Common Node
  Enable Input Delay Default Clock           :  No
  Enable Preset / Clear Arcs                 :  No
  Disable Flight Delays                      :  No
  Ignore I/O Paths                           :  No
  Timing Early Launch at Borrowing Latches   :  No
  Borrow Time for Max Delay Exceptions       :  Yes
  Merge Timing Exceptions                    :  Yes
  Inter-SLR Compensation                     :  Conservative

  Corner  Analyze    Analyze    
  Name    Max Paths  Min Paths  
  ------  ---------  ---------  
  Slow    Yes        Yes        
  Fast    Yes        Yes        


------------------------------------------------------------------------------------------------
| Report Methodology
| ------------------
------------------------------------------------------------------------------------------------

No report available as report_methodology has not been run prior. Run report_methodology on the current design for the summary of methodology violations.



check_timing report

Table of Contents
-----------------
1. checking no_clock (0)
2. checking constant_clock (0)
3. checking pulse_width_clock (0)
4. checking unconstrained_internal_endpoints (0)
5. checking no_input_delay (48)
6. checking no_output_delay (25)
7. checking multiple_clock (0)
8. checking generated_clocks (0)
9. checking loops (0)
10. checking partial_input_delay (0)
11. checking partial_output_delay (0)
12. checking latch_loops (0)

1. checking no_clock (0)
------------------------
 There are 0 register/latch pins with no clock.


2. checking constant_clock (0)
------------------------------
 There are 0 register/latch pins with constant_clock.


3. checking pulse_width_clock (0)
---------------------------------
 There are 0 register/latch pins which need pulse_width check


4. checking unconstrained_internal_endpoints (0)
------------------------------------------------
 There are 0 pins that are not constrained for maximum delay.

 There are 0 pins that are not constrained for maximum delay due to constant clock.


5. checking no_input_delay (48)
-------------------------------
 There are 48 input ports with no input delay specified. (HIGH)

 There are 0 input ports with no input delay but user has a false path constraint.


6. checking no_output_delay (25)
--------------------------------
 There are 25 ports with no output delay specified. (HIGH)

 There are 0 ports with no output delay but user has a false path constraint

 There are 0 ports with no output delay but with a timing clock defined on it or propagating through it


7. checking multiple_clock (0)
------------------------------
 There are 0 register/latch pins with multiple clocks.


8. checking generated_clocks (0)
--------------------------------
 There are 0 generated clocks that are not connected to a clock source.


9. checking loops (0)
---------------------
 There are 0 combinational loops in the design.


10. checking partial_input_delay (0)
------------------------------------
 There are 0 input ports with partial input delay specified.


11. checking partial_output_delay (0)
-------------------------------------
 There are 0 ports with partial output delay specified.


12. checking latch_loops (0)
----------------------------
 There are 0 combinational latch loops in the design through latch input



------------------------------------------------------------------------------------------------
| Design Timing Summary
| ---------------------
------------------------------------------------------------------------------------------------

    WNS(ns)      TNS(ns)  TNS Failing Endpoints  TNS Total Endpoints      WHS(ns)      THS(ns)  THS Failing Endpoints  THS Total Endpoints     WPWS(ns)     TPWS(ns)  TPWS Failing Endpoints  TPWS Total Endpoints  
    -------      -------  ---------------------  -------------------      -------      -------  ---------------------  -------------------     --------     --------  ----------------------  --------------------  
      0.250        0.000                      0                 9567        0.069        0.000                      0                 9567        1.116        0.000                       0                  7563  


All user specified timing constraints are met.


------------------------------------------------------------------------------------------------
| Clock Summary
| -------------
------------------------------------------------------------------------------------------------

Clock  Waveform(ns)         Period(ns)      Frequency(MHz)
-----  ------------         ----------      --------------
clk    {0.000 2.500}        5.000           200.000         


------------------------------------------------------------------------------------------------
| Intra Clock Table
| -----------------
------------------------------------------------------------------------------------------------

Clock             WNS(ns)      TNS(ns)  TNS Failing Endpoints  TNS Total Endpoints      WHS(ns)      THS(ns)  THS Failing Endpoints  THS Total Endpoints     WPWS(ns)     TPWS(ns)  TPWS Failing Endpoints  TPWS Total Endpoints  
-----             -------      -------  ---------------------  -------------------      -------      -------  ---------------------  -------------------     --------     --------  ----------------------  --------------------  
clk                 0.250        0.000                      0                 9567        0.069        0.000                      0                 9567        1.116        0.000                       0                  7563  


------------------------------------------------------------------------------------------------
| Inter Clock Table
| -----------------
------------------------------------------------------------------------------------------------

From Clock    To Clock          WNS(ns)      TNS(ns)  TNS Failing Endpoints  TNS Total Endpoints      WHS(ns)      THS(ns)  THS Failing Endpoints  THS Total Endpoints  
----------    --------          -------      -------  ---------------------  -------------------      -------      -------  ---------------------  -------------------  


------------------------------------------------------------------------------------------------
| Other Path Groups Table
| -----------------------
------------------------------------------------------------------------------------------------

Path Group    From Clock    To Clock          WNS(ns)      TNS(ns)  TNS Failing Endpoints  TNS Total Endpoints      WHS(ns)      THS(ns)  THS Failing Endpoints  THS Total Endpoints  
----------    ----------    --------          -------      -------  ---------------------  -------------------      -------      -------  ---------------------  -------------------  


------------------------------------------------------------------------------------------------
| Timing Details
| --------------
------------------------------------------------------------------------------------------------


---------------------------------------------------------------------------------------------------
From Clock:  clk
  To Clock:  clk

Setup :            0  Failing Endpoints,  Worst Slack        0.250ns,  Total Violation        0.000ns
Hold  :            0  Failing Endpoints,  Worst Slack        0.069ns,  Total Violation        0.000ns
PW    :            0  Failing Endpoints,  Worst Slack        1.116ns,  Total Violation        0.000ns
---------------------------------------------------------------------------------------------------


Max Delay Paths
--------------------------------------------------------------------------------------
Slack (MET) :             0.250ns  (required time - arrival time)
  Source:                 u_mac_array/mul_b_q_reg[20]/CLK
                            (rising edge-triggered cell DSP48E1 clocked by clk  {rise@0.000ns fall@2.500ns period=5.000ns})
  Destination:            u_mac_array/sub_b_q_reg[6][25]/D
                            (rising edge-triggered cell FDRE clocked by clk  {rise@0.000ns fall@2.500ns period=5.000ns})
  Path Group:             clk
  Path Type:              Setup (Max at Slow Process Corner)
  Requirement:            5.000ns  (clk rise@5.000ns - clk rise@0.000ns)
  Data Path Delay:        4.588ns  (logic 2.220ns (48.391%)  route 2.368ns (51.609%))
  Logic Levels:           9  (CARRY4=7 LUT3=1 LUT4=1)
  Clock Path Skew:        -0.190ns (DCD - SCD + CPR)
    Destination Clock Delay (DCD):    4.492ns = ( 9.492 - 5.000 ) 
    Source Clock Delay      (SCD):    4.941ns
    Clock Pessimism Removal (CPR):    0.259ns
  Clock Uncertainty:      0.035ns  ((TSJ^2 + TIJ^2)^1/2 + DJ) / 2 + PE
    Total System Jitter     (TSJ):    0.071ns
    Total Input Jitter      (TIJ):    0.000ns
    Discrete Jitter          (DJ):    0.000ns
    Phase Error              (PE):    0.000ns

    Location             Delay type                Incr(ns)  Path(ns)    Netlist Resource(s)
  -------------------------------------------------------------------    -------------------
                         (clock clk rise edge)        0.000     0.000 r  
    N15                                               0.000     0.000 r  clk (IN)
                         net (fo=0)                   0.000     0.000    clk
    N15                  IBUF (Prop_ibuf_I_O)         0.948     0.948 r  clk_IBUF_inst/O
                         net (fo=1, routed)           2.016     2.963    clk_IBUF
    BUFGCTRL_X0Y0        BUFG (Prop_bufg_I_O)         0.096     3.059 r  clk_IBUF_BUFG_inst/O
                         net (fo=7562, routed)        1.882     4.941    u_mac_array/clk_IBUF_BUFG
    DSP48_X1Y5           DSP48E1                                      r  u_mac_array/mul_b_q_reg[20]/CLK
  -------------------------------------------------------------------    -------------------
    DSP48_X1Y5           DSP48E1 (Prop_dsp48e1_CLK_P[2])
                                                      0.434     5.375 r  u_mac_array/mul_b_q_reg[20]/P[2]
                         net (fo=2, routed)           1.678     7.053    u_mac_array/mul_b_q_reg_n_103_[20]
    SLICE_X32Y10         LUT3 (Prop_lut3_I0_O)        0.154     7.207 r  u_mac_array/sub_b_q[6][3]_i_2/O
                         net (fo=2, routed)           0.690     7.897    u_mac_array/sub_b_q[6][3]_i_2_n_0
    SLICE_X32Y10         LUT4 (Prop_lut4_I3_O)        0.327     8.224 r  u_mac_array/sub_b_q[6][3]_i_5/O
                         net (fo=1, routed)           0.000     8.224    u_mac_array/sub_b_q[6][3]_i_5_n_0
    SLICE_X32Y10         CARRY4 (Prop_carry4_S[3]_CO[3])
                                                      0.401     8.625 r  u_mac_array/sub_b_q_reg[6][3]_i_1/CO[3]
                         net (fo=1, routed)           0.000     8.625    u_mac_array/sub_b_q_reg[6][3]_i_1_n_0
    SLICE_X32Y11         CARRY4 (Prop_carry4_CI_CO[3])
                                                      0.114     8.739 r  u_mac_array/sub_b_q_reg[6][7]_i_1/CO[3]
                         net (fo=1, routed)           0.000     8.739    u_mac_array/sub_b_q_reg[6][7]_i_1_n_0
    SLICE_X32Y12         CARRY4 (Prop_carry4_CI_CO[3])
                                                      0.114     8.853 r  u_mac_array/sub_b_q_reg[6][11]_i_1/CO[3]
                         net (fo=1, routed)           0.000     8.853    u_mac_array/sub_b_q_reg[6][11]_i_1_n_0
    SLICE_X32Y13         CARRY4 (Prop_carry4_CI_CO[3])
                                                      0.114     8.967 r  u_mac_array/sub_b_q_reg[6][15]_i_1/CO[3]
                         net (fo=1, routed)           0.000     8.967    u_mac_array/sub_b_q_reg[6][15]_i_1_n_0
    SLICE_X32Y14         CARRY4 (Prop_carry4_CI_CO[3])
                                                      0.114     9.081 r  u_mac_array/sub_b_q_reg[6][19]_i_1/CO[3]
                         net (fo=1, routed)           0.000     9.081    u_mac_array/sub_b_q_reg[6][19]_i_1_n_0
    SLICE_X32Y15         CARRY4 (Prop_carry4_CI_CO[3])
                                                      0.114     9.195 r  u_mac_array/sub_b_q_reg[6][23]_i_1/CO[3]
                         net (fo=1, routed)           0.000     9.195    u_mac_array/sub_b_q_reg[6][23]_i_1_n_0
    SLICE_X32Y16         CARRY4 (Prop_carry4_CI_O[1])
                                                      0.334     9.529 r  u_mac_array/sub_b_q_reg[6][27]_i_1/O[1]
                         net (fo=1, routed)           0.000     9.529    u_mac_array/sub_b_q_reg[6][27]_i_1_n_6
    SLICE_X32Y16         FDRE                                         r  u_mac_array/sub_b_q_reg[6][25]/D
  -------------------------------------------------------------------    -------------------

                         (clock clk rise edge)        5.000     5.000 r  
    N15                                               0.000     5.000 r  clk (IN)
                         net (fo=0)                   0.000     5.000    clk
    N15                  IBUF (Prop_ibuf_I_O)         0.814     5.814 r  clk_IBUF_inst/O
                         net (fo=1, routed)           1.911     7.725    clk_IBUF
    BUFGCTRL_X0Y0        BUFG (Prop_bufg_I_O)         0.091     7.816 r  clk_IBUF_BUFG_inst/O
                         net (fo=7562, routed)        1.676     9.492    u_mac_array/clk_IBUF_BUFG
    SLICE_X32Y16         FDRE                                         r  u_mac_array/sub_b_q_reg[6][25]/C
                         clock pessimism              0.259     9.752    
                         clock uncertainty           -0.035     9.716    
    SLICE_X32Y16         FDRE (Setup_fdre_C_D)        0.062     9.778    u_mac_array/sub_b_q_reg[6][25]
  -------------------------------------------------------------------
                         required time                          9.778    
                         arrival time                          -9.529    
  -------------------------------------------------------------------
                         slack                                  0.250    





Min Delay Paths
--------------------------------------------------------------------------------------
Slack (MET) :             0.069ns  (arrival time - required time)
  Source:                 u_line_buffer/sr2_reg[4][22]/C
                            (rising edge-triggered cell FDRE clocked by clk  {rise@0.000ns fall@2.500ns period=5.000ns})
  Destination:            u_line_buffer/sr2_reg[3][22]/D
                            (rising edge-triggered cell FDRE clocked by clk  {rise@0.000ns fall@2.500ns period=5.000ns})
  Path Group:             clk
  Path Type:              Hold (Min at Fast Process Corner)
  Requirement:            0.000ns  (clk rise@0.000ns - clk rise@0.000ns)
  Data Path Delay:        0.398ns  (logic 0.141ns (35.433%)  route 0.257ns (64.567%))
  Logic Levels:           0  
  Clock Path Skew:        0.259ns (DCD - SCD - CPR)
    Destination Clock Delay (DCD):    1.976ns
    Source Clock Delay      (SCD):    1.462ns
    Clock Pessimism Removal (CPR):    0.255ns

    Location             Delay type                Incr(ns)  Path(ns)    Netlist Resource(s)
  -------------------------------------------------------------------    -------------------
                         (clock clk rise edge)        0.000     0.000 r  
    N15                                               0.000     0.000 r  clk (IN)
                         net (fo=0)                   0.000     0.000    clk
    N15                  IBUF (Prop_ibuf_I_O)         0.177     0.177 r  clk_IBUF_inst/O
                         net (fo=1, routed)           0.640     0.817    clk_IBUF
    BUFGCTRL_X0Y0        BUFG (Prop_bufg_I_O)         0.026     0.843 r  clk_IBUF_BUFG_inst/O
                         net (fo=7562, routed)        0.619     1.462    u_line_buffer/clk_IBUF_BUFG
    SLICE_X44Y24         FDRE                                         r  u_line_buffer/sr2_reg[4][22]/C
  -------------------------------------------------------------------    -------------------
    SLICE_X44Y24         FDRE (Prop_fdre_C_Q)         0.141     1.603 r  u_line_buffer/sr2_reg[4][22]/Q
                         net (fo=2, routed)           0.257     1.860    u_line_buffer/window_flat[214]
    SLICE_X55Y23         FDRE                                         r  u_line_buffer/sr2_reg[3][22]/D
  -------------------------------------------------------------------    -------------------

                         (clock clk rise edge)        0.000     0.000 r  
    N15                                               0.000     0.000 r  clk (IN)
                         net (fo=0)                   0.000     0.000    clk
    N15                  IBUF (Prop_ibuf_I_O)         0.365     0.365 r  clk_IBUF_inst/O
                         net (fo=1, routed)           0.695     1.060    clk_IBUF
    BUFGCTRL_X0Y0        BUFG (Prop_bufg_I_O)         0.029     1.089 r  clk_IBUF_BUFG_inst/O
                         net (fo=7562, routed)        0.887     1.976    u_line_buffer/clk_IBUF_BUFG
    SLICE_X55Y23         FDRE                                         r  u_line_buffer/sr2_reg[3][22]/C
                         clock pessimism             -0.255     1.721    
    SLICE_X55Y23         FDRE (Hold_fdre_C_D)         0.070     1.791    u_line_buffer/sr2_reg[3][22]
  -------------------------------------------------------------------
                         required time                         -1.791    
                         arrival time                           1.860    
  -------------------------------------------------------------------
                         slack                                  0.069    





Pulse Width Checks
--------------------------------------------------------------------------------------
Clock Name:         clk
Waveform(ns):       { 0.000 2.500 }
Period(ns):         5.000
Sources:            { clk }

Check Type        Corner  Lib Pin      Reference Pin  Required(ns)  Actual(ns)  Slack(ns)  Location      Pin
Min Period        n/a     DSP48E1/CLK  n/a            3.884         5.000       1.116      DSP48_X0Y16   u_mac_array/mul_b_q_reg[0]/CLK
Low Pulse Width   Slow    SRLC32E/CLK  n/a            0.980         2.500       1.520      SLICE_X30Y54  u_line_buffer/line0_reg[1023][0]_srl32/CLK
High Pulse Width  Slow    SRLC32E/CLK  n/a            0.980         2.500       1.520      SLICE_X30Y54  u_line_buffer/line0_reg[1023][0]_srl32/CLK



