
*** Running vivado
    with args -log top_convolution.vdi -applog -m64 -product Vivado -messageDb vivado.pb -mode batch -source top_convolution.tcl -notrace



****** Vivado v2023.2 (64-bit)
  **** SW Build 4029153 on Fri Oct 13 20:14:34 MDT 2023
  **** IP Build 4028589 on Sat Oct 14 00:45:43 MDT 2023
  **** SharedData Build 4025554 on Tue Oct 10 17:18:54 MDT 2023
    ** Copyright 1986-2022 Xilinx, Inc. All Rights Reserved.
    ** Copyright 2022-2023 Advanced Micro Devices, Inc. All Rights Reserved.

source top_convolution.tcl -notrace
create_project: Time (s): cpu = 00:00:08 ; elapsed = 00:00:08 . Memory (MB): peak = 565.332 ; gain = 181.090
Command: link_design -top top_convolution -part xc7a100tcsg324-1
Design is defaulting to srcset: sources_1
Design is defaulting to constrset: constrs_1
INFO: [Device 21-403] Loading part xc7a100tcsg324-1
Netlist sorting complete. Time (s): cpu = 00:00:00 ; elapsed = 00:00:00.025 . Memory (MB): peak = 978.113 ; gain = 0.000
INFO: [Netlist 29-17] Analyzing 697 Unisim elements for replacement
INFO: [Netlist 29-28] Unisim Transformation completed in 0 CPU seconds
INFO: [Project 1-479] Netlist was created with Vivado 2023.2
INFO: [Project 1-570] Preparing netlist for logic optimization
Parsing XDC File [E:/PROJECTS/convolution_fpga/vivado_project/fmax_sweep_refine2/147MHz/clock.xdc]
WARNING: [Vivado 12-2489] -period contains time 6.802721 which will be rounded to 6.803 to ensure it is an integer multiple of 1 picosecond [E:/PROJECTS/convolution_fpga/vivado_project/fmax_sweep_refine2/147MHz/clock.xdc:1]
Finished Parsing XDC File [E:/PROJECTS/convolution_fpga/vivado_project/fmax_sweep_refine2/147MHz/clock.xdc]
INFO: [Opt 31-138] Pushed 0 inverter(s) to 0 load pin(s).
Netlist sorting complete. Time (s): cpu = 00:00:00 ; elapsed = 00:00:00.002 . Memory (MB): peak = 1127.270 ; gain = 0.000
INFO: [Project 1-111] Unisim Transformation Summary:
  A total of 576 instances were transformed.
  RAM128X1S => RAM128X1S (MUXF7, RAMS64E(x2)): 72 instances
  RAM256X1S => RAM256X1S (MUXF7(x2), MUXF8, RAMS64E(x4)): 504 instances

The system cannot find the path specified.
7 Infos, 1 Warnings, 0 Critical Warnings and 0 Errors encountered.
link_design completed successfully
link_design: Time (s): cpu = 00:00:05 ; elapsed = 00:00:07 . Memory (MB): peak = 1127.270 ; gain = 561.938
Command: opt_design -directive ExploreWithRemap
INFO: [Vivado_Tcl 4-136] Directive used for opt_design is: ExploreWithRemap
Attempting to get a license for feature 'Implementation' and/or device 'xc7a100t'
INFO: [Common 17-349] Got license for feature 'Implementation' and/or device 'xc7a100t'
Running DRC as a precondition to command opt_design

Starting DRC Task
INFO: [DRC 23-27] Running DRC with 4 threads
INFO: [Project 1-461] DRC finished with 0 Errors
INFO: [Project 1-462] Please refer to the DRC report (report_drc) for more information.

Time (s): cpu = 00:00:02 ; elapsed = 00:00:01 . Memory (MB): peak = 1150.234 ; gain = 22.965

Starting Logic Optimization Task

Phase 1 Initialization

Phase 1.1 Core Generation And Design Setup
Phase 1.1 Core Generation And Design Setup | Checksum: 9c83030e

Time (s): cpu = 00:00:00 ; elapsed = 00:00:00.002 . Memory (MB): peak = 1492.609 ; gain = 0.000

Phase 1.2 Setup Constraints And Sort Netlist
Phase 1.2 Setup Constraints And Sort Netlist | Checksum: 9c83030e

Time (s): cpu = 00:00:00 ; elapsed = 00:00:00.005 . Memory (MB): peak = 1492.609 ; gain = 0.000
Phase 1 Initialization | Checksum: 9c83030e

Time (s): cpu = 00:00:00 ; elapsed = 00:00:00.006 . Memory (MB): peak = 1492.609 ; gain = 0.000

Phase 2 Timer Update And Timing Data Collection

Phase 2.1 Timer Update
INFO: [Timing 38-35] Done setting XDC timing constraints.
Phase 2.1 Timer Update | Checksum: 9c83030e

Time (s): cpu = 00:00:08 ; elapsed = 00:00:07 . Memory (MB): peak = 2000.074 ; gain = 507.465

Phase 2.2 Timing Data Collection
Phase 2.2 Timing Data Collection | Checksum: 9c83030e

Time (s): cpu = 00:00:08 ; elapsed = 00:00:07 . Memory (MB): peak = 2000.074 ; gain = 507.465
Phase 2 Timer Update And Timing Data Collection | Checksum: 9c83030e

Time (s): cpu = 00:00:08 ; elapsed = 00:00:07 . Memory (MB): peak = 2000.074 ; gain = 507.465

Phase 3 Retarget
INFO: [Opt 31-138] Pushed 0 inverter(s) to 0 load pin(s).
INFO: [Opt 31-49] Retargeted 0 cell(s).
Phase 3 Retarget | Checksum: c48b831d

Time (s): cpu = 00:00:08 ; elapsed = 00:00:07 . Memory (MB): peak = 2000.074 ; gain = 507.465
Retarget | Checksum: c48b831d
INFO: [Opt 31-389] Phase Retarget created 0 cells and removed 0 cells

Phase 4 Constant propagation
INFO: [Opt 31-138] Pushed 0 inverter(s) to 0 load pin(s).
Phase 4 Constant propagation | Checksum: c48b831d

Time (s): cpu = 00:00:08 ; elapsed = 00:00:07 . Memory (MB): peak = 2000.074 ; gain = 507.465
Constant propagation | Checksum: c48b831d
INFO: [Opt 31-389] Phase Constant propagation created 0 cells and removed 0 cells

Phase 5 Sweep
Phase 5 Sweep | Checksum: a21a139e

Time (s): cpu = 00:00:08 ; elapsed = 00:00:07 . Memory (MB): peak = 2000.074 ; gain = 507.465
Sweep | Checksum: a21a139e
INFO: [Opt 31-389] Phase Sweep created 0 cells and removed 0 cells

Phase 6 BUFG optimization
Phase 6 BUFG optimization | Checksum: a21a139e

Time (s): cpu = 00:00:09 ; elapsed = 00:00:08 . Memory (MB): peak = 2000.074 ; gain = 507.465
BUFG optimization | Checksum: a21a139e
INFO: [Opt 31-662] Phase BUFG optimization created 0 cells of which 0 are BUFGs and removed 0 cells.

Phase 7 Shift Register Optimization
INFO: [Opt 31-1064] SRL Remap converted 0 SRLs to 0 registers and converted 0 registers of register chains to 0 SRLs
Phase 7 Shift Register Optimization | Checksum: a21a139e

Time (s): cpu = 00:00:09 ; elapsed = 00:00:08 . Memory (MB): peak = 2000.074 ; gain = 507.465
Shift Register Optimization | Checksum: a21a139e
INFO: [Opt 31-389] Phase Shift Register Optimization created 0 cells and removed 0 cells
INFO: [Opt 31-1555] control_set_opt supports Versal devices only, and device 7a100t is unsupported

Phase 8 Remap
INFO: [Constraints 18-11670] Building netlist checker database with flags, 0x8
Done building netlist checker database: Time (s): cpu = 00:00:00 ; elapsed = 00:00:00.002 . Memory (MB): peak = 2296.879 ; gain = 0.000
Phase 8 Remap | Checksum: f75d4031

Time (s): cpu = 00:00:12 ; elapsed = 00:00:12 . Memory (MB): peak = 2430.117 ; gain = 937.508
Remap | Checksum: f75d4031
INFO: [Opt 31-389] Phase Remap created 9 cells and removed 11 cells

Phase 9 Post Processing Netlist
Phase 9 Post Processing Netlist | Checksum: 7737d64c

Time (s): cpu = 00:00:12 ; elapsed = 00:00:12 . Memory (MB): peak = 2430.117 ; gain = 937.508
Post Processing Netlist | Checksum: 7737d64c
INFO: [Opt 31-389] Phase Post Processing Netlist created 0 cells and removed 0 cells

Phase 10 Finalization

Phase 10.1 Finalizing Design Cores and Updating Shapes
Phase 10.1 Finalizing Design Cores and Updating Shapes | Checksum: 18942e879

Time (s): cpu = 00:00:13 ; elapsed = 00:00:12 . Memory (MB): peak = 2430.117 ; gain = 937.508

Phase 10.2 Verifying Netlist Connectivity

Starting Connectivity Check Task

Time (s): cpu = 00:00:00 ; elapsed = 00:00:00.003 . Memory (MB): peak = 2430.117 ; gain = 0.000
Phase 10.2 Verifying Netlist Connectivity | Checksum: 18942e879

Time (s): cpu = 00:00:13 ; elapsed = 00:00:12 . Memory (MB): peak = 2430.117 ; gain = 937.508
Phase 10 Finalization | Checksum: 18942e879

Time (s): cpu = 00:00:13 ; elapsed = 00:00:12 . Memory (MB): peak = 2430.117 ; gain = 937.508
Opt_design Change Summary
=========================


-------------------------------------------------------------------------------------------------------------------------
|  Phase                        |  #Cells created  |  #Cells Removed  |  #Constrained objects preventing optimizations  |
-------------------------------------------------------------------------------------------------------------------------
|  Retarget                     |               0  |               0  |                                              0  |
|  Constant propagation         |               0  |               0  |                                              0  |
|  Sweep                        |               0  |               0  |                                              0  |
|  BUFG optimization            |               0  |               0  |                                              0  |
|  Shift Register Optimization  |               0  |               0  |                                              0  |
|  Remap                        |               9  |              11  |                                              0  |
|  Post Processing Netlist      |               0  |               0  |                                              0  |
-------------------------------------------------------------------------------------------------------------------------


Ending Logic Optimization Task | Checksum: 18942e879

Time (s): cpu = 00:00:13 ; elapsed = 00:00:12 . Memory (MB): peak = 2430.117 ; gain = 937.508
INFO: [Constraints 18-11670] Building netlist checker database with flags, 0x8
Done building netlist checker database: Time (s): cpu = 00:00:00 ; elapsed = 00:00:00.003 . Memory (MB): peak = 2430.117 ; gain = 0.000

Starting Netlist Obfuscation Task
Netlist sorting complete. Time (s): cpu = 00:00:00 ; elapsed = 00:00:00.003 . Memory (MB): peak = 2430.117 ; gain = 0.000
Ending Netlist Obfuscation Task | Checksum: 18942e879

Time (s): cpu = 00:00:00 ; elapsed = 00:00:00.005 . Memory (MB): peak = 2430.117 ; gain = 0.000
INFO: [Common 17-83] Releasing license: Implementation
28 Infos, 1 Warnings, 0 Critical Warnings and 0 Errors encountered.
opt_design completed successfully
opt_design: Time (s): cpu = 00:00:18 ; elapsed = 00:00:16 . Memory (MB): peak = 2430.117 ; gain = 1302.848
INFO: [runtcl-4] Executing : report_drc -file top_convolution_drc_opted.rpt -pb top_convolution_drc_opted.pb -rpx top_convolution_drc_opted.rpx
Command: report_drc -file top_convolution_drc_opted.rpt -pb top_convolution_drc_opted.pb -rpx top_convolution_drc_opted.rpx
INFO: [IP_Flow 19-234] Refreshing IP repositories
INFO: [IP_Flow 19-1704] No user IP repositories specified
INFO: [IP_Flow 19-2313] Loaded Vivado IP repository 'E:/Vivado/2023.2/data/ip'.
INFO: [DRC 23-27] Running DRC with 4 threads
INFO: [Vivado_Tcl 2-168] The results of DRC are in file E:/PROJECTS/convolution_fpga/vivado_project/fmax_sweep_refine2/147MHz/project/fmax_147.runs/impl_1/top_convolution_drc_opted.rpt.
report_drc completed successfully
INFO: [Timing 38-480] Writing timing data to binary archive.
Write ShapeDB Complete: Time (s): cpu = 00:00:00 ; elapsed = 00:00:00.019 . Memory (MB): peak = 2454.848 ; gain = 0.000
INFO: [Common 17-1381] The checkpoint 'E:/PROJECTS/convolution_fpga/vivado_project/fmax_sweep_refine2/147MHz/project/fmax_147.runs/impl_1/top_convolution_opt.dcp' has been generated.
Command: place_design -directive Explore
Attempting to get a license for feature 'Implementation' and/or device 'xc7a100t'
INFO: [Common 17-349] Got license for feature 'Implementation' and/or device 'xc7a100t'
INFO: [Common 17-83] Releasing license: Implementation
INFO: [DRC 23-27] Running DRC with 4 threads
INFO: [Vivado_Tcl 4-198] DRC finished with 0 Errors
INFO: [Vivado_Tcl 4-199] Please refer to the DRC report (report_drc) for more information.
Running DRC as a precondition to command place_design
INFO: [DRC 23-27] Running DRC with 4 threads
INFO: [Vivado_Tcl 4-198] DRC finished with 0 Errors
INFO: [Vivado_Tcl 4-199] Please refer to the DRC report (report_drc) for more information.
INFO: [Place 46-5] The placer was invoked with the 'Explore' directive.
INFO: [Place 30-611] Multithreading enabled for place_design using a maximum of 4 CPUs

Starting Placer Task

Phase 1 Placer Initialization

Phase 1.1 Placer Initialization Netlist Sorting
Netlist sorting complete. Time (s): cpu = 00:00:00 ; elapsed = 00:00:00.002 . Memory (MB): peak = 2457.078 ; gain = 0.000
Phase 1.1 Placer Initialization Netlist Sorting | Checksum: a15b05f1

Time (s): cpu = 00:00:00 ; elapsed = 00:00:00.004 . Memory (MB): peak = 2457.078 ; gain = 0.000
Netlist sorting complete. Time (s): cpu = 00:00:00 ; elapsed = 00:00:00.002 . Memory (MB): peak = 2457.078 ; gain = 0.000

Phase 1.2 IO Placement/ Clock Placement/ Build Placer Device
INFO: [Timing 38-35] Done setting XDC timing constraints.
Phase 1.2 IO Placement/ Clock Placement/ Build Placer Device | Checksum: 5ac1c57c

Time (s): cpu = 00:00:03 ; elapsed = 00:00:01 . Memory (MB): peak = 2490.539 ; gain = 33.461

Phase 1.3 Build Placer Netlist Model
Phase 1.3 Build Placer Netlist Model | Checksum: c5736f68

Time (s): cpu = 00:00:07 ; elapsed = 00:00:04 . Memory (MB): peak = 2509.816 ; gain = 52.738

Phase 1.4 Constrain Clocks/Macros
Phase 1.4 Constrain Clocks/Macros | Checksum: c5736f68

Time (s): cpu = 00:00:07 ; elapsed = 00:00:04 . Memory (MB): peak = 2509.816 ; gain = 52.738
Phase 1 Placer Initialization | Checksum: c5736f68

Time (s): cpu = 00:00:07 ; elapsed = 00:00:04 . Memory (MB): peak = 2509.816 ; gain = 52.738

Phase 2 Global Placement

Phase 2.1 Floorplanning
Phase 2.1 Floorplanning | Checksum: a62041c3

Time (s): cpu = 00:00:08 ; elapsed = 00:00:04 . Memory (MB): peak = 2509.816 ; gain = 52.738

Phase 2.2 Update Timing before SLR Path Opt
Phase 2.2 Update Timing before SLR Path Opt | Checksum: 8b8fe2e3

Time (s): cpu = 00:00:09 ; elapsed = 00:00:05 . Memory (MB): peak = 2509.816 ; gain = 52.738

Phase 2.3 Post-Processing in Floorplanning
Phase 2.3 Post-Processing in Floorplanning | Checksum: 8b8fe2e3

Time (s): cpu = 00:00:09 ; elapsed = 00:00:05 . Memory (MB): peak = 2509.816 ; gain = 52.738

Phase 2.4 Global Placement Core

Phase 2.4.1 UpdateTiming Before Physical Synthesis
Phase 2.4.1 UpdateTiming Before Physical Synthesis | Checksum: 1ee281917

Time (s): cpu = 00:00:29 ; elapsed = 00:00:17 . Memory (MB): peak = 2509.816 ; gain = 52.738

Phase 2.4.2 Physical Synthesis In Placer
INFO: [Physopt 32-1035] Found 0 LUTNM shape to break, 52 LUT instances to create LUTNM shape
INFO: [Physopt 32-1044] Break lutnm for timing: one critical 0, two critical 0, total 0, new lutff created 0
INFO: [Physopt 32-1138] End 1 Pass. Optimized 22 nets or LUTs. Breaked 0 LUT, combined 22 existing LUTs and moved 0 existing LUT
INFO: [Physopt 32-1132] Very high fanout net 'u_line_buffer/x_count_reg_n_0_[1]' is not considered as a candidate in VHFN optimzation. The fanout considered for this optimization is changed from 2165 to 582 due to a timing constraint that prevent optimization on all of the loads. To force replication, set the FORCE_MAX_FANOUT property on the net to a number less than 582.
INFO: [Physopt 32-1132] Very high fanout net 'u_line_buffer/x_count_reg_n_0_[2]' is not considered as a candidate in VHFN optimzation. The fanout considered for this optimization is changed from 2166 to 583 due to a timing constraint that prevent optimization on all of the loads. To force replication, set the FORCE_MAX_FANOUT property on the net to a number less than 583.
INFO: [Physopt 32-1132] Very high fanout net 'u_line_buffer/x_count_reg_n_0_[3]' is not considered as a candidate in VHFN optimzation. The fanout considered for this optimization is changed from 2166 to 583 due to a timing constraint that prevent optimization on all of the loads. To force replication, set the FORCE_MAX_FANOUT property on the net to a number less than 583.
INFO: [Physopt 32-1132] Very high fanout net 'u_line_buffer/x_count_reg_n_0_[4]' is not considered as a candidate in VHFN optimzation. The fanout considered for this optimization is changed from 2166 to 583 due to a timing constraint that prevent optimization on all of the loads. To force replication, set the FORCE_MAX_FANOUT property on the net to a number less than 583.
INFO: [Physopt 32-1132] Very high fanout net 'u_line_buffer/x_count_reg_n_0_[5]' is not considered as a candidate in VHFN optimzation. The fanout considered for this optimization is changed from 2166 to 583 due to a timing constraint that prevent optimization on all of the loads. To force replication, set the FORCE_MAX_FANOUT property on the net to a number less than 583.
INFO: [Physopt 32-1132] Very high fanout net 'u_line_buffer/x_count_reg_n_0_[6]' is not considered as a candidate in VHFN optimzation. The fanout considered for this optimization is changed from 3246 to 583 due to a timing constraint that prevent optimization on all of the loads. To force replication, set the FORCE_MAX_FANOUT property on the net to a number less than 583.
INFO: [Physopt 32-65] No nets found for high-fanout optimization.
INFO: [Physopt 32-232] Optimized 0 net. Created 0 new instance.
INFO: [Physopt 32-775] End 1 Pass. Optimized 0 net or cell. Created 0 new cell, deleted 0 existing cell and moved 0 existing cell
INFO: [Physopt 32-76] Pass 1. Identified 1 candidate net for fanout optimization.
INFO: [Physopt 32-81] Processed net u_line_buffer/x_count_reg[0]_rep__11_n_0. Replicated 6 times.
INFO: [Physopt 32-232] Optimized 1 net. Created 6 new instances.
INFO: [Physopt 32-775] End 1 Pass. Optimized 1 net or cell. Created 6 new cells, deleted 0 existing cell and moved 0 existing cell
Netlist sorting complete. Time (s): cpu = 00:00:00 ; elapsed = 00:00:00.013 . Memory (MB): peak = 2509.816 ; gain = 0.000
INFO: [Physopt 32-457] Pass 1. Identified 15 candidate cells for DSP register optimization.
INFO: [Physopt 32-665] Processed cell p_1_out__0. 8 registers were pushed out.
INFO: [Physopt 32-665] Processed cell u_mac_array/sub_g_q_reg[4]. 8 registers were pushed out.
INFO: [Physopt 32-665] Processed cell p_1_out__20. 8 registers were pushed out.
INFO: [Physopt 32-665] Processed cell u_mac_array/sub_r_q_reg[2]. 8 registers were pushed out.
INFO: [Physopt 32-665] Processed cell u_mac_array/sub_b_q_reg[4]. 8 registers were pushed out.
INFO: [Physopt 32-665] Processed cell u_mac_array/mul_b_q_reg[9]. 8 registers were pushed out.
INFO: [Physopt 32-665] Processed cell u_mac_array/mul_r_q_reg[18]. 8 registers were pushed out.
INFO: [Physopt 32-665] Processed cell u_mac_array/sub_b_q_reg[2]. 8 registers were pushed out.
INFO: [Physopt 32-665] Processed cell u_mac_array/mul_r_q_reg[9]. 8 registers were pushed out.
INFO: [Physopt 32-665] Processed cell u_mac_array/mul_g_q_reg[9]. 8 registers were pushed out.
INFO: [Physopt 32-665] Processed cell p_1_out__11. 8 registers were pushed out.
INFO: [Physopt 32-665] Processed cell u_mac_array/mul_b_q_reg[18]. 8 registers were pushed out.
INFO: [Physopt 32-665] Processed cell p_1_out__18. 8 registers were pushed out.
INFO: [Physopt 32-665] Processed cell u_mac_array/sub_r_q_reg[4]. 8 registers were pushed out.
INFO: [Physopt 32-665] Processed cell p_1_out__2. 8 registers were pushed out.
INFO: [Physopt 32-775] End 2 Pass. Optimized 15 nets or cells. Created 120 new cells, deleted 0 existing cell and moved 0 existing cell
Netlist sorting complete. Time (s): cpu = 00:00:00 ; elapsed = 00:00:00.039 . Memory (MB): peak = 2509.816 ; gain = 0.000
INFO: [Physopt 32-1123] No candidate cells found for Shift Register to Pipeline optimization
INFO: [Physopt 32-775] End 2 Pass. Optimized 0 net or cell. Created 0 new cell, deleted 0 existing cell and moved 0 existing cell
INFO: [Physopt 32-1401] No candidate cells found for Shift Register optimization.
INFO: [Physopt 32-677] No candidate cells for Shift Register optimization found in the design
INFO: [Physopt 32-775] End 1 Pass. Optimized 0 net or cell. Created 0 new cell, deleted 0 existing cell and moved 0 existing cell
INFO: [Physopt 32-526] No candidate cells for BRAM register optimization found in the design
INFO: [Physopt 32-775] End 1 Pass. Optimized 0 net or cell. Created 0 new cell, deleted 0 existing cell and moved 0 existing cell
INFO: [Physopt 32-846] No candidate cells for URAM register optimization found in the design
INFO: [Physopt 32-775] End 1 Pass. Optimized 0 net or cell. Created 0 new cell, deleted 0 existing cell and moved 0 existing cell
INFO: [Physopt 32-846] No candidate cells for URAM register optimization found in the design
INFO: [Physopt 32-775] End 1 Pass. Optimized 0 net or cell. Created 0 new cell, deleted 0 existing cell and moved 0 existing cell
INFO: [Physopt 32-949] No candidate nets found for dynamic/static region interface net replication
INFO: [Physopt 32-775] End 1 Pass. Optimized 0 net or cell. Created 0 new cell, deleted 0 existing cell and moved 0 existing cell
Netlist sorting complete. Time (s): cpu = 00:00:00 ; elapsed = 00:00:00.002 . Memory (MB): peak = 2509.816 ; gain = 0.000

Summary of Physical Synthesis Optimizations
============================================


-----------------------------------------------------------------------------------------------------------------------------------------------------------
|  Optimization                                     |  Added Cells  |  Removed Cells  |  Optimized Cells/Nets  |  Dont Touch  |  Iterations  |  Elapsed   |
-----------------------------------------------------------------------------------------------------------------------------------------------------------
|  LUT Combining                                    |            0  |             22  |                    22  |           0  |           1  |  00:00:00  |
|  Retime                                           |            0  |              0  |                     0  |           0  |           1  |  00:00:00  |
|  Very High Fanout                                 |            0  |              0  |                     0  |           0  |           1  |  00:00:00  |
|  Fanout                                           |            6  |              0  |                     1  |           0  |           1  |  00:00:00  |
|  DSP Register                                     |          120  |              0  |                    15  |           0  |           1  |  00:00:02  |
|  Shift Register to Pipeline                       |            0  |              0  |                     0  |           0  |           1  |  00:00:00  |
|  Shift Register                                   |            0  |              0  |                     0  |           0  |           1  |  00:00:00  |
|  BRAM Register                                    |            0  |              0  |                     0  |           0  |           1  |  00:00:00  |
|  URAM Register                                    |            0  |              0  |                     0  |           0  |           1  |  00:00:00  |
|  Dynamic/Static Region Interface Net Replication  |            0  |              0  |                     0  |           0  |           1  |  00:00:00  |
|  Total                                            |          126  |             22  |                    38  |           0  |          10  |  00:00:02  |
-----------------------------------------------------------------------------------------------------------------------------------------------------------


Phase 2.4.2 Physical Synthesis In Placer | Checksum: 230b23054

Time (s): cpu = 00:00:33 ; elapsed = 00:00:20 . Memory (MB): peak = 2509.816 ; gain = 52.738
Phase 2.4 Global Placement Core | Checksum: 19d89448e

Time (s): cpu = 00:00:33 ; elapsed = 00:00:20 . Memory (MB): peak = 2509.816 ; gain = 52.738
Phase 2 Global Placement | Checksum: 19d89448e

Time (s): cpu = 00:00:33 ; elapsed = 00:00:20 . Memory (MB): peak = 2509.816 ; gain = 52.738

Phase 3 Detail Placement

Phase 3.1 Commit Multi Column Macros
Phase 3.1 Commit Multi Column Macros | Checksum: 200363f3f

Time (s): cpu = 00:00:35 ; elapsed = 00:00:21 . Memory (MB): peak = 2509.816 ; gain = 52.738

Phase 3.2 Commit Most Macros & LUTRAMs
Phase 3.2 Commit Most Macros & LUTRAMs | Checksum: 120749859

Time (s): cpu = 00:00:37 ; elapsed = 00:00:22 . Memory (MB): peak = 2509.816 ; gain = 52.738

Phase 3.3 Area Swap Optimization
Phase 3.3 Area Swap Optimization | Checksum: 149f01d2c

Time (s): cpu = 00:00:37 ; elapsed = 00:00:22 . Memory (MB): peak = 2509.816 ; gain = 52.738

Phase 3.4 Pipeline Register Optimization
Phase 3.4 Pipeline Register Optimization | Checksum: 1789309e2

Time (s): cpu = 00:00:37 ; elapsed = 00:00:23 . Memory (MB): peak = 2509.816 ; gain = 52.738

Phase 3.5 Fast Optimization
Phase 3.5 Fast Optimization | Checksum: 1a59780d3

Time (s): cpu = 00:00:41 ; elapsed = 00:00:24 . Memory (MB): peak = 2509.816 ; gain = 52.738

Phase 3.6 Small Shape Detail Placement
Phase 3.6 Small Shape Detail Placement | Checksum: 1875b4eeb

Time (s): cpu = 00:00:42 ; elapsed = 00:00:25 . Memory (MB): peak = 2509.816 ; gain = 52.738

Phase 3.7 Re-assign LUT pins
Phase 3.7 Re-assign LUT pins | Checksum: 1e081ad29

Time (s): cpu = 00:00:42 ; elapsed = 00:00:25 . Memory (MB): peak = 2509.816 ; gain = 52.738

Phase 3.8 Pipeline Register Optimization
Phase 3.8 Pipeline Register Optimization | Checksum: 14edc0017

Time (s): cpu = 00:00:42 ; elapsed = 00:00:25 . Memory (MB): peak = 2509.816 ; gain = 52.738
Phase 3 Detail Placement | Checksum: 14edc0017

Time (s): cpu = 00:00:42 ; elapsed = 00:00:25 . Memory (MB): peak = 2509.816 ; gain = 52.738

Phase 4 Post Placement Optimization and Clean-Up

Phase 4.1 Post Commit Optimization
INFO: [Timing 38-35] Done setting XDC timing constraints.

Phase 4.1.1 Post Placement Optimization
Post Placement Optimization Initialization | Checksum: 1dd033304

Phase 4.1.1.1 BUFG Insertion

Starting Physical Synthesis Task

Phase 1 Physical Synthesis Initialization
INFO: [Physopt 32-721] Multithreading enabled for phys_opt_design using a maximum of 4 CPUs
INFO: [Physopt 32-619] Estimated Timing Summary | WNS=-0.352 | TNS=-0.630 |
Phase 1 Physical Synthesis Initialization | Checksum: 21a8a8eb3

Time (s): cpu = 00:00:01 ; elapsed = 00:00:00.478 . Memory (MB): peak = 2512.652 ; gain = 0.000
INFO: [Place 46-56] BUFG insertion identified 0 candidate nets. Inserted BUFG: 0, Replicated BUFG Driver: 0, Skipped due to Placement/Routing Conflicts: 0, Skipped due to Timing Degradation: 0, Skipped due to netlist editing failed: 0.
Ending Physical Synthesis Task | Checksum: 21a8a8eb3

Time (s): cpu = 00:00:01 ; elapsed = 00:00:00.659 . Memory (MB): peak = 2512.652 ; gain = 0.000
Phase 4.1.1.1 BUFG Insertion | Checksum: 1dd033304

Time (s): cpu = 00:00:48 ; elapsed = 00:00:28 . Memory (MB): peak = 2512.652 ; gain = 55.574

Phase 4.1.1.2 Post Placement Timing Optimization
INFO: [Place 30-746] Post Placement Timing Summary WNS=0.356. For the most accurate timing information please run report_timing.
Phase 4.1.1.2 Post Placement Timing Optimization | Checksum: 1c65365e9

Time (s): cpu = 00:01:27 ; elapsed = 00:01:04 . Memory (MB): peak = 2512.652 ; gain = 55.574

Time (s): cpu = 00:01:27 ; elapsed = 00:01:04 . Memory (MB): peak = 2512.652 ; gain = 55.574
Phase 4.1 Post Commit Optimization | Checksum: 1c65365e9

Time (s): cpu = 00:01:27 ; elapsed = 00:01:04 . Memory (MB): peak = 2512.652 ; gain = 55.574

Phase 4.2 Post Placement Cleanup
Phase 4.2 Post Placement Cleanup | Checksum: 1c65365e9

Time (s): cpu = 00:01:27 ; elapsed = 00:01:05 . Memory (MB): peak = 2512.652 ; gain = 55.574

Phase 4.3 Placer Reporting

Phase 4.3.1 Print Estimated Congestion
INFO: [Place 30-612] Post-Placement Estimated Congestion 
 ____________________________________________________
|           | Global Congestion | Short Congestion  |
| Direction | Region Size       | Region Size       |
|___________|___________________|___________________|
|      North|                1x1|                1x1|
|___________|___________________|___________________|
|      South|                2x2|                1x1|
|___________|___________________|___________________|
|       East|                1x1|                1x1|
|___________|___________________|___________________|
|       West|                1x1|                1x1|
|___________|___________________|___________________|

Phase 4.3.1 Print Estimated Congestion | Checksum: 1c65365e9

Time (s): cpu = 00:01:27 ; elapsed = 00:01:05 . Memory (MB): peak = 2512.652 ; gain = 55.574
Phase 4.3 Placer Reporting | Checksum: 1c65365e9

Time (s): cpu = 00:01:27 ; elapsed = 00:01:05 . Memory (MB): peak = 2512.652 ; gain = 55.574

Phase 4.4 Final Placement Cleanup
Netlist sorting complete. Time (s): cpu = 00:00:00 ; elapsed = 00:00:00.003 . Memory (MB): peak = 2512.652 ; gain = 0.000

Time (s): cpu = 00:01:27 ; elapsed = 00:01:05 . Memory (MB): peak = 2512.652 ; gain = 55.574
Phase 4 Post Placement Optimization and Clean-Up | Checksum: 216ebdd04

Time (s): cpu = 00:01:28 ; elapsed = 00:01:05 . Memory (MB): peak = 2512.652 ; gain = 55.574
Ending Placer Task | Checksum: 13adae724

Time (s): cpu = 00:01:28 ; elapsed = 00:01:05 . Memory (MB): peak = 2512.652 ; gain = 55.574
99 Infos, 1 Warnings, 0 Critical Warnings and 0 Errors encountered.
place_design completed successfully
place_design: Time (s): cpu = 00:01:30 ; elapsed = 00:01:06 . Memory (MB): peak = 2512.652 ; gain = 57.805
INFO: [runtcl-4] Executing : report_io -file top_convolution_io_placed.rpt
report_io: Time (s): cpu = 00:00:00 ; elapsed = 00:00:00.116 . Memory (MB): peak = 2512.652 ; gain = 0.000
INFO: [runtcl-4] Executing : report_utilization -file top_convolution_utilization_placed.rpt -pb top_convolution_utilization_placed.pb
INFO: [runtcl-4] Executing : report_control_sets -verbose -file top_convolution_control_sets_placed.rpt
report_control_sets: Time (s): cpu = 00:00:00 ; elapsed = 00:00:00.020 . Memory (MB): peak = 2512.652 ; gain = 0.000
INFO: [Timing 38-480] Writing timing data to binary archive.
Write ShapeDB Complete: Time (s): cpu = 00:00:00 ; elapsed = 00:00:00.021 . Memory (MB): peak = 2522.605 ; gain = 6.945
Wrote PlaceDB: Time (s): cpu = 00:00:01 ; elapsed = 00:00:00.557 . Memory (MB): peak = 2522.605 ; gain = 5.980
Wrote PulsedLatchDB: Time (s): cpu = 00:00:00 ; elapsed = 00:00:00 . Memory (MB): peak = 2522.605 ; gain = 0.000
Writing XDEF routing.
Writing XDEF routing logical nets.
Writing XDEF routing special nets.
Wrote RouteStorage: Time (s): cpu = 00:00:00 ; elapsed = 00:00:00.021 . Memory (MB): peak = 2522.605 ; gain = 0.000
Wrote Netlist Cache: Time (s): cpu = 00:00:00 ; elapsed = 00:00:00.010 . Memory (MB): peak = 2522.605 ; gain = 0.000
Wrote Device Cache: Time (s): cpu = 00:00:00 ; elapsed = 00:00:00.010 . Memory (MB): peak = 2522.605 ; gain = 0.000
Write Physdb Complete: Time (s): cpu = 00:00:01 ; elapsed = 00:00:00.608 . Memory (MB): peak = 2522.605 ; gain = 6.945
INFO: [Common 17-1381] The checkpoint 'E:/PROJECTS/convolution_fpga/vivado_project/fmax_sweep_refine2/147MHz/project/fmax_147.runs/impl_1/top_convolution_placed.dcp' has been generated.
Command: phys_opt_design -directive AggressiveExplore
Attempting to get a license for feature 'Implementation' and/or device 'xc7a100t'
INFO: [Common 17-349] Got license for feature 'Implementation' and/or device 'xc7a100t'
INFO: [Vivado_Tcl 4-137] Directive used for phys_opt_design is: AggressiveExplore

Starting Initial Update Timing Task

Time (s): cpu = 00:00:04 ; elapsed = 00:00:02 . Memory (MB): peak = 2531.559 ; gain = 8.953
INFO: [Vivado_Tcl 4-383] Design worst setup slack (WNS) is greater than or equal to 0.000 ns. Skipping all physical synthesis optimizations.
INFO: [Vivado_Tcl 4-232] No setup violation found. The netlist was not modified.
INFO: [Common 17-83] Releasing license: Implementation
109 Infos, 1 Warnings, 0 Critical Warnings and 0 Errors encountered.
phys_opt_design completed successfully
INFO: [Timing 38-480] Writing timing data to binary archive.
Write ShapeDB Complete: Time (s): cpu = 00:00:00 ; elapsed = 00:00:00.021 . Memory (MB): peak = 2555.379 ; gain = 5.969
Wrote PlaceDB: Time (s): cpu = 00:00:01 ; elapsed = 00:00:00.440 . Memory (MB): peak = 2555.379 ; gain = 5.965
Wrote PulsedLatchDB: Time (s): cpu = 00:00:00 ; elapsed = 00:00:00 . Memory (MB): peak = 2555.379 ; gain = 0.000
Writing XDEF routing.
Writing XDEF routing logical nets.
Writing XDEF routing special nets.
Wrote RouteStorage: Time (s): cpu = 00:00:00 ; elapsed = 00:00:00.020 . Memory (MB): peak = 2555.379 ; gain = 0.000
Wrote Netlist Cache: Time (s): cpu = 00:00:00 ; elapsed = 00:00:00.007 . Memory (MB): peak = 2555.379 ; gain = 0.000
Wrote Device Cache: Time (s): cpu = 00:00:00 ; elapsed = 00:00:00.007 . Memory (MB): peak = 2555.379 ; gain = 0.000
Write Physdb Complete: Time (s): cpu = 00:00:01 ; elapsed = 00:00:00.484 . Memory (MB): peak = 2555.379 ; gain = 5.969
INFO: [Common 17-1381] The checkpoint 'E:/PROJECTS/convolution_fpga/vivado_project/fmax_sweep_refine2/147MHz/project/fmax_147.runs/impl_1/top_convolution_physopt.dcp' has been generated.
Command: route_design -directive Explore
Attempting to get a license for feature 'Implementation' and/or device 'xc7a100t'
INFO: [Common 17-349] Got license for feature 'Implementation' and/or device 'xc7a100t'
Running DRC as a precondition to command route_design
INFO: [DRC 23-27] Running DRC with 4 threads
INFO: [Vivado_Tcl 4-198] DRC finished with 0 Errors
INFO: [Vivado_Tcl 4-199] Please refer to the DRC report (report_drc) for more information.


Starting Routing Task
INFO: [Route 35-270] Using Router directive 'Explore'.
INFO: [Route 35-254] Multithreading enabled for route_design using a maximum of 8 CPUs

Phase 1 Build RT Design
Checksum: PlaceDB: 6c14d2cb ConstDB: 0 ShapeSum: cec61459 RouteDB: 0
Post Restoration Checksum: NetGraph: ddbb1838 | NumContArr: 679e87c8 | Constraints: c2a8fa9d | Timing: c2a8fa9d
Phase 1 Build RT Design | Checksum: 2caab953a

Time (s): cpu = 00:00:36 ; elapsed = 00:00:29 . Memory (MB): peak = 2705.484 ; gain = 129.922

Phase 2 Router Initialization

Phase 2.1 Fix Topology Constraints
Phase 2.1 Fix Topology Constraints | Checksum: 2caab953a

Time (s): cpu = 00:00:36 ; elapsed = 00:00:29 . Memory (MB): peak = 2705.484 ; gain = 129.922

Phase 2.2 Pre Route Cleanup
Phase 2.2 Pre Route Cleanup | Checksum: 2caab953a

Time (s): cpu = 00:00:36 ; elapsed = 00:00:29 . Memory (MB): peak = 2705.484 ; gain = 129.922
 Number of Nodes with overlaps = 0

Phase 2.3 Update Timing
Phase 2.3 Update Timing | Checksum: 25d24eb51

Time (s): cpu = 00:00:42 ; elapsed = 00:00:32 . Memory (MB): peak = 2765.098 ; gain = 189.535
INFO: [Route 35-416] Intermediate Timing Summary | WNS=0.405  | TNS=0.000  | WHS=-0.192 | THS=-207.578|


Router Utilization Summary
  Global Vertical Routing Utilization    = 0 %
  Global Horizontal Routing Utilization  = 0 %
  Routable Net Status*
  *Does not include unroutable nets such as driverless and loadless.
  Run report_route_status for detailed report.
  Number of Failed Nets               = 6142
    (Failed Nets is the sum of unrouted and partially routed nets)
  Number of Unrouted Nets             = 6142
  Number of Partially Routed Nets     = 0
  Number of Node Overlaps             = 0

Phase 2 Router Initialization | Checksum: 2356a154d

Time (s): cpu = 00:00:45 ; elapsed = 00:00:33 . Memory (MB): peak = 2819.805 ; gain = 244.242

Phase 3 Initial Routing

Phase 3.1 Global Routing
Phase 3.1 Global Routing | Checksum: 2356a154d

Time (s): cpu = 00:00:45 ; elapsed = 00:00:33 . Memory (MB): peak = 2819.805 ; gain = 244.242

Phase 3.2 Initial Net Routing
Phase 3.2 Initial Net Routing | Checksum: 26de38543

Time (s): cpu = 00:01:04 ; elapsed = 00:00:39 . Memory (MB): peak = 2923.980 ; gain = 348.418
Phase 3 Initial Routing | Checksum: 26de38543

Time (s): cpu = 00:01:04 ; elapsed = 00:00:39 . Memory (MB): peak = 2923.980 ; gain = 348.418

Phase 4 Rip-up And Reroute

Phase 4.1 Global Iteration 0
 Number of Nodes with overlaps = 627
 Number of Nodes with overlaps = 220
 Number of Nodes with overlaps = 133
 Number of Nodes with overlaps = 47
 Number of Nodes with overlaps = 24
 Number of Nodes with overlaps = 17
 Number of Nodes with overlaps = 5
 Number of Nodes with overlaps = 1
 Number of Nodes with overlaps = 0
INFO: [Route 35-416] Intermediate Timing Summary | WNS=-0.625 | TNS=-36.392| WHS=N/A    | THS=N/A    |

Phase 4.1 Global Iteration 0 | Checksum: 194bc3d2e

Time (s): cpu = 00:01:25 ; elapsed = 00:00:52 . Memory (MB): peak = 2923.980 ; gain = 348.418

Phase 4.2 Global Iteration 1
 Number of Nodes with overlaps = 41
 Number of Nodes with overlaps = 13
 Number of Nodes with overlaps = 7
 Number of Nodes with overlaps = 5
 Number of Nodes with overlaps = 2
 Number of Nodes with overlaps = 1
 Number of Nodes with overlaps = 0
INFO: [Route 35-416] Intermediate Timing Summary | WNS=-0.277 | TNS=-11.967| WHS=N/A    | THS=N/A    |

Phase 4.2 Global Iteration 1 | Checksum: 21b8b4245

Time (s): cpu = 00:01:31 ; elapsed = 00:00:57 . Memory (MB): peak = 2923.980 ; gain = 348.418

Phase 4.3 Global Iteration 2
 Number of Nodes with overlaps = 102
 Number of Nodes with overlaps = 126
 Number of Nodes with overlaps = 36
 Number of Nodes with overlaps = 22
 Number of Nodes with overlaps = 15
 Number of Nodes with overlaps = 9
 Number of Nodes with overlaps = 7
 Number of Nodes with overlaps = 5
 Number of Nodes with overlaps = 2
 Number of Nodes with overlaps = 1
 Number of Nodes with overlaps = 1
 Number of Nodes with overlaps = 1
 Number of Nodes with overlaps = 0
INFO: [Route 35-416] Intermediate Timing Summary | WNS=-0.132 | TNS=-1.448 | WHS=N/A    | THS=N/A    |

Phase 4.3 Global Iteration 2 | Checksum: 1ccffac6e

Time (s): cpu = 00:01:43 ; elapsed = 00:01:07 . Memory (MB): peak = 2923.980 ; gain = 348.418

Phase 4.4 Global Iteration 3
 Number of Nodes with overlaps = 380
 Number of Nodes with overlaps = 209
 Number of Nodes with overlaps = 160
 Number of Nodes with overlaps = 90
 Number of Nodes with overlaps = 40
 Number of Nodes with overlaps = 38
 Number of Nodes with overlaps = 18
 Number of Nodes with overlaps = 13
 Number of Nodes with overlaps = 9
 Number of Nodes with overlaps = 6
 Number of Nodes with overlaps = 6
 Number of Nodes with overlaps = 3
 Number of Nodes with overlaps = 3
 Number of Nodes with overlaps = 3
 Number of Nodes with overlaps = 1
 Number of Nodes with overlaps = 1
 Number of Nodes with overlaps = 1
 Number of Nodes with overlaps = 0
INFO: [Route 35-416] Intermediate Timing Summary | WNS=-0.181 | TNS=-1.381 | WHS=N/A    | THS=N/A    |

Phase 4.4 Global Iteration 3 | Checksum: 1403d9c2e

Time (s): cpu = 00:02:21 ; elapsed = 00:01:35 . Memory (MB): peak = 2923.980 ; gain = 348.418
Phase 4 Rip-up And Reroute | Checksum: 1403d9c2e

Time (s): cpu = 00:02:21 ; elapsed = 00:01:35 . Memory (MB): peak = 2923.980 ; gain = 348.418

Phase 5 Delay and Skew Optimization

Phase 5.1 Delay CleanUp

Phase 5.1.1 Update Timing
Phase 5.1.1 Update Timing | Checksum: 1380caa0f

Time (s): cpu = 00:02:22 ; elapsed = 00:01:36 . Memory (MB): peak = 2923.980 ; gain = 348.418
INFO: [Route 35-416] Intermediate Timing Summary | WNS=-0.071 | TNS=-0.451 | WHS=N/A    | THS=N/A    |

 Number of Nodes with overlaps = 0
Phase 5.1 Delay CleanUp | Checksum: 16f93df47

Time (s): cpu = 00:02:22 ; elapsed = 00:01:36 . Memory (MB): peak = 2923.980 ; gain = 348.418

Phase 5.2 Clock Skew Optimization
Phase 5.2 Clock Skew Optimization | Checksum: 16f93df47

Time (s): cpu = 00:02:22 ; elapsed = 00:01:36 . Memory (MB): peak = 2923.980 ; gain = 348.418
Phase 5 Delay and Skew Optimization | Checksum: 16f93df47

Time (s): cpu = 00:02:22 ; elapsed = 00:01:36 . Memory (MB): peak = 2923.980 ; gain = 348.418

Phase 6 Post Hold Fix

Phase 6.1 Hold Fix Iter

Phase 6.1.1 Update Timing
Phase 6.1.1 Update Timing | Checksum: 180877c3f

Time (s): cpu = 00:02:24 ; elapsed = 00:01:36 . Memory (MB): peak = 2923.980 ; gain = 348.418
INFO: [Route 35-416] Intermediate Timing Summary | WNS=-0.071 | TNS=-0.357 | WHS=0.099  | THS=0.000  |

Phase 6.1 Hold Fix Iter | Checksum: 180877c3f

Time (s): cpu = 00:02:24 ; elapsed = 00:01:36 . Memory (MB): peak = 2923.980 ; gain = 348.418
Phase 6 Post Hold Fix | Checksum: 180877c3f

Time (s): cpu = 00:02:24 ; elapsed = 00:01:36 . Memory (MB): peak = 2923.980 ; gain = 348.418

Phase 7 Timing Verification

Phase 7.1 Update Timing
Phase 7.1 Update Timing | Checksum: 180f47a8d

Time (s): cpu = 00:02:26 ; elapsed = 00:01:37 . Memory (MB): peak = 2923.980 ; gain = 348.418
INFO: [Route 35-416] Intermediate Timing Summary | WNS=-0.071 | TNS=-0.358 | WHS=N/A    | THS=N/A    |

Phase 7 Timing Verification | Checksum: 180f47a8d

Time (s): cpu = 00:02:26 ; elapsed = 00:01:37 . Memory (MB): peak = 2923.980 ; gain = 348.418

Phase 8 Route finalize

Router Utilization Summary
  Global Vertical Routing Utilization    = 3.10998 %
  Global Horizontal Routing Utilization  = 2.30051 %
  Routable Net Status*
  *Does not include unroutable nets such as driverless and loadless.
  Run report_route_status for detailed report.
  Number of Failed Nets               = 0
    (Failed Nets is the sum of unrouted and partially routed nets)
  Number of Unrouted Nets             = 0
  Number of Partially Routed Nets     = 0
  Number of Node Overlaps             = 0


--GLOBAL Congestion:
Utilization threshold used for congestion level computation: 0.85
Congestion Report
North Dir 1x1 Area, Max Cong = 90.0901%, Congestion bounded by tiles (Lower Left Tile -> Upper Right Tile):
   INT_R_X35Y108 -> INT_R_X35Y108
South Dir 1x1 Area, Max Cong = 78.3784%, No Congested Regions.
East Dir 1x1 Area, Max Cong = 66.1765%, No Congested Regions.
West Dir 1x1 Area, Max Cong = 58.8235%, No Congested Regions.

------------------------------
Reporting congestion hotspots
------------------------------
Direction: North
----------------
Congested clusters found at Level 0
Effective congestion level: 0 Aspect Ratio: 1 Sparse Ratio: 1
Direction: South
----------------
Congested clusters found at Level 0
Effective congestion level: 0 Aspect Ratio: 1 Sparse Ratio: 0
Direction: East
----------------
Congested clusters found at Level 0
Effective congestion level: 0 Aspect Ratio: 1 Sparse Ratio: 0
Direction: West
----------------
Congested clusters found at Level 0
Effective congestion level: 0 Aspect Ratio: 1 Sparse Ratio: 0

Phase 8 Route finalize | Checksum: 180f47a8d

Time (s): cpu = 00:02:26 ; elapsed = 00:01:37 . Memory (MB): peak = 2923.980 ; gain = 348.418

Phase 9 Verifying routed nets

 Verification completed successfully
Phase 9 Verifying routed nets | Checksum: 180f47a8d

Time (s): cpu = 00:02:26 ; elapsed = 00:01:37 . Memory (MB): peak = 2923.980 ; gain = 348.418

Phase 10 Depositing Routes
Phase 10 Depositing Routes | Checksum: 128971da3

Time (s): cpu = 00:02:26 ; elapsed = 00:01:37 . Memory (MB): peak = 2923.980 ; gain = 348.418

Phase 11 Incr Placement Change
Netlist sorting complete. Time (s): cpu = 00:00:00 ; elapsed = 00:00:00.002 . Memory (MB): peak = 2923.980 ; gain = 0.000
INFO: [Place 30-746] Post Placement Timing Summary WNS=-0.067. For the most accurate timing information please run report_timing.
Ending IncrPlace Task | Checksum: 15986f562

Time (s): cpu = 00:00:12 ; elapsed = 00:00:07 . Memory (MB): peak = 2923.980 ; gain = 0.000
Google Cpuprofiler is only supported on Linux.
Phase 11 Incr Placement Change | Checksum: 15986f562

Time (s): cpu = 00:02:38 ; elapsed = 00:01:44 . Memory (MB): peak = 2923.980 ; gain = 348.418

Phase 12 Build RT Design
Checksum: PlaceDB: 77ae1db7 ConstDB: 0 ShapeSum: 63e51189 RouteDB: 7df3c622
Post Restoration Checksum: NetGraph: c4168411 | NumContArr: 884bc1f6 | Constraints: c2a8fa9d | Timing: c2a8fa9d
Phase 12 Build RT Design | Checksum: 2d1b43b41

Time (s): cpu = 00:02:42 ; elapsed = 00:01:46 . Memory (MB): peak = 2923.980 ; gain = 348.418

Phase 13 Router Initialization

Phase 13.1 Fix Topology Constraints
Phase 13.1 Fix Topology Constraints | Checksum: 2d1b43b41

Time (s): cpu = 00:02:42 ; elapsed = 00:01:46 . Memory (MB): peak = 2923.980 ; gain = 348.418

Phase 13.2 Pre Route Cleanup
Phase 13.2 Pre Route Cleanup | Checksum: 2d1b43b41

Time (s): cpu = 00:02:43 ; elapsed = 00:01:46 . Memory (MB): peak = 2923.980 ; gain = 348.418

Phase 13.3 Timing Verification

Phase 13.3.1 Update Timing
Phase 13.3.1 Update Timing | Checksum: 1fda368c2

Time (s): cpu = 00:02:49 ; elapsed = 00:01:48 . Memory (MB): peak = 2923.980 ; gain = 348.418
INFO: [Route 35-416] Intermediate Timing Summary | WNS=-0.067 | TNS=-0.326 | WHS=0.098  | THS=0.000  |

Phase 13.3 Timing Verification | Checksum: 1fda368c2

Time (s): cpu = 00:02:49 ; elapsed = 00:01:48 . Memory (MB): peak = 2923.980 ; gain = 348.418
 Number of Nodes with overlaps = 0

Phase 13.4 Update Timing
Phase 13.4 Update Timing | Checksum: 1f700a404

Time (s): cpu = 00:02:56 ; elapsed = 00:01:51 . Memory (MB): peak = 2923.980 ; gain = 348.418
INFO: [Route 35-416] Intermediate Timing Summary | WNS=-0.133 | TNS=-1.367 | WHS=-0.192 | THS=-207.581|


Router Utilization Summary
  Global Vertical Routing Utilization    = 3.10998 %
  Global Horizontal Routing Utilization  = 2.30051 %
  Routable Net Status*
  *Does not include unroutable nets such as driverless and loadless.
  Run report_route_status for detailed report.
  Number of Failed Nets               = 0
    (Failed Nets is the sum of unrouted and partially routed nets)
  Number of Unrouted Nets             = 0
  Number of Partially Routed Nets     = 0
  Number of Node Overlaps             = 0

Phase 13 Router Initialization | Checksum: 26e144e15

Time (s): cpu = 00:03:00 ; elapsed = 00:01:53 . Memory (MB): peak = 2923.980 ; gain = 348.418

Phase 14 Initial Routing

Phase 14.1 Global Routing
Phase 14.1 Global Routing | Checksum: 26e144e15

Time (s): cpu = 00:03:00 ; elapsed = 00:01:53 . Memory (MB): peak = 2923.980 ; gain = 348.418

Phase 14.2 Initial Net Routing
 Number of Nodes with overlaps = 0
Phase 14.2 Initial Net Routing | Checksum: 26e144e15

Time (s): cpu = 00:03:00 ; elapsed = 00:01:53 . Memory (MB): peak = 2923.980 ; gain = 348.418
Phase 14 Initial Routing | Checksum: 26e144e15

Time (s): cpu = 00:03:00 ; elapsed = 00:01:53 . Memory (MB): peak = 2923.980 ; gain = 348.418
INFO: [Route 35-580] Design has 392 pins with tight setup and hold constraints.

The top 5 pins with tight setup and hold constraints:

+====================+===================+========================================================+
| Launch Setup Clock | Launch Hold Clock | Pin                                                    |
+====================+===================+========================================================+
| clk                | clk               | u_line_buffer/line1_reg_0_255_10_10/RAMS64E_C/ADR1     |
| clk                | clk               | u_line_buffer/line1_reg_0_255_10_10/RAMS64E_D/ADR1     |
| clk                | clk               | u_line_buffer/line0_reg_1024_1279_13_13/RAMS64E_B/ADR1 |
| clk                | clk               | u_line_buffer/line0_reg_1024_1279_13_13/RAMS64E_A/ADR1 |
| clk                | clk               | u_line_buffer/line0_reg_768_1023_13_13/RAMS64E_C/ADR0  |
+--------------------+-------------------+--------------------------------------------------------+

File with complete list of pins: tight_setup_hold_pins.txt


Phase 15 Rip-up And Reroute

Phase 15.1 Global Iteration 0
INFO: [Route 35-416] Intermediate Timing Summary | WNS=-0.131 | TNS=-1.322 | WHS=N/A    | THS=N/A    |

Phase 15.1 Global Iteration 0 | Checksum: 284f2849c

Time (s): cpu = 00:03:05 ; elapsed = 00:01:56 . Memory (MB): peak = 2923.980 ; gain = 348.418

Phase 15.2 Global Iteration 1
 Number of Nodes with overlaps = 301
 Number of Nodes with overlaps = 163
 Number of Nodes with overlaps = 127
 Number of Nodes with overlaps = 101
 Number of Nodes with overlaps = 68
 Number of Nodes with overlaps = 46
 Number of Nodes with overlaps = 18
 Number of Nodes with overlaps = 16
 Number of Nodes with overlaps = 8
 Number of Nodes with overlaps = 3
 Number of Nodes with overlaps = 1
 Number of Nodes with overlaps = 1
 Number of Nodes with overlaps = 0
INFO: [Route 35-416] Intermediate Timing Summary | WNS=-0.291 | TNS=-2.275 | WHS=N/A    | THS=N/A    |

Phase 15.2 Global Iteration 1 | Checksum: 1dea8cfeb

Time (s): cpu = 00:03:18 ; elapsed = 00:02:05 . Memory (MB): peak = 2923.980 ; gain = 348.418
Phase 15 Rip-up And Reroute | Checksum: 1dea8cfeb

Time (s): cpu = 00:03:18 ; elapsed = 00:02:05 . Memory (MB): peak = 2923.980 ; gain = 348.418

Phase 16 Delay and Skew Optimization

Phase 16.1 Delay CleanUp

Phase 16.1.1 Update Timing
Phase 16.1.1 Update Timing | Checksum: 1ca9bfb74

Time (s): cpu = 00:03:20 ; elapsed = 00:02:06 . Memory (MB): peak = 2923.980 ; gain = 348.418
INFO: [Route 35-416] Intermediate Timing Summary | WNS=-0.071 | TNS=-0.358 | WHS=N/A    | THS=N/A    |

 Number of Nodes with overlaps = 0
Phase 16.1 Delay CleanUp | Checksum: 25f0b05b8

Time (s): cpu = 00:03:20 ; elapsed = 00:02:06 . Memory (MB): peak = 2923.980 ; gain = 348.418

Phase 16.2 Clock Skew Optimization
Phase 16.2 Clock Skew Optimization | Checksum: 25f0b05b8

Time (s): cpu = 00:03:20 ; elapsed = 00:02:06 . Memory (MB): peak = 2923.980 ; gain = 348.418
Phase 16 Delay and Skew Optimization | Checksum: 25f0b05b8

Time (s): cpu = 00:03:20 ; elapsed = 00:02:06 . Memory (MB): peak = 2923.980 ; gain = 348.418

Phase 17 Post Hold Fix

Phase 17.1 Hold Fix Iter

Phase 17.1.1 Update Timing
Phase 17.1.1 Update Timing | Checksum: 22b0c4607

Time (s): cpu = 00:03:21 ; elapsed = 00:02:06 . Memory (MB): peak = 2923.980 ; gain = 348.418
INFO: [Route 35-416] Intermediate Timing Summary | WNS=-0.057 | TNS=-0.284 | WHS=0.099  | THS=0.000  |

Phase 17.1 Hold Fix Iter | Checksum: 22b0c4607

Time (s): cpu = 00:03:21 ; elapsed = 00:02:06 . Memory (MB): peak = 2923.980 ; gain = 348.418
Phase 17 Post Hold Fix | Checksum: 22b0c4607

Time (s): cpu = 00:03:21 ; elapsed = 00:02:06 . Memory (MB): peak = 2923.980 ; gain = 348.418

Phase 18 Timing Verification

Phase 18.1 Update Timing
Phase 18.1 Update Timing | Checksum: 25dcda75c

Time (s): cpu = 00:03:23 ; elapsed = 00:02:07 . Memory (MB): peak = 2923.980 ; gain = 348.418
INFO: [Route 35-416] Intermediate Timing Summary | WNS=-0.057 | TNS=-0.284 | WHS=N/A    | THS=N/A    |

Phase 18 Timing Verification | Checksum: 25dcda75c

Time (s): cpu = 00:03:23 ; elapsed = 00:02:07 . Memory (MB): peak = 2923.980 ; gain = 348.418

Phase 19 Route finalize

Router Utilization Summary
  Global Vertical Routing Utilization    = 3.11063 %
  Global Horizontal Routing Utilization  = 2.30051 %
  Routable Net Status*
  *Does not include unroutable nets such as driverless and loadless.
  Run report_route_status for detailed report.
  Number of Failed Nets               = 0
    (Failed Nets is the sum of unrouted and partially routed nets)
  Number of Unrouted Nets             = 0
  Number of Partially Routed Nets     = 0
  Number of Node Overlaps             = 0


--GLOBAL Congestion:
Utilization threshold used for congestion level computation: 0.85
Congestion Report
North Dir 1x1 Area, Max Cong = 90.0901%, Congestion bounded by tiles (Lower Left Tile -> Upper Right Tile):
   INT_R_X35Y108 -> INT_R_X35Y108
South Dir 1x1 Area, Max Cong = 78.3784%, No Congested Regions.
East Dir 1x1 Area, Max Cong = 66.1765%, No Congested Regions.
West Dir 1x1 Area, Max Cong = 58.8235%, No Congested Regions.

------------------------------
Reporting congestion hotspots
------------------------------
Direction: North
----------------
Congested clusters found at Level 0
Effective congestion level: 0 Aspect Ratio: 1 Sparse Ratio: 1
Direction: South
----------------
Congested clusters found at Level 0
Effective congestion level: 0 Aspect Ratio: 1 Sparse Ratio: 0
Direction: East
----------------
Congested clusters found at Level 0
Effective congestion level: 0 Aspect Ratio: 1 Sparse Ratio: 0
Direction: West
----------------
Congested clusters found at Level 0
Effective congestion level: 0 Aspect Ratio: 1 Sparse Ratio: 0

Phase 19 Route finalize | Checksum: 25dcda75c

Time (s): cpu = 00:03:23 ; elapsed = 00:02:07 . Memory (MB): peak = 2923.980 ; gain = 348.418

Phase 20 Verifying routed nets

 Verification completed successfully
Phase 20 Verifying routed nets | Checksum: 25dcda75c

Time (s): cpu = 00:03:23 ; elapsed = 00:02:07 . Memory (MB): peak = 2923.980 ; gain = 348.418

Phase 21 Depositing Routes
Phase 21 Depositing Routes | Checksum: 25dcda75c

Time (s): cpu = 00:03:24 ; elapsed = 00:02:07 . Memory (MB): peak = 2923.980 ; gain = 348.418

Phase 22 Post Router Timing
INFO: [Route 35-20] Post Routing Timing Summary | WNS=-0.054 | TNS=-0.253 | WHS=0.098  | THS=0.000  |

Phase 22 Post Router Timing | Checksum: 1fd723fcc

Time (s): cpu = 00:03:30 ; elapsed = 00:02:10 . Memory (MB): peak = 2923.980 ; gain = 348.418
CRITICAL WARNING: [Route 35-39] The design did not meet timing requirements. Please run report_timing_summary for detailed reports.
Resolution: Verify that the timing was met or had small violations at all previous steps (synthesis, placement, power_opt, and phys_opt). Run report_timing_summary and analyze individual timing paths.
INFO: [Route 35-253] TNS is the sum of the worst slack violation on every endpoint in the design. Review the paths with the biggest WNS violations in the timing reports and modify your constraints or your design to improve both WNS and TNS.
INFO: [Route 35-16] Router Completed Successfully

Phase 23 Post-Route Event Processing
Phase 23 Post-Route Event Processing | Checksum: 16481e9a2

Time (s): cpu = 00:03:31 ; elapsed = 00:02:10 . Memory (MB): peak = 2923.980 ; gain = 348.418
Ending Routing Task | Checksum: 16481e9a2

Time (s): cpu = 00:03:31 ; elapsed = 00:02:10 . Memory (MB): peak = 2923.980 ; gain = 348.418

Routing Is Done.
INFO: [Common 17-83] Releasing license: Implementation
138 Infos, 1 Warnings, 1 Critical Warnings and 0 Errors encountered.
route_design completed successfully
route_design: Time (s): cpu = 00:03:34 ; elapsed = 00:02:11 . Memory (MB): peak = 2923.980 ; gain = 368.602
INFO: [runtcl-4] Executing : report_drc -file top_convolution_drc_routed.rpt -pb top_convolution_drc_routed.pb -rpx top_convolution_drc_routed.rpx
Command: report_drc -file top_convolution_drc_routed.rpt -pb top_convolution_drc_routed.pb -rpx top_convolution_drc_routed.rpx
INFO: [IP_Flow 19-1839] IP Catalog is up to date.
INFO: [DRC 23-27] Running DRC with 4 threads
INFO: [Vivado_Tcl 2-168] The results of DRC are in file E:/PROJECTS/convolution_fpga/vivado_project/fmax_sweep_refine2/147MHz/project/fmax_147.runs/impl_1/top_convolution_drc_routed.rpt.
report_drc completed successfully
INFO: [runtcl-4] Executing : report_methodology -file top_convolution_methodology_drc_routed.rpt -pb top_convolution_methodology_drc_routed.pb -rpx top_convolution_methodology_drc_routed.rpx
Command: report_methodology -file top_convolution_methodology_drc_routed.rpt -pb top_convolution_methodology_drc_routed.pb -rpx top_convolution_methodology_drc_routed.rpx
INFO: [Timing 38-35] Done setting XDC timing constraints.
INFO: [DRC 23-133] Running Methodology with 4 threads
INFO: [Vivado_Tcl 2-1520] The results of Report Methodology are in file E:/PROJECTS/convolution_fpga/vivado_project/fmax_sweep_refine2/147MHz/project/fmax_147.runs/impl_1/top_convolution_methodology_drc_routed.rpt.
report_methodology completed successfully
INFO: [runtcl-4] Executing : report_power -file top_convolution_power_routed.rpt -pb top_convolution_power_summary_routed.pb -rpx top_convolution_power_routed.rpx
Command: report_power -file top_convolution_power_routed.rpt -pb top_convolution_power_summary_routed.pb -rpx top_convolution_power_routed.rpx
INFO: [Timing 38-35] Done setting XDC timing constraints.
Running Vector-less Activity Propagation...

Finished Running Vector-less Activity Propagation
148 Infos, 1 Warnings, 1 Critical Warnings and 0 Errors encountered.
report_power completed successfully
INFO: [runtcl-4] Executing : report_route_status -file top_convolution_route_status.rpt -pb top_convolution_route_status.pb
INFO: [runtcl-4] Executing : report_timing_summary -max_paths 10 -report_unconstrained -file top_convolution_timing_summary_routed.rpt -pb top_convolution_timing_summary_routed.pb -rpx top_convolution_timing_summary_routed.rpx -warn_on_violation 
INFO: [Timing 38-91] UpdateTimingParams: Speed grade: -1, Delay Type: min_max.
INFO: [Timing 38-191] Multithreading enabled for timing update using a maximum of 4 CPUs
CRITICAL WARNING: [Timing 38-282] The design failed to meet the timing requirements. Please see the timing summary report for details on the timing violations.
INFO: [runtcl-4] Executing : report_incremental_reuse -file top_convolution_incremental_reuse_routed.rpt
INFO: [Vivado_Tcl 4-1062] Incremental flow is disabled. No incremental reuse Info to report.
INFO: [runtcl-4] Executing : report_clock_utilization -file top_convolution_clock_utilization_routed.rpt
INFO: [runtcl-4] Executing : report_bus_skew -warn_on_violation -file top_convolution_bus_skew_routed.rpt -pb top_convolution_bus_skew_routed.pb -rpx top_convolution_bus_skew_routed.rpx
INFO: [Timing 38-91] UpdateTimingParams: Speed grade: -1, Delay Type: min_max.
INFO: [Timing 38-191] Multithreading enabled for timing update using a maximum of 4 CPUs
INFO: [Timing 38-480] Writing timing data to binary archive.
Write ShapeDB Complete: Time (s): cpu = 00:00:00 ; elapsed = 00:00:00.016 . Memory (MB): peak = 2923.980 ; gain = 0.000
Wrote PlaceDB: Time (s): cpu = 00:00:01 ; elapsed = 00:00:00.463 . Memory (MB): peak = 2923.980 ; gain = 0.000
Wrote PulsedLatchDB: Time (s): cpu = 00:00:00 ; elapsed = 00:00:00 . Memory (MB): peak = 2923.980 ; gain = 0.000
Writing XDEF routing.
Writing XDEF routing logical nets.
Writing XDEF routing special nets.
Wrote RouteStorage: Time (s): cpu = 00:00:01 ; elapsed = 00:00:00.091 . Memory (MB): peak = 2923.980 ; gain = 0.000
Wrote Netlist Cache: Time (s): cpu = 00:00:00 ; elapsed = 00:00:00.008 . Memory (MB): peak = 2923.980 ; gain = 0.000
Wrote Device Cache: Time (s): cpu = 00:00:00 ; elapsed = 00:00:00.006 . Memory (MB): peak = 2923.980 ; gain = 0.000
Write Physdb Complete: Time (s): cpu = 00:00:02 ; elapsed = 00:00:00.578 . Memory (MB): peak = 2923.980 ; gain = 0.000
INFO: [Common 17-1381] The checkpoint 'E:/PROJECTS/convolution_fpga/vivado_project/fmax_sweep_refine2/147MHz/project/fmax_147.runs/impl_1/top_convolution_routed.dcp' has been generated.
INFO: [Common 17-206] Exiting Vivado at Sun May 24 19:58:54 2026...
