Copyright 1986-2022 Xilinx, Inc. All Rights Reserved. Copyright 2022-2023 Advanced Micro Devices, Inc. All Rights Reserved.
---------------------------------------------------------------------------------------------------------------------------------------------
| Tool Version : Vivado v.2023.2 (win64) Build 4029153 Fri Oct 13 20:14:34 MDT 2023
| Date         : Sun May 24 19:42:41 2026
| Host         : DESKTOP-5BKHJFE running 64-bit major release  (build 9200)
| Command      : report_timing_summary -file E:/PROJECTS/convolution_fpga/vivado_project/fmax_sweep/150MHz/timing_post_route.rpt
| Design       : top_convolution
| Device       : 7a100t-csg324
| Speed File   : -1  PRODUCTION 1.23 2018-06-13
| Design State : Routed
---------------------------------------------------------------------------------------------------------------------------------------------

Timing Summary Report

------------------------------------------------------------------------------------------------
| Timer Settings
| --------------
------------------------------------------------------------------------------------------------

  Enable Multi Corner Analysis               :  Yes
  Enable Pessimism Removal                   :  Yes
  Pessimism Removal Resolution               :  Nearest Common Node
  Enable Input Delay Default Clock           :  No
  Enable Preset / Clear Arcs                 :  No
  Disable Flight Delays                      :  No
  Ignore I/O Paths                           :  No
  Timing Early Launch at Borrowing Latches   :  No
  Borrow Time for Max Delay Exceptions       :  Yes
  Merge Timing Exceptions                    :  Yes
  Inter-SLR Compensation                     :  Conservative

  Corner  Analyze    Analyze    
  Name    Max Paths  Min Paths  
  ------  ---------  ---------  
  Slow    Yes        Yes        
  Fast    Yes        Yes        


------------------------------------------------------------------------------------------------
| Report Methodology
| ------------------
------------------------------------------------------------------------------------------------

Rule       Severity  Description                                                Violations  
---------  --------  ---------------------------------------------------------  ----------  
SYNTH-5    Warning   Mapped onto distributed RAM because of timing constraints  504         
TIMING-18  Warning   Missing input or output delay                              73          

Note: This report is based on the most recent report_methodology run and may not be up-to-date. Run report_methodology on the current design for the latest report.



check_timing report

Table of Contents
-----------------
1. checking no_clock (0)
2. checking constant_clock (0)
3. checking pulse_width_clock (0)
4. checking unconstrained_internal_endpoints (0)
5. checking no_input_delay (48)
6. checking no_output_delay (25)
7. checking multiple_clock (0)
8. checking generated_clocks (0)
9. checking loops (0)
10. checking partial_input_delay (0)
11. checking partial_output_delay (0)
12. checking latch_loops (0)

1. checking no_clock (0)
------------------------
 There are 0 register/latch pins with no clock.


2. checking constant_clock (0)
------------------------------
 There are 0 register/latch pins with constant_clock.


3. checking pulse_width_clock (0)
---------------------------------
 There are 0 register/latch pins which need pulse_width check


4. checking unconstrained_internal_endpoints (0)
------------------------------------------------
 There are 0 pins that are not constrained for maximum delay.

 There are 0 pins that are not constrained for maximum delay due to constant clock.


5. checking no_input_delay (48)
-------------------------------
 There are 48 input ports with no input delay specified. (HIGH)

 There are 0 input ports with no input delay but user has a false path constraint.


6. checking no_output_delay (25)
--------------------------------
 There are 25 ports with no output delay specified. (HIGH)

 There are 0 ports with no output delay but user has a false path constraint

 There are 0 ports with no output delay but with a timing clock defined on it or propagating through it


7. checking multiple_clock (0)
------------------------------
 There are 0 register/latch pins with multiple clocks.


8. checking generated_clocks (0)
--------------------------------
 There are 0 generated clocks that are not connected to a clock source.


9. checking loops (0)
---------------------
 There are 0 combinational loops in the design.


10. checking partial_input_delay (0)
------------------------------------
 There are 0 input ports with partial input delay specified.


11. checking partial_output_delay (0)
-------------------------------------
 There are 0 ports with partial output delay specified.


12. checking latch_loops (0)
----------------------------
 There are 0 combinational latch loops in the design through latch input



------------------------------------------------------------------------------------------------
| Design Timing Summary
| ---------------------
------------------------------------------------------------------------------------------------

    WNS(ns)      TNS(ns)  TNS Failing Endpoints  TNS Total Endpoints      WHS(ns)      THS(ns)  THS Failing Endpoints  THS Total Endpoints     WPWS(ns)     TPWS(ns)  TPWS Failing Endpoints  TPWS Total Endpoints  
    -------      -------  ---------------------  -------------------      -------      -------  ---------------------  -------------------     --------     --------  ----------------------  --------------------  
     -0.246       -3.322                     50                25327        0.079        0.000                      0                25327        2.083        0.000                       0                  2850  


Timing constraints are not met.


------------------------------------------------------------------------------------------------
| Clock Summary
| -------------
------------------------------------------------------------------------------------------------

Clock  Waveform(ns)         Period(ns)      Frequency(MHz)
-----  ------------         ----------      --------------
clk    {0.000 3.333}        6.667           149.992         


------------------------------------------------------------------------------------------------
| Intra Clock Table
| -----------------
------------------------------------------------------------------------------------------------

Clock             WNS(ns)      TNS(ns)  TNS Failing Endpoints  TNS Total Endpoints      WHS(ns)      THS(ns)  THS Failing Endpoints  THS Total Endpoints     WPWS(ns)     TPWS(ns)  TPWS Failing Endpoints  TPWS Total Endpoints  
-----             -------      -------  ---------------------  -------------------      -------      -------  ---------------------  -------------------     --------     --------  ----------------------  --------------------  
clk                -0.246       -3.322                     50                25327        0.079        0.000                      0                25327        2.083        0.000                       0                  2850  


------------------------------------------------------------------------------------------------
| Inter Clock Table
| -----------------
------------------------------------------------------------------------------------------------

From Clock    To Clock          WNS(ns)      TNS(ns)  TNS Failing Endpoints  TNS Total Endpoints      WHS(ns)      THS(ns)  THS Failing Endpoints  THS Total Endpoints  
----------    --------          -------      -------  ---------------------  -------------------      -------      -------  ---------------------  -------------------  


------------------------------------------------------------------------------------------------
| Other Path Groups Table
| -----------------------
------------------------------------------------------------------------------------------------

Path Group    From Clock    To Clock          WNS(ns)      TNS(ns)  TNS Failing Endpoints  TNS Total Endpoints      WHS(ns)      THS(ns)  THS Failing Endpoints  THS Total Endpoints  
----------    ----------    --------          -------      -------  ---------------------  -------------------      -------      -------  ---------------------  -------------------  


------------------------------------------------------------------------------------------------
| Timing Details
| --------------
------------------------------------------------------------------------------------------------


---------------------------------------------------------------------------------------------------
From Clock:  clk
  To Clock:  clk

Setup :           50  Failing Endpoints,  Worst Slack       -0.246ns,  Total Violation       -3.322ns
Hold  :            0  Failing Endpoints,  Worst Slack        0.079ns,  Total Violation        0.000ns
PW    :            0  Failing Endpoints,  Worst Slack        2.083ns,  Total Violation        0.000ns
---------------------------------------------------------------------------------------------------


Max Delay Paths
--------------------------------------------------------------------------------------
Slack (VIOLATED) :        -0.246ns  (required time - arrival time)
  Source:                 u_line_buffer/x_count_reg[2]/C
                            (rising edge-triggered cell FDRE clocked by clk  {rise@0.000ns fall@3.333ns period=6.667ns})
  Destination:            u_line_buffer/line2_reg_0_255_15_15/RAMS64E_A/I
                            (rising edge-triggered cell RAMS64E clocked by clk  {rise@0.000ns fall@3.333ns period=6.667ns})
  Path Group:             clk
  Path Type:              Setup (Max at Slow Process Corner)
  Requirement:            6.667ns  (clk rise@6.667ns - clk rise@0.000ns)
  Data Path Delay:        6.042ns  (logic 1.462ns (24.199%)  route 4.580ns (75.801%))
  Logic Levels:           4  (LUT6=1 MUXF7=1 MUXF8=1 RAMS64E=1)
  Clock Path Skew:        -0.111ns (DCD - SCD + CPR)
    Destination Clock Delay (DCD):    4.319ns = ( 10.986 - 6.667 ) 
    Source Clock Delay      (SCD):    4.672ns
    Clock Pessimism Removal (CPR):    0.243ns
  Clock Uncertainty:      0.035ns  ((TSJ^2 + TIJ^2)^1/2 + DJ) / 2 + PE
    Total System Jitter     (TSJ):    0.071ns
    Total Input Jitter      (TIJ):    0.000ns
    Discrete Jitter          (DJ):    0.000ns
    Phase Error              (PE):    0.000ns

    Location             Delay type                Incr(ns)  Path(ns)    Netlist Resource(s)
  -------------------------------------------------------------------    -------------------
                         (clock clk rise edge)        0.000     0.000 r  
    N15                                               0.000     0.000 r  clk (IN)
                         net (fo=0)                   0.000     0.000    clk
    N15                  IBUF (Prop_ibuf_I_O)         0.948     0.948 r  clk_IBUF_inst/O
                         net (fo=1, routed)           2.016     2.963    clk_IBUF
    BUFGCTRL_X0Y0        BUFG (Prop_bufg_I_O)         0.096     3.059 r  clk_IBUF_BUFG_inst/O
                         net (fo=2849, routed)        1.613     4.672    u_line_buffer/clk_IBUF_BUFG
    SLICE_X57Y101        FDRE                                         r  u_line_buffer/x_count_reg[2]/C
  -------------------------------------------------------------------    -------------------
    SLICE_X57Y101        FDRE (Prop_fdre_C_Q)         0.419     5.091 r  u_line_buffer/x_count_reg[2]/Q
                         net (fo=1812, routed)        2.469     7.560    u_line_buffer/line1_reg_1536_1791_15_15/A2
    SLICE_X30Y81         RAMS64E (Prop_rams64e_ADR2_O)
                                                      0.379     7.939 r  u_line_buffer/line1_reg_1536_1791_15_15/RAMS64E_C/O
                         net (fo=1, routed)           0.000     7.939    u_line_buffer/line1_reg_1536_1791_15_15/OC
    SLICE_X30Y81         MUXF7 (Prop_muxf7_I1_O)      0.247     8.186 r  u_line_buffer/line1_reg_1536_1791_15_15/F7.B/O
                         net (fo=1, routed)           0.000     8.186    u_line_buffer/line1_reg_1536_1791_15_15/O0
    SLICE_X30Y81         MUXF8 (Prop_muxf8_I0_O)      0.098     8.284 r  u_line_buffer/line1_reg_1536_1791_15_15/F8/O
                         net (fo=1, routed)           0.981     9.265    u_line_buffer/line1_reg_1536_1791_15_15_n_0
    SLICE_X35Y88         LUT6 (Prop_lut6_I1_O)        0.319     9.584 r  u_line_buffer/sr2[4][15]_i_1/O
                         net (fo=33, routed)          1.131    10.715    u_line_buffer/line2_reg_0_255_15_15/D
    SLICE_X56Y93         RAMS64E                                      r  u_line_buffer/line2_reg_0_255_15_15/RAMS64E_A/I
  -------------------------------------------------------------------    -------------------

                         (clock clk rise edge)        6.667     6.667 r  
    N15                                               0.000     6.667 r  clk (IN)
                         net (fo=0)                   0.000     6.667    clk
    N15                  IBUF (Prop_ibuf_I_O)         0.814     7.481 r  clk_IBUF_inst/O
                         net (fo=1, routed)           1.911     9.392    clk_IBUF
    BUFGCTRL_X0Y0        BUFG (Prop_bufg_I_O)         0.091     9.483 r  clk_IBUF_BUFG_inst/O
                         net (fo=2849, routed)        1.502    10.986    u_line_buffer/line2_reg_0_255_15_15/WCLK
    SLICE_X56Y93         RAMS64E                                      r  u_line_buffer/line2_reg_0_255_15_15/RAMS64E_A/CLK
                         clock pessimism              0.243    11.229    
                         clock uncertainty           -0.035    11.193    
    SLICE_X56Y93         RAMS64E (Setup_rams64e_CLK_I)
                                                     -0.725    10.468    u_line_buffer/line2_reg_0_255_15_15/RAMS64E_A
  -------------------------------------------------------------------
                         required time                         10.468    
                         arrival time                         -10.715    
  -------------------------------------------------------------------
                         slack                                 -0.246    





Min Delay Paths
--------------------------------------------------------------------------------------
Slack (MET) :             0.079ns  (arrival time - required time)
  Source:                 u_line_buffer/x_count_reg[2]_replica_9/C
                            (rising edge-triggered cell FDRE clocked by clk  {rise@0.000ns fall@3.333ns period=6.667ns})
  Destination:            u_line_buffer/line0_reg_0_255_11_11/RAMS64E_A/ADR2
                            (rising edge-triggered cell RAMS64E clocked by clk  {rise@0.000ns fall@3.333ns period=6.667ns})
  Path Group:             clk
  Path Type:              Hold (Min at Fast Process Corner)
  Requirement:            0.000ns  (clk rise@0.000ns - clk rise@0.000ns)
  Data Path Delay:        0.604ns  (logic 0.141ns (23.336%)  route 0.463ns (76.664%))
  Logic Levels:           0  
  Clock Path Skew:        0.271ns (DCD - SCD - CPR)
    Destination Clock Delay (DCD):    1.925ns
    Source Clock Delay      (SCD):    1.407ns
    Clock Pessimism Removal (CPR):    0.246ns

    Location             Delay type                Incr(ns)  Path(ns)    Netlist Resource(s)
  -------------------------------------------------------------------    -------------------
                         (clock clk rise edge)        0.000     0.000 r  
    N15                                               0.000     0.000 r  clk (IN)
                         net (fo=0)                   0.000     0.000    clk
    N15                  IBUF (Prop_ibuf_I_O)         0.177     0.177 r  clk_IBUF_inst/O
                         net (fo=1, routed)           0.640     0.817    clk_IBUF
    BUFGCTRL_X0Y0        BUFG (Prop_bufg_I_O)         0.026     0.843 r  clk_IBUF_BUFG_inst/O
                         net (fo=2849, routed)        0.565     1.407    u_line_buffer/clk_IBUF_BUFG
    SLICE_X45Y101        FDRE                                         r  u_line_buffer/x_count_reg[2]_replica_9/C
  -------------------------------------------------------------------    -------------------
    SLICE_X45Y101        FDRE (Prop_fdre_C_Q)         0.141     1.548 r  u_line_buffer/x_count_reg[2]_replica_9/Q
                         net (fo=8, routed)           0.463     2.012    u_line_buffer/line0_reg_0_255_11_11/A2
    SLICE_X46Y99         RAMS64E                                      r  u_line_buffer/line0_reg_0_255_11_11/RAMS64E_A/ADR2
  -------------------------------------------------------------------    -------------------

                         (clock clk rise edge)        0.000     0.000 r  
    N15                                               0.000     0.000 r  clk (IN)
                         net (fo=0)                   0.000     0.000    clk
    N15                  IBUF (Prop_ibuf_I_O)         0.365     0.365 r  clk_IBUF_inst/O
                         net (fo=1, routed)           0.695     1.060    clk_IBUF
    BUFGCTRL_X0Y0        BUFG (Prop_bufg_I_O)         0.029     1.089 r  clk_IBUF_BUFG_inst/O
                         net (fo=2849, routed)        0.836     1.925    u_line_buffer/line0_reg_0_255_11_11/WCLK
    SLICE_X46Y99         RAMS64E                                      r  u_line_buffer/line0_reg_0_255_11_11/RAMS64E_A/CLK
                         clock pessimism             -0.246     1.678    
    SLICE_X46Y99         RAMS64E (Hold_rams64e_CLK_ADR2)
                                                      0.254     1.932    u_line_buffer/line0_reg_0_255_11_11/RAMS64E_A
  -------------------------------------------------------------------
                         required time                         -1.932    
                         arrival time                           2.012    
  -------------------------------------------------------------------
                         slack                                  0.079    





Pulse Width Checks
--------------------------------------------------------------------------------------
Clock Name:         clk
Waveform(ns):       { 0.000 3.333 }
Period(ns):         6.667
Sources:            { clk }

Check Type        Corner  Lib Pin      Reference Pin  Required(ns)  Actual(ns)  Slack(ns)  Location      Pin
Min Period        n/a     DSP48E1/CLK  n/a            3.884         6.667       2.783      DSP48_X0Y44   u_mac_array/mul_b_q_reg[15]/CLK
Low Pulse Width   Slow    RAMS64E/CLK  n/a            1.250         3.334       2.084      SLICE_X60Y82  u_line_buffer/line0_reg_0_127_0_0/HIGH/CLK
High Pulse Width  Slow    RAMS64E/CLK  n/a            1.250         3.333       2.083      SLICE_X60Y82  u_line_buffer/line0_reg_0_127_0_0/HIGH/CLK



