Copyright 1986-2022 Xilinx, Inc. All Rights Reserved. Copyright 2022-2023 Advanced Micro Devices, Inc. All Rights Reserved.
---------------------------------------------------------------------------------------------------------------------------------------------
| Tool Version : Vivado v.2023.2 (win64) Build 4029153 Fri Oct 13 20:14:34 MDT 2023
| Date         : Sun May 24 19:46:12 2026
| Host         : DESKTOP-5BKHJFE running 64-bit major release  (build 9200)
| Command      : report_timing_summary -file E:/PROJECTS/convolution_fpga/vivado_project/fmax_sweep/140MHz/timing_post_route.rpt
| Design       : top_convolution
| Device       : 7a100t-csg324
| Speed File   : -1  PRODUCTION 1.23 2018-06-13
| Design State : Routed
---------------------------------------------------------------------------------------------------------------------------------------------

Timing Summary Report

------------------------------------------------------------------------------------------------
| Timer Settings
| --------------
------------------------------------------------------------------------------------------------

  Enable Multi Corner Analysis               :  Yes
  Enable Pessimism Removal                   :  Yes
  Pessimism Removal Resolution               :  Nearest Common Node
  Enable Input Delay Default Clock           :  No
  Enable Preset / Clear Arcs                 :  No
  Disable Flight Delays                      :  No
  Ignore I/O Paths                           :  No
  Timing Early Launch at Borrowing Latches   :  No
  Borrow Time for Max Delay Exceptions       :  Yes
  Merge Timing Exceptions                    :  Yes
  Inter-SLR Compensation                     :  Conservative

  Corner  Analyze    Analyze    
  Name    Max Paths  Min Paths  
  ------  ---------  ---------  
  Slow    Yes        Yes        
  Fast    Yes        Yes        


------------------------------------------------------------------------------------------------
| Report Methodology
| ------------------
------------------------------------------------------------------------------------------------

Rule       Severity  Description                                                Violations  
---------  --------  ---------------------------------------------------------  ----------  
SYNTH-5    Warning   Mapped onto distributed RAM because of timing constraints  504         
TIMING-18  Warning   Missing input or output delay                              73          

Note: This report is based on the most recent report_methodology run and may not be up-to-date. Run report_methodology on the current design for the latest report.



check_timing report

Table of Contents
-----------------
1. checking no_clock (0)
2. checking constant_clock (0)
3. checking pulse_width_clock (0)
4. checking unconstrained_internal_endpoints (0)
5. checking no_input_delay (48)
6. checking no_output_delay (25)
7. checking multiple_clock (0)
8. checking generated_clocks (0)
9. checking loops (0)
10. checking partial_input_delay (0)
11. checking partial_output_delay (0)
12. checking latch_loops (0)

1. checking no_clock (0)
------------------------
 There are 0 register/latch pins with no clock.


2. checking constant_clock (0)
------------------------------
 There are 0 register/latch pins with constant_clock.


3. checking pulse_width_clock (0)
---------------------------------
 There are 0 register/latch pins which need pulse_width check


4. checking unconstrained_internal_endpoints (0)
------------------------------------------------
 There are 0 pins that are not constrained for maximum delay.

 There are 0 pins that are not constrained for maximum delay due to constant clock.


5. checking no_input_delay (48)
-------------------------------
 There are 48 input ports with no input delay specified. (HIGH)

 There are 0 input ports with no input delay but user has a false path constraint.


6. checking no_output_delay (25)
--------------------------------
 There are 25 ports with no output delay specified. (HIGH)

 There are 0 ports with no output delay but user has a false path constraint

 There are 0 ports with no output delay but with a timing clock defined on it or propagating through it


7. checking multiple_clock (0)
------------------------------
 There are 0 register/latch pins with multiple clocks.


8. checking generated_clocks (0)
--------------------------------
 There are 0 generated clocks that are not connected to a clock source.


9. checking loops (0)
---------------------
 There are 0 combinational loops in the design.


10. checking partial_input_delay (0)
------------------------------------
 There are 0 input ports with partial input delay specified.


11. checking partial_output_delay (0)
-------------------------------------
 There are 0 ports with partial output delay specified.


12. checking latch_loops (0)
----------------------------
 There are 0 combinational latch loops in the design through latch input



------------------------------------------------------------------------------------------------
| Design Timing Summary
| ---------------------
------------------------------------------------------------------------------------------------

    WNS(ns)      TNS(ns)  TNS Failing Endpoints  TNS Total Endpoints      WHS(ns)      THS(ns)  THS Failing Endpoints  THS Total Endpoints     WPWS(ns)     TPWS(ns)  TPWS Failing Endpoints  TPWS Total Endpoints  
    -------      -------  ---------------------  -------------------      -------      -------  ---------------------  -------------------     --------     --------  ----------------------  --------------------  
      0.024        0.000                      0                25305        0.081        0.000                      0                25305        2.321        0.000                       0                  2828  


All user specified timing constraints are met.


------------------------------------------------------------------------------------------------
| Clock Summary
| -------------
------------------------------------------------------------------------------------------------

Clock  Waveform(ns)         Period(ns)      Frequency(MHz)
-----  ------------         ----------      --------------
clk    {0.000 3.571}        7.143           139.997         


------------------------------------------------------------------------------------------------
| Intra Clock Table
| -----------------
------------------------------------------------------------------------------------------------

Clock             WNS(ns)      TNS(ns)  TNS Failing Endpoints  TNS Total Endpoints      WHS(ns)      THS(ns)  THS Failing Endpoints  THS Total Endpoints     WPWS(ns)     TPWS(ns)  TPWS Failing Endpoints  TPWS Total Endpoints  
-----             -------      -------  ---------------------  -------------------      -------      -------  ---------------------  -------------------     --------     --------  ----------------------  --------------------  
clk                 0.024        0.000                      0                25305        0.081        0.000                      0                25305        2.321        0.000                       0                  2828  


------------------------------------------------------------------------------------------------
| Inter Clock Table
| -----------------
------------------------------------------------------------------------------------------------

From Clock    To Clock          WNS(ns)      TNS(ns)  TNS Failing Endpoints  TNS Total Endpoints      WHS(ns)      THS(ns)  THS Failing Endpoints  THS Total Endpoints  
----------    --------          -------      -------  ---------------------  -------------------      -------      -------  ---------------------  -------------------  


------------------------------------------------------------------------------------------------
| Other Path Groups Table
| -----------------------
------------------------------------------------------------------------------------------------

Path Group    From Clock    To Clock          WNS(ns)      TNS(ns)  TNS Failing Endpoints  TNS Total Endpoints      WHS(ns)      THS(ns)  THS Failing Endpoints  THS Total Endpoints  
----------    ----------    --------          -------      -------  ---------------------  -------------------      -------      -------  ---------------------  -------------------  


------------------------------------------------------------------------------------------------
| Timing Details
| --------------
------------------------------------------------------------------------------------------------


---------------------------------------------------------------------------------------------------
From Clock:  clk
  To Clock:  clk

Setup :            0  Failing Endpoints,  Worst Slack        0.024ns,  Total Violation        0.000ns
Hold  :            0  Failing Endpoints,  Worst Slack        0.081ns,  Total Violation        0.000ns
PW    :            0  Failing Endpoints,  Worst Slack        2.321ns,  Total Violation        0.000ns
---------------------------------------------------------------------------------------------------


Max Delay Paths
--------------------------------------------------------------------------------------
Slack (MET) :             0.024ns  (required time - arrival time)
  Source:                 u_line_buffer/x_count_reg[1]/C
                            (rising edge-triggered cell FDRE clocked by clk  {rise@0.000ns fall@3.572ns period=7.143ns})
  Destination:            u_line_buffer/line1_reg_768_1023_7_7/RAMS64E_A/I
                            (rising edge-triggered cell RAMS64E clocked by clk  {rise@0.000ns fall@3.572ns period=7.143ns})
  Path Group:             clk
  Path Type:              Setup (Max at Slow Process Corner)
  Requirement:            7.143ns  (clk rise@7.143ns - clk rise@0.000ns)
  Data Path Delay:        6.311ns  (logic 1.534ns (24.309%)  route 4.777ns (75.691%))
  Logic Levels:           5  (LUT6=2 MUXF7=1 MUXF8=1 RAMS64E=1)
  Clock Path Skew:        -0.048ns (DCD - SCD + CPR)
    Destination Clock Delay (DCD):    4.311ns = ( 11.454 - 7.143 ) 
    Source Clock Delay      (SCD):    4.680ns
    Clock Pessimism Removal (CPR):    0.321ns
  Clock Uncertainty:      0.035ns  ((TSJ^2 + TIJ^2)^1/2 + DJ) / 2 + PE
    Total System Jitter     (TSJ):    0.071ns
    Total Input Jitter      (TIJ):    0.000ns
    Discrete Jitter          (DJ):    0.000ns
    Phase Error              (PE):    0.000ns

    Location             Delay type                Incr(ns)  Path(ns)    Netlist Resource(s)
  -------------------------------------------------------------------    -------------------
                         (clock clk rise edge)        0.000     0.000 r  
    N15                                               0.000     0.000 r  clk (IN)
                         net (fo=0)                   0.000     0.000    clk
    N15                  IBUF (Prop_ibuf_I_O)         0.948     0.948 r  clk_IBUF_inst/O
                         net (fo=1, routed)           2.016     2.963    clk_IBUF
    BUFGCTRL_X0Y0        BUFG (Prop_bufg_I_O)         0.096     3.059 r  clk_IBUF_BUFG_inst/O
                         net (fo=2827, routed)        1.621     4.680    u_line_buffer/clk_IBUF_BUFG
    SLICE_X45Y103        FDRE                                         r  u_line_buffer/x_count_reg[1]/C
  -------------------------------------------------------------------    -------------------
    SLICE_X45Y103        FDRE (Prop_fdre_C_Q)         0.456     5.136 r  u_line_buffer/x_count_reg[1]/Q
                         net (fo=2165, routed)        2.370     7.506    u_line_buffer/line0_reg_512_767_7_7/A1
    SLICE_X62Y89         RAMS64E (Prop_rams64e_ADR1_O)
                                                      0.290     7.796 r  u_line_buffer/line0_reg_512_767_7_7/RAMS64E_C/O
                         net (fo=1, routed)           0.000     7.796    u_line_buffer/line0_reg_512_767_7_7/OC
    SLICE_X62Y89         MUXF7 (Prop_muxf7_I1_O)      0.247     8.043 r  u_line_buffer/line0_reg_512_767_7_7/F7.B/O
                         net (fo=1, routed)           0.000     8.043    u_line_buffer/line0_reg_512_767_7_7/O0
    SLICE_X62Y89         MUXF8 (Prop_muxf8_I0_O)      0.098     8.141 r  u_line_buffer/line0_reg_512_767_7_7/F8/O
                         net (fo=1, routed)           0.730     8.871    u_line_buffer/line0_reg_512_767_7_7_n_0
    SLICE_X61Y90         LUT6 (Prop_lut6_I2_O)        0.319     9.190 r  u_line_buffer/sr3[4][7]_i_2/O
                         net (fo=1, routed)           0.291     9.481    u_line_buffer/sr3[4][7]_i_2_n_0
    SLICE_X61Y90         LUT6 (Prop_lut6_I4_O)        0.124     9.605 r  u_line_buffer/sr3[4][7]_i_1/O
                         net (fo=33, routed)          1.386    10.991    u_line_buffer/line1_reg_768_1023_7_7/D
    SLICE_X50Y111        RAMS64E                                      r  u_line_buffer/line1_reg_768_1023_7_7/RAMS64E_A/I
  -------------------------------------------------------------------    -------------------

                         (clock clk rise edge)        7.143     7.143 r  
    N15                                               0.000     7.143 r  clk (IN)
                         net (fo=0)                   0.000     7.143    clk
    N15                  IBUF (Prop_ibuf_I_O)         0.814     7.957 r  clk_IBUF_inst/O
                         net (fo=1, routed)           1.911     9.868    clk_IBUF
    BUFGCTRL_X0Y0        BUFG (Prop_bufg_I_O)         0.091     9.959 r  clk_IBUF_BUFG_inst/O
                         net (fo=2827, routed)        1.495    11.454    u_line_buffer/line1_reg_768_1023_7_7/WCLK
    SLICE_X50Y111        RAMS64E                                      r  u_line_buffer/line1_reg_768_1023_7_7/RAMS64E_A/CLK
                         clock pessimism              0.321    11.775    
                         clock uncertainty           -0.035    11.740    
    SLICE_X50Y111        RAMS64E (Setup_rams64e_CLK_I)
                                                     -0.725    11.015    u_line_buffer/line1_reg_768_1023_7_7/RAMS64E_A
  -------------------------------------------------------------------
                         required time                         11.015    
                         arrival time                         -10.991    
  -------------------------------------------------------------------
                         slack                                  0.024    





Min Delay Paths
--------------------------------------------------------------------------------------
Slack (MET) :             0.081ns  (arrival time - required time)
  Source:                 u_line_buffer/sr3_reg[4][14]/C
                            (rising edge-triggered cell FDRE clocked by clk  {rise@0.000ns fall@3.572ns period=7.143ns})
  Destination:            u_line_buffer/sr3_reg[3][14]/D
                            (rising edge-triggered cell FDRE clocked by clk  {rise@0.000ns fall@3.572ns period=7.143ns})
  Path Group:             clk
  Path Type:              Hold (Min at Fast Process Corner)
  Requirement:            0.000ns  (clk rise@0.000ns - clk rise@0.000ns)
  Data Path Delay:        0.414ns  (logic 0.141ns (34.040%)  route 0.273ns (65.960%))
  Logic Levels:           0  
  Clock Path Skew:        0.262ns (DCD - SCD - CPR)
    Destination Clock Delay (DCD):    1.920ns
    Source Clock Delay      (SCD):    1.406ns
    Clock Pessimism Removal (CPR):    0.251ns

    Location             Delay type                Incr(ns)  Path(ns)    Netlist Resource(s)
  -------------------------------------------------------------------    -------------------
                         (clock clk rise edge)        0.000     0.000 r  
    N15                                               0.000     0.000 r  clk (IN)
                         net (fo=0)                   0.000     0.000    clk
    N15                  IBUF (Prop_ibuf_I_O)         0.177     0.177 r  clk_IBUF_inst/O
                         net (fo=1, routed)           0.640     0.817    clk_IBUF
    BUFGCTRL_X0Y0        BUFG (Prop_bufg_I_O)         0.026     0.843 r  clk_IBUF_BUFG_inst/O
                         net (fo=2827, routed)        0.564     1.406    u_line_buffer/clk_IBUF_BUFG
    SLICE_X40Y88         FDRE                                         r  u_line_buffer/sr3_reg[4][14]/C
  -------------------------------------------------------------------    -------------------
    SLICE_X40Y88         FDRE (Prop_fdre_C_Q)         0.141     1.547 r  u_line_buffer/sr3_reg[4][14]/Q
                         net (fo=2, routed)           0.273     1.821    u_line_buffer/sr3_reg[4][14]
    SLICE_X57Y88         FDRE                                         r  u_line_buffer/sr3_reg[3][14]/D
  -------------------------------------------------------------------    -------------------

                         (clock clk rise edge)        0.000     0.000 r  
    N15                                               0.000     0.000 r  clk (IN)
                         net (fo=0)                   0.000     0.000    clk
    N15                  IBUF (Prop_ibuf_I_O)         0.365     0.365 r  clk_IBUF_inst/O
                         net (fo=1, routed)           0.695     1.060    clk_IBUF
    BUFGCTRL_X0Y0        BUFG (Prop_bufg_I_O)         0.029     1.089 r  clk_IBUF_BUFG_inst/O
                         net (fo=2827, routed)        0.831     1.920    u_line_buffer/clk_IBUF_BUFG
    SLICE_X57Y88         FDRE                                         r  u_line_buffer/sr3_reg[3][14]/C
                         clock pessimism             -0.251     1.668    
    SLICE_X57Y88         FDRE (Hold_fdre_C_D)         0.071     1.739    u_line_buffer/sr3_reg[3][14]
  -------------------------------------------------------------------
                         required time                         -1.739    
                         arrival time                           1.821    
  -------------------------------------------------------------------
                         slack                                  0.081    





Pulse Width Checks
--------------------------------------------------------------------------------------
Clock Name:         clk
Waveform(ns):       { 0.000 3.572 }
Period(ns):         7.143
Sources:            { clk }

Check Type        Corner  Lib Pin      Reference Pin  Required(ns)  Actual(ns)  Slack(ns)  Location       Pin
Min Period        n/a     DSP48E1/CLK  n/a            3.884         7.143       3.259      DSP48_X1Y48    u_mac_array/mul_b_q_reg[15]/CLK
Low Pulse Width   Slow    RAMS64E/CLK  n/a            1.250         3.571       2.321      SLICE_X74Y105  u_line_buffer/line0_reg_0_127_0_0/HIGH/CLK
High Pulse Width  Slow    RAMS64E/CLK  n/a            1.250         3.571       2.321      SLICE_X74Y105  u_line_buffer/line0_reg_0_127_0_0/HIGH/CLK



