Copyright 1986-2022 Xilinx, Inc. All Rights Reserved. Copyright 2022-2023 Advanced Micro Devices, Inc. All Rights Reserved.
---------------------------------------------------------------------------------------------------------------------------------------------
| Tool Version : Vivado v.2023.2 (win64) Build 4029153 Fri Oct 13 20:14:34 MDT 2023
| Date         : Sun May 24 19:51:50 2026
| Host         : DESKTOP-5BKHJFE running 64-bit major release  (build 9200)
| Command      : report_timing_summary -file E:/PROJECTS/convolution_fpga/vivado_project/fmax_sweep_refine/145MHz/timing_post_route.rpt
| Design       : top_convolution
| Device       : 7a100t-csg324
| Speed File   : -1  PRODUCTION 1.23 2018-06-13
| Design State : Routed
---------------------------------------------------------------------------------------------------------------------------------------------

Timing Summary Report

------------------------------------------------------------------------------------------------
| Timer Settings
| --------------
------------------------------------------------------------------------------------------------

  Enable Multi Corner Analysis               :  Yes
  Enable Pessimism Removal                   :  Yes
  Pessimism Removal Resolution               :  Nearest Common Node
  Enable Input Delay Default Clock           :  No
  Enable Preset / Clear Arcs                 :  No
  Disable Flight Delays                      :  No
  Ignore I/O Paths                           :  No
  Timing Early Launch at Borrowing Latches   :  No
  Borrow Time for Max Delay Exceptions       :  Yes
  Merge Timing Exceptions                    :  Yes
  Inter-SLR Compensation                     :  Conservative

  Corner  Analyze    Analyze    
  Name    Max Paths  Min Paths  
  ------  ---------  ---------  
  Slow    Yes        Yes        
  Fast    Yes        Yes        


------------------------------------------------------------------------------------------------
| Report Methodology
| ------------------
------------------------------------------------------------------------------------------------

Rule       Severity  Description                                                Violations  
---------  --------  ---------------------------------------------------------  ----------  
SYNTH-5    Warning   Mapped onto distributed RAM because of timing constraints  504         
TIMING-18  Warning   Missing input or output delay                              73          

Note: This report is based on the most recent report_methodology run and may not be up-to-date. Run report_methodology on the current design for the latest report.



check_timing report

Table of Contents
-----------------
1. checking no_clock (0)
2. checking constant_clock (0)
3. checking pulse_width_clock (0)
4. checking unconstrained_internal_endpoints (0)
5. checking no_input_delay (48)
6. checking no_output_delay (25)
7. checking multiple_clock (0)
8. checking generated_clocks (0)
9. checking loops (0)
10. checking partial_input_delay (0)
11. checking partial_output_delay (0)
12. checking latch_loops (0)

1. checking no_clock (0)
------------------------
 There are 0 register/latch pins with no clock.


2. checking constant_clock (0)
------------------------------
 There are 0 register/latch pins with constant_clock.


3. checking pulse_width_clock (0)
---------------------------------
 There are 0 register/latch pins which need pulse_width check


4. checking unconstrained_internal_endpoints (0)
------------------------------------------------
 There are 0 pins that are not constrained for maximum delay.

 There are 0 pins that are not constrained for maximum delay due to constant clock.


5. checking no_input_delay (48)
-------------------------------
 There are 48 input ports with no input delay specified. (HIGH)

 There are 0 input ports with no input delay but user has a false path constraint.


6. checking no_output_delay (25)
--------------------------------
 There are 25 ports with no output delay specified. (HIGH)

 There are 0 ports with no output delay but user has a false path constraint

 There are 0 ports with no output delay but with a timing clock defined on it or propagating through it


7. checking multiple_clock (0)
------------------------------
 There are 0 register/latch pins with multiple clocks.


8. checking generated_clocks (0)
--------------------------------
 There are 0 generated clocks that are not connected to a clock source.


9. checking loops (0)
---------------------
 There are 0 combinational loops in the design.


10. checking partial_input_delay (0)
------------------------------------
 There are 0 input ports with partial input delay specified.


11. checking partial_output_delay (0)
-------------------------------------
 There are 0 ports with partial output delay specified.


12. checking latch_loops (0)
----------------------------
 There are 0 combinational latch loops in the design through latch input



------------------------------------------------------------------------------------------------
| Design Timing Summary
| ---------------------
------------------------------------------------------------------------------------------------

    WNS(ns)      TNS(ns)  TNS Failing Endpoints  TNS Total Endpoints      WHS(ns)      THS(ns)  THS Failing Endpoints  THS Total Endpoints     WPWS(ns)     TPWS(ns)  TPWS Failing Endpoints  TPWS Total Endpoints  
    -------      -------  ---------------------  -------------------      -------      -------  ---------------------  -------------------     --------     --------  ----------------------  --------------------  
      0.049        0.000                      0                25310        0.035        0.000                      0                25310        2.198        0.000                       0                  2833  


All user specified timing constraints are met.


------------------------------------------------------------------------------------------------
| Clock Summary
| -------------
------------------------------------------------------------------------------------------------

Clock  Waveform(ns)         Period(ns)      Frequency(MHz)
-----  ------------         ----------      --------------
clk    {0.000 3.448}        6.897           144.991         


------------------------------------------------------------------------------------------------
| Intra Clock Table
| -----------------
------------------------------------------------------------------------------------------------

Clock             WNS(ns)      TNS(ns)  TNS Failing Endpoints  TNS Total Endpoints      WHS(ns)      THS(ns)  THS Failing Endpoints  THS Total Endpoints     WPWS(ns)     TPWS(ns)  TPWS Failing Endpoints  TPWS Total Endpoints  
-----             -------      -------  ---------------------  -------------------      -------      -------  ---------------------  -------------------     --------     --------  ----------------------  --------------------  
clk                 0.049        0.000                      0                25310        0.035        0.000                      0                25310        2.198        0.000                       0                  2833  


------------------------------------------------------------------------------------------------
| Inter Clock Table
| -----------------
------------------------------------------------------------------------------------------------

From Clock    To Clock          WNS(ns)      TNS(ns)  TNS Failing Endpoints  TNS Total Endpoints      WHS(ns)      THS(ns)  THS Failing Endpoints  THS Total Endpoints  
----------    --------          -------      -------  ---------------------  -------------------      -------      -------  ---------------------  -------------------  


------------------------------------------------------------------------------------------------
| Other Path Groups Table
| -----------------------
------------------------------------------------------------------------------------------------

Path Group    From Clock    To Clock          WNS(ns)      TNS(ns)  TNS Failing Endpoints  TNS Total Endpoints      WHS(ns)      THS(ns)  THS Failing Endpoints  THS Total Endpoints  
----------    ----------    --------          -------      -------  ---------------------  -------------------      -------      -------  ---------------------  -------------------  


------------------------------------------------------------------------------------------------
| Timing Details
| --------------
------------------------------------------------------------------------------------------------


---------------------------------------------------------------------------------------------------
From Clock:  clk
  To Clock:  clk

Setup :            0  Failing Endpoints,  Worst Slack        0.049ns,  Total Violation        0.000ns
Hold  :            0  Failing Endpoints,  Worst Slack        0.035ns,  Total Violation        0.000ns
PW    :            0  Failing Endpoints,  Worst Slack        2.198ns,  Total Violation        0.000ns
---------------------------------------------------------------------------------------------------


Max Delay Paths
--------------------------------------------------------------------------------------
Slack (MET) :             0.049ns  (required time - arrival time)
  Source:                 u_line_buffer/x_count_reg[2]/C
                            (rising edge-triggered cell FDRE clocked by clk  {rise@0.000ns fall@3.448ns period=6.897ns})
  Destination:            u_line_buffer/line1_reg_768_1023_20_20/RAMS64E_A/I
                            (rising edge-triggered cell RAMS64E clocked by clk  {rise@0.000ns fall@3.448ns period=6.897ns})
  Path Group:             clk
  Path Type:              Setup (Max at Slow Process Corner)
  Requirement:            6.897ns  (clk rise@6.897ns - clk rise@0.000ns)
  Data Path Delay:        5.990ns  (logic 1.362ns (22.738%)  route 4.628ns (77.262%))
  Logic Levels:           5  (LUT6=2 MUXF7=1 MUXF8=1 RAMS64E=1)
  Clock Path Skew:        -0.097ns (DCD - SCD + CPR)
    Destination Clock Delay (DCD):    4.312ns = ( 11.209 - 6.897 ) 
    Source Clock Delay      (SCD):    4.659ns
    Clock Pessimism Removal (CPR):    0.250ns
  Clock Uncertainty:      0.035ns  ((TSJ^2 + TIJ^2)^1/2 + DJ) / 2 + PE
    Total System Jitter     (TSJ):    0.071ns
    Total Input Jitter      (TIJ):    0.000ns
    Discrete Jitter          (DJ):    0.000ns
    Phase Error              (PE):    0.000ns

    Location             Delay type                Incr(ns)  Path(ns)    Netlist Resource(s)
  -------------------------------------------------------------------    -------------------
                         (clock clk rise edge)        0.000     0.000 r  
    N15                                               0.000     0.000 r  clk (IN)
                         net (fo=0)                   0.000     0.000    clk
    N15                  IBUF (Prop_ibuf_I_O)         0.948     0.948 r  clk_IBUF_inst/O
                         net (fo=1, routed)           2.016     2.963    clk_IBUF
    BUFGCTRL_X0Y0        BUFG (Prop_bufg_I_O)         0.096     3.059 r  clk_IBUF_BUFG_inst/O
                         net (fo=2832, routed)        1.600     4.659    u_line_buffer/clk_IBUF_BUFG
    SLICE_X52Y118        FDRE                                         r  u_line_buffer/x_count_reg[2]/C
  -------------------------------------------------------------------    -------------------
    SLICE_X52Y118        FDRE (Prop_fdre_C_Q)         0.456     5.115 r  u_line_buffer/x_count_reg[2]/Q
                         net (fo=2166, routed)        2.263     7.378    u_line_buffer/line0_reg_256_511_20_20/A2
    SLICE_X30Y128        RAMS64E (Prop_rams64e_ADR2_O)
                                                      0.124     7.502 r  u_line_buffer/line0_reg_256_511_20_20/RAMS64E_D/O
                         net (fo=1, routed)           0.000     7.502    u_line_buffer/line0_reg_256_511_20_20/OD
    SLICE_X30Y128        MUXF7 (Prop_muxf7_I0_O)      0.241     7.743 r  u_line_buffer/line0_reg_256_511_20_20/F7.B/O
                         net (fo=1, routed)           0.000     7.743    u_line_buffer/line0_reg_256_511_20_20/O0
    SLICE_X30Y128        MUXF8 (Prop_muxf8_I0_O)      0.098     7.841 r  u_line_buffer/line0_reg_256_511_20_20/F8/O
                         net (fo=1, routed)           0.858     8.699    u_line_buffer/line0_reg_256_511_20_20_n_0
    SLICE_X37Y129        LUT6 (Prop_lut6_I1_O)        0.319     9.018 r  u_line_buffer/sr3[4][20]_i_2/O
                         net (fo=1, routed)           0.409     9.427    u_line_buffer/sr3[4][20]_i_2_n_0
    SLICE_X39Y129        LUT6 (Prop_lut6_I4_O)        0.124     9.551 r  u_line_buffer/sr3[4][20]_i_1/O
                         net (fo=33, routed)          1.098    10.649    u_line_buffer/line1_reg_768_1023_20_20/D
    SLICE_X50Y140        RAMS64E                                      r  u_line_buffer/line1_reg_768_1023_20_20/RAMS64E_A/I
  -------------------------------------------------------------------    -------------------

                         (clock clk rise edge)        6.897     6.897 r  
    N15                                               0.000     6.897 r  clk (IN)
                         net (fo=0)                   0.000     6.897    clk
    N15                  IBUF (Prop_ibuf_I_O)         0.814     7.711 r  clk_IBUF_inst/O
                         net (fo=1, routed)           1.911     9.622    clk_IBUF
    BUFGCTRL_X0Y0        BUFG (Prop_bufg_I_O)         0.091     9.713 r  clk_IBUF_BUFG_inst/O
                         net (fo=2832, routed)        1.496    11.209    u_line_buffer/line1_reg_768_1023_20_20/WCLK
    SLICE_X50Y140        RAMS64E                                      r  u_line_buffer/line1_reg_768_1023_20_20/RAMS64E_A/CLK
                         clock pessimism              0.250    11.459    
                         clock uncertainty           -0.035    11.423    
    SLICE_X50Y140        RAMS64E (Setup_rams64e_CLK_I)
                                                     -0.725    10.698    u_line_buffer/line1_reg_768_1023_20_20/RAMS64E_A
  -------------------------------------------------------------------
                         required time                         10.698    
                         arrival time                         -10.649    
  -------------------------------------------------------------------
                         slack                                  0.049    





Min Delay Paths
--------------------------------------------------------------------------------------
Slack (MET) :             0.035ns  (arrival time - required time)
  Source:                 u_line_buffer/x_count_reg[0]_rep__11/C
                            (rising edge-triggered cell FDRE clocked by clk  {rise@0.000ns fall@3.448ns period=6.897ns})
  Destination:            u_line_buffer/line2_reg_1024_1279_1_1/RAMS64E_A/ADR0
                            (rising edge-triggered cell RAMS64E clocked by clk  {rise@0.000ns fall@3.448ns period=6.897ns})
  Path Group:             clk
  Path Type:              Hold (Min at Fast Process Corner)
  Requirement:            0.000ns  (clk rise@0.000ns - clk rise@0.000ns)
  Data Path Delay:        0.358ns  (logic 0.141ns (39.348%)  route 0.217ns (60.652%))
  Logic Levels:           0  
  Clock Path Skew:        0.013ns (DCD - SCD - CPR)
    Destination Clock Delay (DCD):    1.911ns
    Source Clock Delay      (SCD):    1.396ns
    Clock Pessimism Removal (CPR):    0.501ns

    Location             Delay type                Incr(ns)  Path(ns)    Netlist Resource(s)
  -------------------------------------------------------------------    -------------------
                         (clock clk rise edge)        0.000     0.000 r  
    N15                                               0.000     0.000 r  clk (IN)
                         net (fo=0)                   0.000     0.000    clk
    N15                  IBUF (Prop_ibuf_I_O)         0.177     0.177 r  clk_IBUF_inst/O
                         net (fo=1, routed)           0.640     0.817    clk_IBUF
    BUFGCTRL_X0Y0        BUFG (Prop_bufg_I_O)         0.026     0.843 r  clk_IBUF_BUFG_inst/O
                         net (fo=2832, routed)        0.554     1.396    u_line_buffer/clk_IBUF_BUFG
    SLICE_X63Y122        FDRE                                         r  u_line_buffer/x_count_reg[0]_rep__11/C
  -------------------------------------------------------------------    -------------------
    SLICE_X63Y122        FDRE (Prop_fdre_C_Q)         0.141     1.537 r  u_line_buffer/x_count_reg[0]_rep__11/Q
                         net (fo=4, routed)           0.217     1.755    u_line_buffer/line2_reg_1024_1279_1_1/A0
    SLICE_X62Y122        RAMS64E                                      r  u_line_buffer/line2_reg_1024_1279_1_1/RAMS64E_A/ADR0
  -------------------------------------------------------------------    -------------------

                         (clock clk rise edge)        0.000     0.000 r  
    N15                                               0.000     0.000 r  clk (IN)
                         net (fo=0)                   0.000     0.000    clk
    N15                  IBUF (Prop_ibuf_I_O)         0.365     0.365 r  clk_IBUF_inst/O
                         net (fo=1, routed)           0.695     1.060    clk_IBUF
    BUFGCTRL_X0Y0        BUFG (Prop_bufg_I_O)         0.029     1.089 r  clk_IBUF_BUFG_inst/O
                         net (fo=2832, routed)        0.821     1.911    u_line_buffer/line2_reg_1024_1279_1_1/WCLK
    SLICE_X62Y122        RAMS64E                                      r  u_line_buffer/line2_reg_1024_1279_1_1/RAMS64E_A/CLK
                         clock pessimism             -0.501     1.409    
    SLICE_X62Y122        RAMS64E (Hold_rams64e_CLK_ADR0)
                                                      0.310     1.719    u_line_buffer/line2_reg_1024_1279_1_1/RAMS64E_A
  -------------------------------------------------------------------
                         required time                         -1.719    
                         arrival time                           1.755    
  -------------------------------------------------------------------
                         slack                                  0.035    





Pulse Width Checks
--------------------------------------------------------------------------------------
Clock Name:         clk
Waveform(ns):       { 0.000 3.448 }
Period(ns):         6.897
Sources:            { clk }

Check Type        Corner  Lib Pin      Reference Pin  Required(ns)  Actual(ns)  Slack(ns)  Location      Pin
Min Period        n/a     DSP48E1/CLK  n/a            3.884         6.897       3.013      DSP48_X1Y42   u_mac_array/mul_b_q_reg[15]/CLK
Low Pulse Width   Slow    RAMS64E/CLK  n/a            1.250         3.449       2.199      SLICE_X50Y92  u_line_buffer/line0_reg_0_127_0_0/HIGH/CLK
High Pulse Width  Slow    RAMS64E/CLK  n/a            1.250         3.448       2.198      SLICE_X50Y92  u_line_buffer/line0_reg_0_127_0_0/HIGH/CLK



