Copyright 1986-2022 Xilinx, Inc. All Rights Reserved. Copyright 2022-2023 Advanced Micro Devices, Inc. All Rights Reserved.
---------------------------------------------------------------------------------------------------------------------------------------------
| Tool Version : Vivado v.2023.2 (win64) Build 4029153 Fri Oct 13 20:14:34 MDT 2023
| Date         : Sun May 24 20:03:17 2026
| Host         : DESKTOP-5BKHJFE running 64-bit major release  (build 9200)
| Command      : report_timing_summary -file E:/PROJECTS/convolution_fpga/vivado_project/fmax_sweep_refine2/146MHz/timing_post_route.rpt
| Design       : top_convolution
| Device       : 7a100t-csg324
| Speed File   : -1  PRODUCTION 1.23 2018-06-13
| Design State : Routed
---------------------------------------------------------------------------------------------------------------------------------------------

Timing Summary Report

------------------------------------------------------------------------------------------------
| Timer Settings
| --------------
------------------------------------------------------------------------------------------------

  Enable Multi Corner Analysis               :  Yes
  Enable Pessimism Removal                   :  Yes
  Pessimism Removal Resolution               :  Nearest Common Node
  Enable Input Delay Default Clock           :  No
  Enable Preset / Clear Arcs                 :  No
  Disable Flight Delays                      :  No
  Ignore I/O Paths                           :  No
  Timing Early Launch at Borrowing Latches   :  No
  Borrow Time for Max Delay Exceptions       :  Yes
  Merge Timing Exceptions                    :  Yes
  Inter-SLR Compensation                     :  Conservative

  Corner  Analyze    Analyze    
  Name    Max Paths  Min Paths  
  ------  ---------  ---------  
  Slow    Yes        Yes        
  Fast    Yes        Yes        


------------------------------------------------------------------------------------------------
| Report Methodology
| ------------------
------------------------------------------------------------------------------------------------

Rule       Severity  Description                                                Violations  
---------  --------  ---------------------------------------------------------  ----------  
SYNTH-5    Warning   Mapped onto distributed RAM because of timing constraints  504         
TIMING-18  Warning   Missing input or output delay                              73          

Note: This report is based on the most recent report_methodology run and may not be up-to-date. Run report_methodology on the current design for the latest report.



check_timing report

Table of Contents
-----------------
1. checking no_clock (0)
2. checking constant_clock (0)
3. checking pulse_width_clock (0)
4. checking unconstrained_internal_endpoints (0)
5. checking no_input_delay (48)
6. checking no_output_delay (25)
7. checking multiple_clock (0)
8. checking generated_clocks (0)
9. checking loops (0)
10. checking partial_input_delay (0)
11. checking partial_output_delay (0)
12. checking latch_loops (0)

1. checking no_clock (0)
------------------------
 There are 0 register/latch pins with no clock.


2. checking constant_clock (0)
------------------------------
 There are 0 register/latch pins with constant_clock.


3. checking pulse_width_clock (0)
---------------------------------
 There are 0 register/latch pins which need pulse_width check


4. checking unconstrained_internal_endpoints (0)
------------------------------------------------
 There are 0 pins that are not constrained for maximum delay.

 There are 0 pins that are not constrained for maximum delay due to constant clock.


5. checking no_input_delay (48)
-------------------------------
 There are 48 input ports with no input delay specified. (HIGH)

 There are 0 input ports with no input delay but user has a false path constraint.


6. checking no_output_delay (25)
--------------------------------
 There are 25 ports with no output delay specified. (HIGH)

 There are 0 ports with no output delay but user has a false path constraint

 There are 0 ports with no output delay but with a timing clock defined on it or propagating through it


7. checking multiple_clock (0)
------------------------------
 There are 0 register/latch pins with multiple clocks.


8. checking generated_clocks (0)
--------------------------------
 There are 0 generated clocks that are not connected to a clock source.


9. checking loops (0)
---------------------
 There are 0 combinational loops in the design.


10. checking partial_input_delay (0)
------------------------------------
 There are 0 input ports with partial input delay specified.


11. checking partial_output_delay (0)
-------------------------------------
 There are 0 ports with partial output delay specified.


12. checking latch_loops (0)
----------------------------
 There are 0 combinational latch loops in the design through latch input



------------------------------------------------------------------------------------------------
| Design Timing Summary
| ---------------------
------------------------------------------------------------------------------------------------

    WNS(ns)      TNS(ns)  TNS Failing Endpoints  TNS Total Endpoints      WHS(ns)      THS(ns)  THS Failing Endpoints  THS Total Endpoints     WPWS(ns)     TPWS(ns)  TPWS Failing Endpoints  TPWS Total Endpoints  
    -------      -------  ---------------------  -------------------      -------      -------  ---------------------  -------------------     --------     --------  ----------------------  --------------------  
      0.041        0.000                      0                25257        0.057        0.000                      0                25257        2.174        0.000                       0                  2780  


All user specified timing constraints are met.


------------------------------------------------------------------------------------------------
| Clock Summary
| -------------
------------------------------------------------------------------------------------------------

Clock  Waveform(ns)         Period(ns)      Frequency(MHz)
-----  ------------         ----------      --------------
clk    {0.000 3.425}        6.849           146.007         


------------------------------------------------------------------------------------------------
| Intra Clock Table
| -----------------
------------------------------------------------------------------------------------------------

Clock             WNS(ns)      TNS(ns)  TNS Failing Endpoints  TNS Total Endpoints      WHS(ns)      THS(ns)  THS Failing Endpoints  THS Total Endpoints     WPWS(ns)     TPWS(ns)  TPWS Failing Endpoints  TPWS Total Endpoints  
-----             -------      -------  ---------------------  -------------------      -------      -------  ---------------------  -------------------     --------     --------  ----------------------  --------------------  
clk                 0.041        0.000                      0                25257        0.057        0.000                      0                25257        2.174        0.000                       0                  2780  


------------------------------------------------------------------------------------------------
| Inter Clock Table
| -----------------
------------------------------------------------------------------------------------------------

From Clock    To Clock          WNS(ns)      TNS(ns)  TNS Failing Endpoints  TNS Total Endpoints      WHS(ns)      THS(ns)  THS Failing Endpoints  THS Total Endpoints  
----------    --------          -------      -------  ---------------------  -------------------      -------      -------  ---------------------  -------------------  


------------------------------------------------------------------------------------------------
| Other Path Groups Table
| -----------------------
------------------------------------------------------------------------------------------------

Path Group    From Clock    To Clock          WNS(ns)      TNS(ns)  TNS Failing Endpoints  TNS Total Endpoints      WHS(ns)      THS(ns)  THS Failing Endpoints  THS Total Endpoints  
----------    ----------    --------          -------      -------  ---------------------  -------------------      -------      -------  ---------------------  -------------------  


------------------------------------------------------------------------------------------------
| Timing Details
| --------------
------------------------------------------------------------------------------------------------


---------------------------------------------------------------------------------------------------
From Clock:  clk
  To Clock:  clk

Setup :            0  Failing Endpoints,  Worst Slack        0.041ns,  Total Violation        0.000ns
Hold  :            0  Failing Endpoints,  Worst Slack        0.057ns,  Total Violation        0.000ns
PW    :            0  Failing Endpoints,  Worst Slack        2.174ns,  Total Violation        0.000ns
---------------------------------------------------------------------------------------------------


Max Delay Paths
--------------------------------------------------------------------------------------
Slack (MET) :             0.041ns  (required time - arrival time)
  Source:                 u_line_buffer/x_count_reg[1]/C
                            (rising edge-triggered cell FDRE clocked by clk  {rise@0.000ns fall@3.424ns period=6.849ns})
  Destination:            u_line_buffer/line2_reg_1024_1279_6_6/RAMS64E_A/I
                            (rising edge-triggered cell RAMS64E clocked by clk  {rise@0.000ns fall@3.424ns period=6.849ns})
  Path Group:             clk
  Path Type:              Setup (Max at Slow Process Corner)
  Requirement:            6.849ns  (clk rise@6.849ns - clk rise@0.000ns)
  Data Path Delay:        6.025ns  (logic 1.448ns (24.026%)  route 4.577ns (75.974%))
  Logic Levels:           5  (LUT6=2 MUXF7=1 MUXF8=1 RAMS64E=1)
  Clock Path Skew:        -0.023ns (DCD - SCD + CPR)
    Destination Clock Delay (DCD):    4.399ns = ( 11.248 - 6.849 ) 
    Source Clock Delay      (SCD):    4.672ns
    Clock Pessimism Removal (CPR):    0.250ns
  Clock Uncertainty:      0.035ns  ((TSJ^2 + TIJ^2)^1/2 + DJ) / 2 + PE
    Total System Jitter     (TSJ):    0.071ns
    Total Input Jitter      (TIJ):    0.000ns
    Discrete Jitter          (DJ):    0.000ns
    Phase Error              (PE):    0.000ns

    Location             Delay type                Incr(ns)  Path(ns)    Netlist Resource(s)
  -------------------------------------------------------------------    -------------------
                         (clock clk rise edge)        0.000     0.000 r  
    N15                                               0.000     0.000 r  clk (IN)
                         net (fo=0)                   0.000     0.000    clk
    N15                  IBUF (Prop_ibuf_I_O)         0.948     0.948 r  clk_IBUF_inst/O
                         net (fo=1, routed)           2.016     2.963    clk_IBUF
    BUFGCTRL_X0Y0        BUFG (Prop_bufg_I_O)         0.096     3.059 r  clk_IBUF_BUFG_inst/O
                         net (fo=2779, routed)        1.613     4.672    u_line_buffer/clk_IBUF_BUFG
    SLICE_X48Y115        FDRE                                         r  u_line_buffer/x_count_reg[1]/C
  -------------------------------------------------------------------    -------------------
    SLICE_X48Y115        FDRE (Prop_fdre_C_Q)         0.456     5.128 r  u_line_buffer/x_count_reg[1]/Q
                         net (fo=2165, routed)        1.952     7.081    u_line_buffer/line1_reg_1280_1535_6_6/A1
    SLICE_X66Y119        RAMS64E (Prop_rams64e_ADR1_O)
                                                      0.247     7.327 r  u_line_buffer/line1_reg_1280_1535_6_6/RAMS64E_A/O
                         net (fo=1, routed)           0.000     7.327    u_line_buffer/line1_reg_1280_1535_6_6/OA
    SLICE_X66Y119        MUXF7 (Prop_muxf7_I1_O)      0.214     7.541 r  u_line_buffer/line1_reg_1280_1535_6_6/F7.A/O
                         net (fo=1, routed)           0.000     7.541    u_line_buffer/line1_reg_1280_1535_6_6/O1
    SLICE_X66Y119        MUXF8 (Prop_muxf8_I1_O)      0.088     7.629 r  u_line_buffer/line1_reg_1280_1535_6_6/F8/O
                         net (fo=1, routed)           0.683     8.313    u_line_buffer/line1_reg_1280_1535_6_6_n_0
    SLICE_X61Y118        LUT6 (Prop_lut6_I2_O)        0.319     8.632 r  u_line_buffer/sr2[4][6]_i_3/O
                         net (fo=1, routed)           0.754     9.386    u_line_buffer/sr2[4][6]_i_3_n_0
    SLICE_X61Y109        LUT6 (Prop_lut6_I5_O)        0.124     9.510 r  u_line_buffer/sr2[4][6]_i_1/O
                         net (fo=33, routed)          1.187    10.697    u_line_buffer/line2_reg_1024_1279_6_6/D
    SLICE_X74Y108        RAMS64E                                      r  u_line_buffer/line2_reg_1024_1279_6_6/RAMS64E_A/I
  -------------------------------------------------------------------    -------------------

                         (clock clk rise edge)        6.849     6.849 r  
    N15                                               0.000     6.849 r  clk (IN)
                         net (fo=0)                   0.000     6.849    clk
    N15                  IBUF (Prop_ibuf_I_O)         0.814     7.663 r  clk_IBUF_inst/O
                         net (fo=1, routed)           1.911     9.574    clk_IBUF
    BUFGCTRL_X0Y0        BUFG (Prop_bufg_I_O)         0.091     9.665 r  clk_IBUF_BUFG_inst/O
                         net (fo=2779, routed)        1.583    11.248    u_line_buffer/line2_reg_1024_1279_6_6/WCLK
    SLICE_X74Y108        RAMS64E                                      r  u_line_buffer/line2_reg_1024_1279_6_6/RAMS64E_A/CLK
                         clock pessimism              0.250    11.498    
                         clock uncertainty           -0.035    11.462    
    SLICE_X74Y108        RAMS64E (Setup_rams64e_CLK_I)
                                                     -0.725    10.737    u_line_buffer/line2_reg_1024_1279_6_6/RAMS64E_A
  -------------------------------------------------------------------
                         required time                         10.737    
                         arrival time                         -10.697    
  -------------------------------------------------------------------
                         slack                                  0.041    





Min Delay Paths
--------------------------------------------------------------------------------------
Slack (MET) :             0.057ns  (arrival time - required time)
  Source:                 u_mac_array/valid_s2_reg/C
                            (rising edge-triggered cell FDRE clocked by clk  {rise@0.000ns fall@3.424ns period=6.849ns})
  Destination:            u_mac_array/valid_s3_reg/D
                            (rising edge-triggered cell FDRE clocked by clk  {rise@0.000ns fall@3.424ns period=6.849ns})
  Path Group:             clk
  Path Type:              Hold (Min at Fast Process Corner)
  Requirement:            0.000ns  (clk rise@0.000ns - clk rise@0.000ns)
  Data Path Delay:        0.392ns  (logic 0.141ns (36.014%)  route 0.251ns (63.986%))
  Logic Levels:           0  
  Clock Path Skew:        0.265ns (DCD - SCD - CPR)
    Destination Clock Delay (DCD):    1.919ns
    Source Clock Delay      (SCD):    1.402ns
    Clock Pessimism Removal (CPR):    0.251ns

    Location             Delay type                Incr(ns)  Path(ns)    Netlist Resource(s)
  -------------------------------------------------------------------    -------------------
                         (clock clk rise edge)        0.000     0.000 r  
    N15                                               0.000     0.000 r  clk (IN)
                         net (fo=0)                   0.000     0.000    clk
    N15                  IBUF (Prop_ibuf_I_O)         0.177     0.177 r  clk_IBUF_inst/O
                         net (fo=1, routed)           0.640     0.817    clk_IBUF
    BUFGCTRL_X0Y0        BUFG (Prop_bufg_I_O)         0.026     0.843 r  clk_IBUF_BUFG_inst/O
                         net (fo=2779, routed)        0.560     1.402    u_mac_array/clk_IBUF_BUFG
    SLICE_X57Y140        FDRE                                         r  u_mac_array/valid_s2_reg/C
  -------------------------------------------------------------------    -------------------
    SLICE_X57Y140        FDRE (Prop_fdre_C_Q)         0.141     1.543 r  u_mac_array/valid_s2_reg/Q
                         net (fo=13, routed)          0.251     1.794    u_mac_array/valid_s2
    SLICE_X51Y140        FDRE                                         r  u_mac_array/valid_s3_reg/D
  -------------------------------------------------------------------    -------------------

                         (clock clk rise edge)        0.000     0.000 r  
    N15                                               0.000     0.000 r  clk (IN)
                         net (fo=0)                   0.000     0.000    clk
    N15                  IBUF (Prop_ibuf_I_O)         0.365     0.365 r  clk_IBUF_inst/O
                         net (fo=1, routed)           0.695     1.060    clk_IBUF
    BUFGCTRL_X0Y0        BUFG (Prop_bufg_I_O)         0.029     1.089 r  clk_IBUF_BUFG_inst/O
                         net (fo=2779, routed)        0.830     1.919    u_mac_array/clk_IBUF_BUFG
    SLICE_X51Y140        FDRE                                         r  u_mac_array/valid_s3_reg/C
                         clock pessimism             -0.251     1.667    
    SLICE_X51Y140        FDRE (Hold_fdre_C_D)         0.070     1.737    u_mac_array/valid_s3_reg
  -------------------------------------------------------------------
                         required time                         -1.737    
                         arrival time                           1.794    
  -------------------------------------------------------------------
                         slack                                  0.057    





Pulse Width Checks
--------------------------------------------------------------------------------------
Clock Name:         clk
Waveform(ns):       { 0.000 3.424 }
Period(ns):         6.849
Sources:            { clk }

Check Type        Corner  Lib Pin      Reference Pin  Required(ns)  Actual(ns)  Slack(ns)  Location      Pin
Min Period        n/a     DSP48E1/CLK  n/a            3.884         6.849       2.965      DSP48_X0Y40   u_mac_array/mul_b_q_reg[15]/CLK
Low Pulse Width   Slow    RAMS64E/CLK  n/a            1.250         3.425       2.175      SLICE_X56Y96  u_line_buffer/line0_reg_0_127_0_0/HIGH/CLK
High Pulse Width  Slow    RAMS64E/CLK  n/a            1.250         3.424       2.174      SLICE_X56Y96  u_line_buffer/line0_reg_0_127_0_0/HIGH/CLK



