Copyright 1986-2022 Xilinx, Inc. All Rights Reserved. Copyright 2022-2023 Advanced Micro Devices, Inc. All Rights Reserved.
---------------------------------------------------------------------------------------------------------------------------------------------
| Tool Version : Vivado v.2023.2 (win64) Build 4029153 Fri Oct 13 20:14:34 MDT 2023
| Date         : Sun May 24 19:59:14 2026
| Host         : DESKTOP-5BKHJFE running 64-bit major release  (build 9200)
| Command      : report_timing_summary -file E:/PROJECTS/convolution_fpga/vivado_project/fmax_sweep_refine2/147MHz/timing_post_route.rpt
| Design       : top_convolution
| Device       : 7a100t-csg324
| Speed File   : -1  PRODUCTION 1.23 2018-06-13
| Design State : Routed
---------------------------------------------------------------------------------------------------------------------------------------------

Timing Summary Report

------------------------------------------------------------------------------------------------
| Timer Settings
| --------------
------------------------------------------------------------------------------------------------

  Enable Multi Corner Analysis               :  Yes
  Enable Pessimism Removal                   :  Yes
  Pessimism Removal Resolution               :  Nearest Common Node
  Enable Input Delay Default Clock           :  No
  Enable Preset / Clear Arcs                 :  No
  Disable Flight Delays                      :  No
  Ignore I/O Paths                           :  No
  Timing Early Launch at Borrowing Latches   :  No
  Borrow Time for Max Delay Exceptions       :  Yes
  Merge Timing Exceptions                    :  Yes
  Inter-SLR Compensation                     :  Conservative

  Corner  Analyze    Analyze    
  Name    Max Paths  Min Paths  
  ------  ---------  ---------  
  Slow    Yes        Yes        
  Fast    Yes        Yes        


------------------------------------------------------------------------------------------------
| Report Methodology
| ------------------
------------------------------------------------------------------------------------------------

Rule       Severity  Description                                                Violations  
---------  --------  ---------------------------------------------------------  ----------  
SYNTH-5    Warning   Mapped onto distributed RAM because of timing constraints  504         
TIMING-18  Warning   Missing input or output delay                              73          

Note: This report is based on the most recent report_methodology run and may not be up-to-date. Run report_methodology on the current design for the latest report.



check_timing report

Table of Contents
-----------------
1. checking no_clock (0)
2. checking constant_clock (0)
3. checking pulse_width_clock (0)
4. checking unconstrained_internal_endpoints (0)
5. checking no_input_delay (48)
6. checking no_output_delay (25)
7. checking multiple_clock (0)
8. checking generated_clocks (0)
9. checking loops (0)
10. checking partial_input_delay (0)
11. checking partial_output_delay (0)
12. checking latch_loops (0)

1. checking no_clock (0)
------------------------
 There are 0 register/latch pins with no clock.


2. checking constant_clock (0)
------------------------------
 There are 0 register/latch pins with constant_clock.


3. checking pulse_width_clock (0)
---------------------------------
 There are 0 register/latch pins which need pulse_width check


4. checking unconstrained_internal_endpoints (0)
------------------------------------------------
 There are 0 pins that are not constrained for maximum delay.

 There are 0 pins that are not constrained for maximum delay due to constant clock.


5. checking no_input_delay (48)
-------------------------------
 There are 48 input ports with no input delay specified. (HIGH)

 There are 0 input ports with no input delay but user has a false path constraint.


6. checking no_output_delay (25)
--------------------------------
 There are 25 ports with no output delay specified. (HIGH)

 There are 0 ports with no output delay but user has a false path constraint

 There are 0 ports with no output delay but with a timing clock defined on it or propagating through it


7. checking multiple_clock (0)
------------------------------
 There are 0 register/latch pins with multiple clocks.


8. checking generated_clocks (0)
--------------------------------
 There are 0 generated clocks that are not connected to a clock source.


9. checking loops (0)
---------------------
 There are 0 combinational loops in the design.


10. checking partial_input_delay (0)
------------------------------------
 There are 0 input ports with partial input delay specified.


11. checking partial_output_delay (0)
-------------------------------------
 There are 0 ports with partial output delay specified.


12. checking latch_loops (0)
----------------------------
 There are 0 combinational latch loops in the design through latch input



------------------------------------------------------------------------------------------------
| Design Timing Summary
| ---------------------
------------------------------------------------------------------------------------------------

    WNS(ns)      TNS(ns)  TNS Failing Endpoints  TNS Total Endpoints      WHS(ns)      THS(ns)  THS Failing Endpoints  THS Total Endpoints     WPWS(ns)     TPWS(ns)  TPWS Failing Endpoints  TPWS Total Endpoints  
    -------      -------  ---------------------  -------------------      -------      -------  ---------------------  -------------------     --------     --------  ----------------------  --------------------  
     -0.054       -0.253                      9                25302        0.098        0.000                      0                25302        2.151        0.000                       0                  2825  


Timing constraints are not met.


------------------------------------------------------------------------------------------------
| Clock Summary
| -------------
------------------------------------------------------------------------------------------------

Clock  Waveform(ns)         Period(ns)      Frequency(MHz)
-----  ------------         ----------      --------------
clk    {0.000 3.401}        6.803           146.994         


------------------------------------------------------------------------------------------------
| Intra Clock Table
| -----------------
------------------------------------------------------------------------------------------------

Clock             WNS(ns)      TNS(ns)  TNS Failing Endpoints  TNS Total Endpoints      WHS(ns)      THS(ns)  THS Failing Endpoints  THS Total Endpoints     WPWS(ns)     TPWS(ns)  TPWS Failing Endpoints  TPWS Total Endpoints  
-----             -------      -------  ---------------------  -------------------      -------      -------  ---------------------  -------------------     --------     --------  ----------------------  --------------------  
clk                -0.054       -0.253                      9                25302        0.098        0.000                      0                25302        2.151        0.000                       0                  2825  


------------------------------------------------------------------------------------------------
| Inter Clock Table
| -----------------
------------------------------------------------------------------------------------------------

From Clock    To Clock          WNS(ns)      TNS(ns)  TNS Failing Endpoints  TNS Total Endpoints      WHS(ns)      THS(ns)  THS Failing Endpoints  THS Total Endpoints  
----------    --------          -------      -------  ---------------------  -------------------      -------      -------  ---------------------  -------------------  


------------------------------------------------------------------------------------------------
| Other Path Groups Table
| -----------------------
------------------------------------------------------------------------------------------------

Path Group    From Clock    To Clock          WNS(ns)      TNS(ns)  TNS Failing Endpoints  TNS Total Endpoints      WHS(ns)      THS(ns)  THS Failing Endpoints  THS Total Endpoints  
----------    ----------    --------          -------      -------  ---------------------  -------------------      -------      -------  ---------------------  -------------------  


------------------------------------------------------------------------------------------------
| Timing Details
| --------------
------------------------------------------------------------------------------------------------


---------------------------------------------------------------------------------------------------
From Clock:  clk
  To Clock:  clk

Setup :            9  Failing Endpoints,  Worst Slack       -0.054ns,  Total Violation       -0.253ns
Hold  :            0  Failing Endpoints,  Worst Slack        0.098ns,  Total Violation        0.000ns
PW    :            0  Failing Endpoints,  Worst Slack        2.151ns,  Total Violation        0.000ns
---------------------------------------------------------------------------------------------------


Max Delay Paths
--------------------------------------------------------------------------------------
Slack (VIOLATED) :        -0.054ns  (required time - arrival time)
  Source:                 u_line_buffer/x_count_reg[1]/C
                            (rising edge-triggered cell FDRE clocked by clk  {rise@0.000ns fall@3.401ns period=6.803ns})
  Destination:            u_line_buffer/line2_reg_1024_1279_18_18/RAMS64E_A/I
                            (rising edge-triggered cell RAMS64E clocked by clk  {rise@0.000ns fall@3.401ns period=6.803ns})
  Path Group:             clk
  Path Type:              Setup (Max at Slow Process Corner)
  Requirement:            6.803ns  (clk rise@6.803ns - clk rise@0.000ns)
  Data Path Delay:        5.986ns  (logic 1.362ns (22.753%)  route 4.624ns (77.247%))
  Logic Levels:           5  (LUT6=2 MUXF7=1 MUXF8=1 RAMS64E=1)
  Clock Path Skew:        -0.110ns (DCD - SCD + CPR)
    Destination Clock Delay (DCD):    4.303ns = ( 11.106 - 6.803 ) 
    Source Clock Delay      (SCD):    4.663ns
    Clock Pessimism Removal (CPR):    0.250ns
  Clock Uncertainty:      0.035ns  ((TSJ^2 + TIJ^2)^1/2 + DJ) / 2 + PE
    Total System Jitter     (TSJ):    0.071ns
    Total Input Jitter      (TIJ):    0.000ns
    Discrete Jitter          (DJ):    0.000ns
    Phase Error              (PE):    0.000ns

    Location             Delay type                Incr(ns)  Path(ns)    Netlist Resource(s)
  -------------------------------------------------------------------    -------------------
                         (clock clk rise edge)        0.000     0.000 r  
    N15                                               0.000     0.000 r  clk (IN)
                         net (fo=0)                   0.000     0.000    clk
    N15                  IBUF (Prop_ibuf_I_O)         0.948     0.948 r  clk_IBUF_inst/O
                         net (fo=1, routed)           2.016     2.963    clk_IBUF
    BUFGCTRL_X0Y0        BUFG (Prop_bufg_I_O)         0.096     3.059 r  clk_IBUF_BUFG_inst/O
                         net (fo=2824, routed)        1.604     4.663    u_line_buffer/clk_IBUF_BUFG
    SLICE_X53Y115        FDRE                                         r  u_line_buffer/x_count_reg[1]/C
  -------------------------------------------------------------------    -------------------
    SLICE_X53Y115        FDRE (Prop_fdre_C_Q)         0.456     5.119 r  u_line_buffer/x_count_reg[1]/Q
                         net (fo=2165, routed)        2.140     7.260    u_line_buffer/line1_reg_512_767_18_18/A1
    SLICE_X30Y101        RAMS64E (Prop_rams64e_ADR1_O)
                                                      0.124     7.384 r  u_line_buffer/line1_reg_512_767_18_18/RAMS64E_D/O
                         net (fo=1, routed)           0.000     7.384    u_line_buffer/line1_reg_512_767_18_18/OD
    SLICE_X30Y101        MUXF7 (Prop_muxf7_I0_O)      0.241     7.625 r  u_line_buffer/line1_reg_512_767_18_18/F7.B/O
                         net (fo=1, routed)           0.000     7.625    u_line_buffer/line1_reg_512_767_18_18/O0
    SLICE_X30Y101        MUXF8 (Prop_muxf8_I0_O)      0.098     7.723 r  u_line_buffer/line1_reg_512_767_18_18/F8/O
                         net (fo=1, routed)           0.713     8.436    u_line_buffer/line1_reg_512_767_18_18_n_0
    SLICE_X28Y105        LUT6 (Prop_lut6_I2_O)        0.319     8.755 r  u_line_buffer/sr2[4][18]_i_2/O
                         net (fo=1, routed)           0.615     9.370    u_line_buffer/sr2[4][18]_i_2_n_0
    SLICE_X31Y112        LUT6 (Prop_lut6_I4_O)        0.124     9.494 r  u_line_buffer/sr2[4][18]_i_1/O
                         net (fo=33, routed)          1.155    10.649    u_line_buffer/line2_reg_1024_1279_18_18/D
    SLICE_X42Y126        RAMS64E                                      r  u_line_buffer/line2_reg_1024_1279_18_18/RAMS64E_A/I
  -------------------------------------------------------------------    -------------------

                         (clock clk rise edge)        6.803     6.803 r  
    N15                                               0.000     6.803 r  clk (IN)
                         net (fo=0)                   0.000     6.803    clk
    N15                  IBUF (Prop_ibuf_I_O)         0.814     7.617 r  clk_IBUF_inst/O
                         net (fo=1, routed)           1.911     9.528    clk_IBUF
    BUFGCTRL_X0Y0        BUFG (Prop_bufg_I_O)         0.091     9.619 r  clk_IBUF_BUFG_inst/O
                         net (fo=2824, routed)        1.487    11.106    u_line_buffer/line2_reg_1024_1279_18_18/WCLK
    SLICE_X42Y126        RAMS64E                                      r  u_line_buffer/line2_reg_1024_1279_18_18/RAMS64E_A/CLK
                         clock pessimism              0.250    11.356    
                         clock uncertainty           -0.035    11.320    
    SLICE_X42Y126        RAMS64E (Setup_rams64e_CLK_I)
                                                     -0.725    10.595    u_line_buffer/line2_reg_1024_1279_18_18/RAMS64E_A
  -------------------------------------------------------------------
                         required time                         10.595    
                         arrival time                         -10.649    
  -------------------------------------------------------------------
                         slack                                 -0.054    





Min Delay Paths
--------------------------------------------------------------------------------------
Slack (MET) :             0.098ns  (arrival time - required time)
  Source:                 u_line_buffer/x_count_reg[0]_rep__1/C
                            (rising edge-triggered cell FDRE clocked by clk  {rise@0.000ns fall@3.401ns period=6.803ns})
  Destination:            u_line_buffer/line2_reg_768_1023_21_21/RAMS64E_A/ADR0
                            (rising edge-triggered cell RAMS64E clocked by clk  {rise@0.000ns fall@3.401ns period=6.803ns})
  Path Group:             clk
  Path Type:              Hold (Min at Fast Process Corner)
  Requirement:            0.000ns  (clk rise@0.000ns - clk rise@0.000ns)
  Data Path Delay:        0.421ns  (logic 0.141ns (33.457%)  route 0.280ns (66.543%))
  Logic Levels:           0  
  Clock Path Skew:        0.013ns (DCD - SCD - CPR)
    Destination Clock Delay (DCD):    1.907ns
    Source Clock Delay      (SCD):    1.393ns
    Clock Pessimism Removal (CPR):    0.500ns

    Location             Delay type                Incr(ns)  Path(ns)    Netlist Resource(s)
  -------------------------------------------------------------------    -------------------
                         (clock clk rise edge)        0.000     0.000 r  
    N15                                               0.000     0.000 r  clk (IN)
                         net (fo=0)                   0.000     0.000    clk
    N15                  IBUF (Prop_ibuf_I_O)         0.177     0.177 r  clk_IBUF_inst/O
                         net (fo=1, routed)           0.640     0.817    clk_IBUF
    BUFGCTRL_X0Y0        BUFG (Prop_bufg_I_O)         0.026     0.843 r  clk_IBUF_BUFG_inst/O
                         net (fo=2824, routed)        0.551     1.393    u_line_buffer/clk_IBUF_BUFG
    SLICE_X43Y125        FDRE                                         r  u_line_buffer/x_count_reg[0]_rep__1/C
  -------------------------------------------------------------------    -------------------
    SLICE_X43Y125        FDRE (Prop_fdre_C_Q)         0.141     1.534 r  u_line_buffer/x_count_reg[0]_rep__1/Q
                         net (fo=156, routed)         0.280     1.815    u_line_buffer/line2_reg_768_1023_21_21/A0
    SLICE_X42Y125        RAMS64E                                      r  u_line_buffer/line2_reg_768_1023_21_21/RAMS64E_A/ADR0
  -------------------------------------------------------------------    -------------------

                         (clock clk rise edge)        0.000     0.000 r  
    N15                                               0.000     0.000 r  clk (IN)
                         net (fo=0)                   0.000     0.000    clk
    N15                  IBUF (Prop_ibuf_I_O)         0.365     0.365 r  clk_IBUF_inst/O
                         net (fo=1, routed)           0.695     1.060    clk_IBUF
    BUFGCTRL_X0Y0        BUFG (Prop_bufg_I_O)         0.029     1.089 r  clk_IBUF_BUFG_inst/O
                         net (fo=2824, routed)        0.817     1.907    u_line_buffer/line2_reg_768_1023_21_21/WCLK
    SLICE_X42Y125        RAMS64E                                      r  u_line_buffer/line2_reg_768_1023_21_21/RAMS64E_A/CLK
                         clock pessimism             -0.500     1.406    
    SLICE_X42Y125        RAMS64E (Hold_rams64e_CLK_ADR0)
                                                      0.310     1.716    u_line_buffer/line2_reg_768_1023_21_21/RAMS64E_A
  -------------------------------------------------------------------
                         required time                         -1.716    
                         arrival time                           1.815    
  -------------------------------------------------------------------
                         slack                                  0.098    





Pulse Width Checks
--------------------------------------------------------------------------------------
Clock Name:         clk
Waveform(ns):       { 0.000 3.401 }
Period(ns):         6.803
Sources:            { clk }

Check Type        Corner  Lib Pin      Reference Pin  Required(ns)  Actual(ns)  Slack(ns)  Location       Pin
Min Period        n/a     DSP48E1/CLK  n/a            3.884         6.803       2.919      DSP48_X0Y43    u_mac_array/mul_b_q_reg[15]/CLK
Low Pulse Width   Slow    RAMS64E/CLK  n/a            1.250         3.401       2.151      SLICE_X58Y103  u_line_buffer/line0_reg_0_127_0_0/HIGH/CLK
High Pulse Width  Slow    RAMS64E/CLK  n/a            1.250         3.402       2.152      SLICE_X58Y103  u_line_buffer/line0_reg_0_127_0_0/HIGH/CLK



