
*** Running vivado
    with args -log top_convolution.vdi -applog -m64 -product Vivado -messageDb vivado.pb -mode batch -source top_convolution.tcl -notrace



****** Vivado v2023.2 (64-bit)
  **** SW Build 4029153 on Fri Oct 13 20:14:34 MDT 2023
  **** IP Build 4028589 on Sat Oct 14 00:45:43 MDT 2023
  **** SharedData Build 4025554 on Tue Oct 10 17:18:54 MDT 2023
    ** Copyright 1986-2022 Xilinx, Inc. All Rights Reserved.
    ** Copyright 2022-2023 Advanced Micro Devices, Inc. All Rights Reserved.

source top_convolution.tcl -notrace
create_project: Time (s): cpu = 00:00:06 ; elapsed = 00:00:07 . Memory (MB): peak = 567.488 ; gain = 182.871
Command: link_design -top top_convolution -part xc7a100tcsg324-1
Design is defaulting to srcset: sources_1
Design is defaulting to constrset: constrs_1
INFO: [Device 21-403] Loading part xc7a100tcsg324-1
Netlist sorting complete. Time (s): cpu = 00:00:00 ; elapsed = 00:00:00.025 . Memory (MB): peak = 978.594 ; gain = 0.000
INFO: [Netlist 29-17] Analyzing 697 Unisim elements for replacement
INFO: [Netlist 29-28] Unisim Transformation completed in 0 CPU seconds
INFO: [Project 1-479] Netlist was created with Vivado 2023.2
INFO: [Project 1-570] Preparing netlist for logic optimization
Parsing XDC File [E:/PROJECTS/convolution_fpga/vivado_project/fmax_sweep/150MHz/clock.xdc]
WARNING: [Vivado 12-2489] -period contains time 6.666667 which will be rounded to 6.667 to ensure it is an integer multiple of 1 picosecond [E:/PROJECTS/convolution_fpga/vivado_project/fmax_sweep/150MHz/clock.xdc:1]
Finished Parsing XDC File [E:/PROJECTS/convolution_fpga/vivado_project/fmax_sweep/150MHz/clock.xdc]
INFO: [Opt 31-138] Pushed 0 inverter(s) to 0 load pin(s).
Netlist sorting complete. Time (s): cpu = 00:00:00 ; elapsed = 00:00:00.001 . Memory (MB): peak = 1126.496 ; gain = 0.000
INFO: [Project 1-111] Unisim Transformation Summary:
  A total of 576 instances were transformed.
  RAM128X1S => RAM128X1S (MUXF7, RAMS64E(x2)): 72 instances
  RAM256X1S => RAM256X1S (MUXF7(x2), MUXF8, RAMS64E(x4)): 504 instances

The system cannot find the path specified.
7 Infos, 1 Warnings, 0 Critical Warnings and 0 Errors encountered.
link_design completed successfully
link_design: Time (s): cpu = 00:00:05 ; elapsed = 00:00:07 . Memory (MB): peak = 1126.496 ; gain = 559.008
Command: opt_design -directive ExploreWithRemap
INFO: [Vivado_Tcl 4-136] Directive used for opt_design is: ExploreWithRemap
Attempting to get a license for feature 'Implementation' and/or device 'xc7a100t'
INFO: [Common 17-349] Got license for feature 'Implementation' and/or device 'xc7a100t'
Running DRC as a precondition to command opt_design

Starting DRC Task
INFO: [DRC 23-27] Running DRC with 4 threads
INFO: [Project 1-461] DRC finished with 0 Errors
INFO: [Project 1-462] Please refer to the DRC report (report_drc) for more information.

Time (s): cpu = 00:00:01 ; elapsed = 00:00:01 . Memory (MB): peak = 1148.480 ; gain = 21.984

Starting Logic Optimization Task

Phase 1 Initialization

Phase 1.1 Core Generation And Design Setup
Phase 1.1 Core Generation And Design Setup | Checksum: 9c83030e

Time (s): cpu = 00:00:00 ; elapsed = 00:00:00.004 . Memory (MB): peak = 1492.992 ; gain = 0.000

Phase 1.2 Setup Constraints And Sort Netlist
Phase 1.2 Setup Constraints And Sort Netlist | Checksum: 9c83030e

Time (s): cpu = 00:00:00 ; elapsed = 00:00:00.007 . Memory (MB): peak = 1492.992 ; gain = 0.000
Phase 1 Initialization | Checksum: 9c83030e

Time (s): cpu = 00:00:00 ; elapsed = 00:00:00.008 . Memory (MB): peak = 1492.992 ; gain = 0.000

Phase 2 Timer Update And Timing Data Collection

Phase 2.1 Timer Update
INFO: [Timing 38-35] Done setting XDC timing constraints.
Phase 2.1 Timer Update | Checksum: 9c83030e

Time (s): cpu = 00:00:07 ; elapsed = 00:00:07 . Memory (MB): peak = 1999.395 ; gain = 506.402

Phase 2.2 Timing Data Collection
Phase 2.2 Timing Data Collection | Checksum: 9c83030e

Time (s): cpu = 00:00:07 ; elapsed = 00:00:07 . Memory (MB): peak = 1999.395 ; gain = 506.402
Phase 2 Timer Update And Timing Data Collection | Checksum: 9c83030e

Time (s): cpu = 00:00:07 ; elapsed = 00:00:07 . Memory (MB): peak = 1999.395 ; gain = 506.402

Phase 3 Retarget
INFO: [Opt 31-138] Pushed 0 inverter(s) to 0 load pin(s).
INFO: [Opt 31-49] Retargeted 0 cell(s).
Phase 3 Retarget | Checksum: c48b831d

Time (s): cpu = 00:00:08 ; elapsed = 00:00:07 . Memory (MB): peak = 1999.395 ; gain = 506.402
Retarget | Checksum: c48b831d
INFO: [Opt 31-389] Phase Retarget created 0 cells and removed 0 cells

Phase 4 Constant propagation
INFO: [Opt 31-138] Pushed 0 inverter(s) to 0 load pin(s).
Phase 4 Constant propagation | Checksum: c48b831d

Time (s): cpu = 00:00:08 ; elapsed = 00:00:07 . Memory (MB): peak = 1999.395 ; gain = 506.402
Constant propagation | Checksum: c48b831d
INFO: [Opt 31-389] Phase Constant propagation created 0 cells and removed 0 cells

Phase 5 Sweep
Phase 5 Sweep | Checksum: a21a139e

Time (s): cpu = 00:00:08 ; elapsed = 00:00:07 . Memory (MB): peak = 1999.395 ; gain = 506.402
Sweep | Checksum: a21a139e
INFO: [Opt 31-389] Phase Sweep created 0 cells and removed 0 cells

Phase 6 BUFG optimization
Phase 6 BUFG optimization | Checksum: a21a139e

Time (s): cpu = 00:00:08 ; elapsed = 00:00:07 . Memory (MB): peak = 1999.395 ; gain = 506.402
BUFG optimization | Checksum: a21a139e
INFO: [Opt 31-662] Phase BUFG optimization created 0 cells of which 0 are BUFGs and removed 0 cells.

Phase 7 Shift Register Optimization
INFO: [Opt 31-1064] SRL Remap converted 0 SRLs to 0 registers and converted 0 registers of register chains to 0 SRLs
Phase 7 Shift Register Optimization | Checksum: a21a139e

Time (s): cpu = 00:00:08 ; elapsed = 00:00:07 . Memory (MB): peak = 1999.395 ; gain = 506.402
Shift Register Optimization | Checksum: a21a139e
INFO: [Opt 31-389] Phase Shift Register Optimization created 0 cells and removed 0 cells
INFO: [Opt 31-1555] control_set_opt supports Versal devices only, and device 7a100t is unsupported

Phase 8 Remap
INFO: [Constraints 18-11670] Building netlist checker database with flags, 0x8
Done building netlist checker database: Time (s): cpu = 00:00:00 ; elapsed = 00:00:00.003 . Memory (MB): peak = 2296.539 ; gain = 0.000
Phase 8 Remap | Checksum: f75d4031

Time (s): cpu = 00:00:12 ; elapsed = 00:00:11 . Memory (MB): peak = 2428.973 ; gain = 935.980
Remap | Checksum: f75d4031
INFO: [Opt 31-389] Phase Remap created 9 cells and removed 11 cells

Phase 9 Post Processing Netlist
Phase 9 Post Processing Netlist | Checksum: 7737d64c

Time (s): cpu = 00:00:12 ; elapsed = 00:00:11 . Memory (MB): peak = 2428.973 ; gain = 935.980
Post Processing Netlist | Checksum: 7737d64c
INFO: [Opt 31-389] Phase Post Processing Netlist created 0 cells and removed 0 cells

Phase 10 Finalization

Phase 10.1 Finalizing Design Cores and Updating Shapes
Phase 10.1 Finalizing Design Cores and Updating Shapes | Checksum: 18942e879

Time (s): cpu = 00:00:12 ; elapsed = 00:00:11 . Memory (MB): peak = 2428.973 ; gain = 935.980

Phase 10.2 Verifying Netlist Connectivity

Starting Connectivity Check Task

Time (s): cpu = 00:00:00 ; elapsed = 00:00:00.002 . Memory (MB): peak = 2428.973 ; gain = 0.000
Phase 10.2 Verifying Netlist Connectivity | Checksum: 18942e879

Time (s): cpu = 00:00:12 ; elapsed = 00:00:11 . Memory (MB): peak = 2428.973 ; gain = 935.980
Phase 10 Finalization | Checksum: 18942e879

Time (s): cpu = 00:00:12 ; elapsed = 00:00:11 . Memory (MB): peak = 2428.973 ; gain = 935.980
Opt_design Change Summary
=========================


-------------------------------------------------------------------------------------------------------------------------
|  Phase                        |  #Cells created  |  #Cells Removed  |  #Constrained objects preventing optimizations  |
-------------------------------------------------------------------------------------------------------------------------
|  Retarget                     |               0  |               0  |                                              0  |
|  Constant propagation         |               0  |               0  |                                              0  |
|  Sweep                        |               0  |               0  |                                              0  |
|  BUFG optimization            |               0  |               0  |                                              0  |
|  Shift Register Optimization  |               0  |               0  |                                              0  |
|  Remap                        |               9  |              11  |                                              0  |
|  Post Processing Netlist      |               0  |               0  |                                              0  |
-------------------------------------------------------------------------------------------------------------------------


Ending Logic Optimization Task | Checksum: 18942e879

Time (s): cpu = 00:00:12 ; elapsed = 00:00:11 . Memory (MB): peak = 2428.973 ; gain = 935.980
INFO: [Constraints 18-11670] Building netlist checker database with flags, 0x8
Done building netlist checker database: Time (s): cpu = 00:00:00 ; elapsed = 00:00:00.002 . Memory (MB): peak = 2428.973 ; gain = 0.000

Starting Netlist Obfuscation Task
Netlist sorting complete. Time (s): cpu = 00:00:00 ; elapsed = 00:00:00.002 . Memory (MB): peak = 2428.973 ; gain = 0.000
Ending Netlist Obfuscation Task | Checksum: 18942e879

Time (s): cpu = 00:00:00 ; elapsed = 00:00:00.003 . Memory (MB): peak = 2428.973 ; gain = 0.000
INFO: [Common 17-83] Releasing license: Implementation
28 Infos, 1 Warnings, 0 Critical Warnings and 0 Errors encountered.
opt_design completed successfully
opt_design: Time (s): cpu = 00:00:16 ; elapsed = 00:00:15 . Memory (MB): peak = 2428.973 ; gain = 1302.477
INFO: [runtcl-4] Executing : report_drc -file top_convolution_drc_opted.rpt -pb top_convolution_drc_opted.pb -rpx top_convolution_drc_opted.rpx
Command: report_drc -file top_convolution_drc_opted.rpt -pb top_convolution_drc_opted.pb -rpx top_convolution_drc_opted.rpx
INFO: [IP_Flow 19-234] Refreshing IP repositories
INFO: [IP_Flow 19-1704] No user IP repositories specified
INFO: [IP_Flow 19-2313] Loaded Vivado IP repository 'E:/Vivado/2023.2/data/ip'.
INFO: [DRC 23-27] Running DRC with 4 threads
INFO: [Vivado_Tcl 2-168] The results of DRC are in file E:/PROJECTS/convolution_fpga/vivado_project/fmax_sweep/150MHz/project/fmax_150.runs/impl_1/top_convolution_drc_opted.rpt.
report_drc completed successfully
INFO: [Timing 38-480] Writing timing data to binary archive.
Write ShapeDB Complete: Time (s): cpu = 00:00:00 ; elapsed = 00:00:00.013 . Memory (MB): peak = 2468.586 ; gain = 0.000
INFO: [Common 17-1381] The checkpoint 'E:/PROJECTS/convolution_fpga/vivado_project/fmax_sweep/150MHz/project/fmax_150.runs/impl_1/top_convolution_opt.dcp' has been generated.
Command: place_design -directive Explore
Attempting to get a license for feature 'Implementation' and/or device 'xc7a100t'
INFO: [Common 17-349] Got license for feature 'Implementation' and/or device 'xc7a100t'
INFO: [Common 17-83] Releasing license: Implementation
INFO: [DRC 23-27] Running DRC with 4 threads
INFO: [Vivado_Tcl 4-198] DRC finished with 0 Errors
INFO: [Vivado_Tcl 4-199] Please refer to the DRC report (report_drc) for more information.
Running DRC as a precondition to command place_design
INFO: [DRC 23-27] Running DRC with 4 threads
INFO: [Vivado_Tcl 4-198] DRC finished with 0 Errors
INFO: [Vivado_Tcl 4-199] Please refer to the DRC report (report_drc) for more information.
INFO: [Place 46-5] The placer was invoked with the 'Explore' directive.
INFO: [Place 30-611] Multithreading enabled for place_design using a maximum of 4 CPUs

Starting Placer Task

Phase 1 Placer Initialization

Phase 1.1 Placer Initialization Netlist Sorting
Netlist sorting complete. Time (s): cpu = 00:00:00 ; elapsed = 00:00:00.002 . Memory (MB): peak = 2468.586 ; gain = 0.000
Phase 1.1 Placer Initialization Netlist Sorting | Checksum: a15b05f1

Time (s): cpu = 00:00:00 ; elapsed = 00:00:00.009 . Memory (MB): peak = 2468.586 ; gain = 0.000
Netlist sorting complete. Time (s): cpu = 00:00:00 ; elapsed = 00:00:00.001 . Memory (MB): peak = 2468.586 ; gain = 0.000

Phase 1.2 IO Placement/ Clock Placement/ Build Placer Device
INFO: [Timing 38-35] Done setting XDC timing constraints.
Phase 1.2 IO Placement/ Clock Placement/ Build Placer Device | Checksum: 5ac1c57c

Time (s): cpu = 00:00:03 ; elapsed = 00:00:00.834 . Memory (MB): peak = 2493.367 ; gain = 24.781

Phase 1.3 Build Placer Netlist Model
Phase 1.3 Build Placer Netlist Model | Checksum: 964e3fb9

Time (s): cpu = 00:00:05 ; elapsed = 00:00:03 . Memory (MB): peak = 2512.625 ; gain = 44.039

Phase 1.4 Constrain Clocks/Macros
Phase 1.4 Constrain Clocks/Macros | Checksum: 964e3fb9

Time (s): cpu = 00:00:05 ; elapsed = 00:00:03 . Memory (MB): peak = 2512.625 ; gain = 44.039
Phase 1 Placer Initialization | Checksum: 964e3fb9

Time (s): cpu = 00:00:06 ; elapsed = 00:00:03 . Memory (MB): peak = 2512.625 ; gain = 44.039

Phase 2 Global Placement

Phase 2.1 Floorplanning
Phase 2.1 Floorplanning | Checksum: 9502ac4f

Time (s): cpu = 00:00:06 ; elapsed = 00:00:03 . Memory (MB): peak = 2512.625 ; gain = 44.039

Phase 2.2 Update Timing before SLR Path Opt
Phase 2.2 Update Timing before SLR Path Opt | Checksum: 7233d506

Time (s): cpu = 00:00:07 ; elapsed = 00:00:04 . Memory (MB): peak = 2512.625 ; gain = 44.039

Phase 2.3 Post-Processing in Floorplanning
Phase 2.3 Post-Processing in Floorplanning | Checksum: 7233d506

Time (s): cpu = 00:00:07 ; elapsed = 00:00:04 . Memory (MB): peak = 2512.625 ; gain = 44.039

Phase 2.4 Global Placement Core

Phase 2.4.1 UpdateTiming Before Physical Synthesis
Phase 2.4.1 UpdateTiming Before Physical Synthesis | Checksum: da90fd5f

Time (s): cpu = 00:00:22 ; elapsed = 00:00:13 . Memory (MB): peak = 2512.625 ; gain = 44.039

Phase 2.4.2 Physical Synthesis In Placer
INFO: [Physopt 32-1035] Found 1 LUTNM shape to break, 48 LUT instances to create LUTNM shape
INFO: [Physopt 32-1044] Break lutnm for timing: one critical 1, two critical 0, total 1, new lutff created 0
INFO: [Physopt 32-1138] End 1 Pass. Optimized 22 nets or LUTs. Breaked 1 LUT, combined 21 existing LUTs and moved 0 existing LUT
INFO: [Physopt 32-1132] Very high fanout net 'u_line_buffer/x_count_reg_n_0_[1]' is not considered as a candidate in VHFN optimzation. The fanout considered for this optimization is changed from 2165 to 582 due to a timing constraint that prevent optimization on all of the loads. To force replication, set the FORCE_MAX_FANOUT property on the net to a number less than 582.
INFO: [Physopt 32-1132] Very high fanout net 'u_line_buffer/x_count_reg_n_0_[2]' is not considered as a candidate in VHFN optimzation. The fanout considered for this optimization is changed from 2166 to 583 due to a timing constraint that prevent optimization on all of the loads. To force replication, set the FORCE_MAX_FANOUT property on the net to a number less than 583.
INFO: [Physopt 32-1132] Very high fanout net 'u_line_buffer/x_count_reg_n_0_[3]' is not considered as a candidate in VHFN optimzation. The fanout considered for this optimization is changed from 2166 to 583 due to a timing constraint that prevent optimization on all of the loads. To force replication, set the FORCE_MAX_FANOUT property on the net to a number less than 583.
INFO: [Physopt 32-1132] Very high fanout net 'u_line_buffer/x_count_reg_n_0_[4]' is not considered as a candidate in VHFN optimzation. The fanout considered for this optimization is changed from 2166 to 583 due to a timing constraint that prevent optimization on all of the loads. To force replication, set the FORCE_MAX_FANOUT property on the net to a number less than 583.
INFO: [Physopt 32-1132] Very high fanout net 'u_line_buffer/x_count_reg_n_0_[5]' is not considered as a candidate in VHFN optimzation. The fanout considered for this optimization is changed from 2166 to 583 due to a timing constraint that prevent optimization on all of the loads. To force replication, set the FORCE_MAX_FANOUT property on the net to a number less than 583.
INFO: [Physopt 32-1132] Very high fanout net 'u_line_buffer/x_count_reg_n_0_[6]' is not considered as a candidate in VHFN optimzation. The fanout considered for this optimization is changed from 3246 to 583 due to a timing constraint that prevent optimization on all of the loads. To force replication, set the FORCE_MAX_FANOUT property on the net to a number less than 583.
INFO: [Physopt 32-65] No nets found for high-fanout optimization.
INFO: [Physopt 32-232] Optimized 0 net. Created 0 new instance.
INFO: [Physopt 32-775] End 1 Pass. Optimized 0 net or cell. Created 0 new cell, deleted 0 existing cell and moved 0 existing cell
INFO: [Physopt 32-76] Pass 1. Identified 1 candidate net for fanout optimization.
INFO: [Physopt 32-81] Processed net u_line_buffer/x_count_reg_n_0_[8]. Replicated 9 times.
INFO: [Physopt 32-232] Optimized 1 net. Created 9 new instances.
INFO: [Physopt 32-775] End 1 Pass. Optimized 1 net or cell. Created 9 new cells, deleted 0 existing cell and moved 0 existing cell
Netlist sorting complete. Time (s): cpu = 00:00:00 ; elapsed = 00:00:00.009 . Memory (MB): peak = 2512.625 ; gain = 0.000
INFO: [Physopt 32-46] Identified 10 candidate nets for critical-cell optimization.
INFO: [Physopt 32-232] Optimized 0 net. Created 0 new instance.
INFO: [Physopt 32-775] End 1 Pass. Optimized 0 net or cell. Created 0 new cell, deleted 0 existing cell and moved 0 existing cell
INFO: [Physopt 32-457] Pass 1. Identified 13 candidate cells for DSP register optimization.
INFO: [Physopt 32-665] Processed cell u_mac_array/mul_r_q_reg[18]. 8 registers were pushed out.
INFO: [Physopt 32-665] Processed cell p_1_out__0. 8 registers were pushed out.
INFO: [Physopt 32-665] Processed cell u_mac_array/mul_g_q_reg[18]. 8 registers were pushed out.
INFO: [Physopt 32-665] Processed cell u_mac_array/mul_b_q_reg[18]. 8 registers were pushed out.
INFO: [Physopt 32-665] Processed cell p_1_out__20. 8 registers were pushed out.
INFO: [Physopt 32-665] Processed cell p_1_out__18. 8 registers were pushed out.
INFO: [Physopt 32-665] Processed cell p_1_out__11. 8 registers were pushed out.
INFO: [Physopt 32-665] Processed cell u_mac_array/sub_b_q_reg[4]. 8 registers were pushed out.
INFO: [Physopt 32-665] Processed cell u_mac_array/sub_g_q_reg[4]. 8 registers were pushed out.
INFO: [Physopt 32-665] Processed cell p_1_out__2. 8 registers were pushed out.
INFO: [Physopt 32-665] Processed cell p_1_out__9. 8 registers were pushed out.
INFO: [Physopt 32-665] Processed cell u_mac_array/mul_g_q_reg[9]. 8 registers were pushed out.
INFO: [Physopt 32-665] Processed cell u_mac_array/sub_r_q_reg[4]. 8 registers were pushed out.
INFO: [Physopt 32-775] End 2 Pass. Optimized 13 nets or cells. Created 104 new cells, deleted 0 existing cell and moved 0 existing cell
Netlist sorting complete. Time (s): cpu = 00:00:00 ; elapsed = 00:00:00.035 . Memory (MB): peak = 2512.625 ; gain = 0.000
INFO: [Physopt 32-1123] No candidate cells found for Shift Register to Pipeline optimization
INFO: [Physopt 32-775] End 2 Pass. Optimized 0 net or cell. Created 0 new cell, deleted 0 existing cell and moved 0 existing cell
INFO: [Physopt 32-1401] No candidate cells found for Shift Register optimization.
INFO: [Physopt 32-677] No candidate cells for Shift Register optimization found in the design
INFO: [Physopt 32-775] End 1 Pass. Optimized 0 net or cell. Created 0 new cell, deleted 0 existing cell and moved 0 existing cell
INFO: [Physopt 32-526] No candidate cells for BRAM register optimization found in the design
INFO: [Physopt 32-775] End 1 Pass. Optimized 0 net or cell. Created 0 new cell, deleted 0 existing cell and moved 0 existing cell
INFO: [Physopt 32-846] No candidate cells for URAM register optimization found in the design
INFO: [Physopt 32-775] End 1 Pass. Optimized 0 net or cell. Created 0 new cell, deleted 0 existing cell and moved 0 existing cell
INFO: [Physopt 32-846] No candidate cells for URAM register optimization found in the design
INFO: [Physopt 32-775] End 1 Pass. Optimized 0 net or cell. Created 0 new cell, deleted 0 existing cell and moved 0 existing cell
INFO: [Physopt 32-949] No candidate nets found for dynamic/static region interface net replication
INFO: [Physopt 32-775] End 1 Pass. Optimized 0 net or cell. Created 0 new cell, deleted 0 existing cell and moved 0 existing cell
Netlist sorting complete. Time (s): cpu = 00:00:00 ; elapsed = 00:00:00.002 . Memory (MB): peak = 2512.625 ; gain = 0.000

Summary of Physical Synthesis Optimizations
============================================


-----------------------------------------------------------------------------------------------------------------------------------------------------------
|  Optimization                                     |  Added Cells  |  Removed Cells  |  Optimized Cells/Nets  |  Dont Touch  |  Iterations  |  Elapsed   |
-----------------------------------------------------------------------------------------------------------------------------------------------------------
|  LUT Combining                                    |            1  |             21  |                    22  |           0  |           1  |  00:00:00  |
|  Retime                                           |            0  |              0  |                     0  |           0  |           1  |  00:00:00  |
|  Very High Fanout                                 |            0  |              0  |                     0  |           0  |           1  |  00:00:00  |
|  Fanout                                           |            9  |              0  |                     1  |           0  |           1  |  00:00:00  |
|  Critical Cell                                    |            0  |              0  |                     0  |           0  |           1  |  00:00:00  |
|  DSP Register                                     |          104  |              0  |                    13  |           0  |           1  |  00:00:02  |
|  Shift Register to Pipeline                       |            0  |              0  |                     0  |           0  |           1  |  00:00:00  |
|  Shift Register                                   |            0  |              0  |                     0  |           0  |           1  |  00:00:00  |
|  BRAM Register                                    |            0  |              0  |                     0  |           0  |           1  |  00:00:00  |
|  URAM Register                                    |            0  |              0  |                     0  |           0  |           1  |  00:00:00  |
|  Dynamic/Static Region Interface Net Replication  |            0  |              0  |                     0  |           0  |           1  |  00:00:00  |
|  Total                                            |          114  |             21  |                    36  |           0  |          11  |  00:00:02  |
-----------------------------------------------------------------------------------------------------------------------------------------------------------


Phase 2.4.2 Physical Synthesis In Placer | Checksum: 1e0e0b593

Time (s): cpu = 00:00:25 ; elapsed = 00:00:16 . Memory (MB): peak = 2512.625 ; gain = 44.039
Phase 2.4 Global Placement Core | Checksum: 134cd1030

Time (s): cpu = 00:00:26 ; elapsed = 00:00:16 . Memory (MB): peak = 2512.625 ; gain = 44.039
Phase 2 Global Placement | Checksum: 134cd1030

Time (s): cpu = 00:00:26 ; elapsed = 00:00:16 . Memory (MB): peak = 2512.625 ; gain = 44.039

Phase 3 Detail Placement

Phase 3.1 Commit Multi Column Macros
Phase 3.1 Commit Multi Column Macros | Checksum: 168ad356d

Time (s): cpu = 00:00:27 ; elapsed = 00:00:16 . Memory (MB): peak = 2512.625 ; gain = 44.039

Phase 3.2 Commit Most Macros & LUTRAMs
Phase 3.2 Commit Most Macros & LUTRAMs | Checksum: 11d70140b

Time (s): cpu = 00:00:29 ; elapsed = 00:00:18 . Memory (MB): peak = 2512.625 ; gain = 44.039

Phase 3.3 Area Swap Optimization
Phase 3.3 Area Swap Optimization | Checksum: 14b130575

Time (s): cpu = 00:00:29 ; elapsed = 00:00:18 . Memory (MB): peak = 2512.625 ; gain = 44.039

Phase 3.4 Pipeline Register Optimization
Phase 3.4 Pipeline Register Optimization | Checksum: 193c70f47

Time (s): cpu = 00:00:29 ; elapsed = 00:00:18 . Memory (MB): peak = 2512.625 ; gain = 44.039

Phase 3.5 Fast Optimization
Phase 3.5 Fast Optimization | Checksum: 18b209c6e

Time (s): cpu = 00:00:32 ; elapsed = 00:00:19 . Memory (MB): peak = 2512.625 ; gain = 44.039

Phase 3.6 Small Shape Detail Placement
Phase 3.6 Small Shape Detail Placement | Checksum: 1b340e05a

Time (s): cpu = 00:00:33 ; elapsed = 00:00:20 . Memory (MB): peak = 2512.625 ; gain = 44.039

Phase 3.7 Re-assign LUT pins
Phase 3.7 Re-assign LUT pins | Checksum: 2188d7ff5

Time (s): cpu = 00:00:33 ; elapsed = 00:00:20 . Memory (MB): peak = 2512.625 ; gain = 44.039

Phase 3.8 Pipeline Register Optimization
Phase 3.8 Pipeline Register Optimization | Checksum: 1d629e44a

Time (s): cpu = 00:00:33 ; elapsed = 00:00:20 . Memory (MB): peak = 2512.625 ; gain = 44.039
Phase 3 Detail Placement | Checksum: 1d629e44a

Time (s): cpu = 00:00:33 ; elapsed = 00:00:20 . Memory (MB): peak = 2512.625 ; gain = 44.039

Phase 4 Post Placement Optimization and Clean-Up

Phase 4.1 Post Commit Optimization
INFO: [Timing 38-35] Done setting XDC timing constraints.

Phase 4.1.1 Post Placement Optimization
Post Placement Optimization Initialization | Checksum: 1a3de0bbf

Phase 4.1.1.1 BUFG Insertion

Starting Physical Synthesis Task

Phase 1 Physical Synthesis Initialization
INFO: [Physopt 32-721] Multithreading enabled for phys_opt_design using a maximum of 4 CPUs
INFO: [Physopt 32-619] Estimated Timing Summary | WNS=-0.468 | TNS=-12.183 |
Phase 1 Physical Synthesis Initialization | Checksum: 23e44f67a

Time (s): cpu = 00:00:00 ; elapsed = 00:00:00.422 . Memory (MB): peak = 2514.543 ; gain = 0.000
INFO: [Place 46-56] BUFG insertion identified 0 candidate nets. Inserted BUFG: 0, Replicated BUFG Driver: 0, Skipped due to Placement/Routing Conflicts: 0, Skipped due to Timing Degradation: 0, Skipped due to netlist editing failed: 0.
Ending Physical Synthesis Task | Checksum: 23e44f67a

Time (s): cpu = 00:00:01 ; elapsed = 00:00:00.576 . Memory (MB): peak = 2514.543 ; gain = 0.000
Phase 4.1.1.1 BUFG Insertion | Checksum: 1a3de0bbf

Time (s): cpu = 00:00:38 ; elapsed = 00:00:22 . Memory (MB): peak = 2514.543 ; gain = 45.957

Phase 4.1.1.2 Post Placement Timing Optimization
INFO: [Place 30-746] Post Placement Timing Summary WNS=-0.108. For the most accurate timing information please run report_timing.
Phase 4.1.1.2 Post Placement Timing Optimization | Checksum: 1d04c5c9f

Time (s): cpu = 00:01:04 ; elapsed = 00:00:47 . Memory (MB): peak = 2514.543 ; gain = 45.957

Time (s): cpu = 00:01:04 ; elapsed = 00:00:47 . Memory (MB): peak = 2514.543 ; gain = 45.957
Phase 4.1 Post Commit Optimization | Checksum: 1d04c5c9f

Time (s): cpu = 00:01:04 ; elapsed = 00:00:47 . Memory (MB): peak = 2514.543 ; gain = 45.957

Phase 4.2 Post Placement Cleanup
Phase 4.2 Post Placement Cleanup | Checksum: 1d04c5c9f

Time (s): cpu = 00:01:04 ; elapsed = 00:00:47 . Memory (MB): peak = 2514.543 ; gain = 45.957

Phase 4.3 Placer Reporting

Phase 4.3.1 Print Estimated Congestion
INFO: [Place 30-612] Post-Placement Estimated Congestion 
 ____________________________________________________
|           | Global Congestion | Short Congestion  |
| Direction | Region Size       | Region Size       |
|___________|___________________|___________________|
|      North|                1x1|                1x1|
|___________|___________________|___________________|
|      South|                1x1|                1x1|
|___________|___________________|___________________|
|       East|                1x1|                1x1|
|___________|___________________|___________________|
|       West|                1x1|                1x1|
|___________|___________________|___________________|

Phase 4.3.1 Print Estimated Congestion | Checksum: 1d04c5c9f

Time (s): cpu = 00:01:04 ; elapsed = 00:00:47 . Memory (MB): peak = 2514.543 ; gain = 45.957
Phase 4.3 Placer Reporting | Checksum: 1d04c5c9f

Time (s): cpu = 00:01:04 ; elapsed = 00:00:47 . Memory (MB): peak = 2514.543 ; gain = 45.957

Phase 4.4 Final Placement Cleanup
Netlist sorting complete. Time (s): cpu = 00:00:00 ; elapsed = 00:00:00.002 . Memory (MB): peak = 2514.543 ; gain = 0.000

Time (s): cpu = 00:01:04 ; elapsed = 00:00:47 . Memory (MB): peak = 2514.543 ; gain = 45.957
Phase 4 Post Placement Optimization and Clean-Up | Checksum: 1c65a2ddf

Time (s): cpu = 00:01:04 ; elapsed = 00:00:47 . Memory (MB): peak = 2514.543 ; gain = 45.957
Ending Placer Task | Checksum: 16678e5e8

Time (s): cpu = 00:01:04 ; elapsed = 00:00:47 . Memory (MB): peak = 2514.543 ; gain = 45.957
100 Infos, 1 Warnings, 0 Critical Warnings and 0 Errors encountered.
place_design completed successfully
place_design: Time (s): cpu = 00:01:05 ; elapsed = 00:00:48 . Memory (MB): peak = 2514.543 ; gain = 45.957
INFO: [runtcl-4] Executing : report_io -file top_convolution_io_placed.rpt
report_io: Time (s): cpu = 00:00:00 ; elapsed = 00:00:00.061 . Memory (MB): peak = 2514.543 ; gain = 0.000
INFO: [runtcl-4] Executing : report_utilization -file top_convolution_utilization_placed.rpt -pb top_convolution_utilization_placed.pb
INFO: [runtcl-4] Executing : report_control_sets -verbose -file top_convolution_control_sets_placed.rpt
report_control_sets: Time (s): cpu = 00:00:00 ; elapsed = 00:00:00.016 . Memory (MB): peak = 2514.543 ; gain = 0.000
INFO: [Timing 38-480] Writing timing data to binary archive.
Write ShapeDB Complete: Time (s): cpu = 00:00:00 ; elapsed = 00:00:00.012 . Memory (MB): peak = 2523.406 ; gain = 5.922
Wrote PlaceDB: Time (s): cpu = 00:00:01 ; elapsed = 00:00:00.371 . Memory (MB): peak = 2523.406 ; gain = 0.000
Wrote PulsedLatchDB: Time (s): cpu = 00:00:00 ; elapsed = 00:00:00 . Memory (MB): peak = 2523.406 ; gain = 0.000
Writing XDEF routing.
Writing XDEF routing logical nets.
Writing XDEF routing special nets.
Wrote RouteStorage: Time (s): cpu = 00:00:00 ; elapsed = 00:00:00.020 . Memory (MB): peak = 2523.406 ; gain = 0.000
Wrote Netlist Cache: Time (s): cpu = 00:00:00 ; elapsed = 00:00:00.007 . Memory (MB): peak = 2523.406 ; gain = 0.000
Wrote Device Cache: Time (s): cpu = 00:00:00 ; elapsed = 00:00:00.006 . Memory (MB): peak = 2523.406 ; gain = 0.000
Write Physdb Complete: Time (s): cpu = 00:00:01 ; elapsed = 00:00:00.415 . Memory (MB): peak = 2523.406 ; gain = 5.906
INFO: [Common 17-1381] The checkpoint 'E:/PROJECTS/convolution_fpga/vivado_project/fmax_sweep/150MHz/project/fmax_150.runs/impl_1/top_convolution_placed.dcp' has been generated.
Command: phys_opt_design -directive AggressiveExplore
Attempting to get a license for feature 'Implementation' and/or device 'xc7a100t'
INFO: [Common 17-349] Got license for feature 'Implementation' and/or device 'xc7a100t'
INFO: [Vivado_Tcl 4-137] Directive used for phys_opt_design is: AggressiveExplore

Starting Initial Update Timing Task

Time (s): cpu = 00:00:03 ; elapsed = 00:00:01 . Memory (MB): peak = 2532.391 ; gain = 8.984
INFO: [Vivado_Tcl 4-1435] PhysOpt_Tcl_Interface Runtime Before Starting Physical Synthesis Task | CPU: 3.00s |  WALL: 1.40s
Netlist sorting complete. Time (s): cpu = 00:00:00 ; elapsed = 00:00:00.002 . Memory (MB): peak = 2532.391 ; gain = 0.000

Starting Physical Synthesis Task

Phase 1 Physical Synthesis Initialization
INFO: [Physopt 32-721] Multithreading enabled for phys_opt_design using a maximum of 4 CPUs
INFO: [Physopt 32-619] Estimated Timing Summary | WNS=-0.108 | TNS=-0.256 |
Phase 1 Physical Synthesis Initialization | Checksum: 147bcf5e0

Time (s): cpu = 00:00:01 ; elapsed = 00:00:01 . Memory (MB): peak = 2533.367 ; gain = 0.977

Phase 2 SLR Crossing Optimization
Phase 2 SLR Crossing Optimization | Checksum: 147bcf5e0

Time (s): cpu = 00:00:01 ; elapsed = 00:00:01 . Memory (MB): peak = 2533.367 ; gain = 0.977
INFO: [Physopt 32-619] Estimated Timing Summary | WNS=-0.108 | TNS=-0.256 |

Phase 3 Fanout Optimization
INFO: [Physopt 32-76] Pass 1. Identified 4 candidate nets for fanout optimization.
INFO: [Physopt 32-81] Processed net u_line_buffer/x_count_reg_n_0_[1]. Replicated 10 times.
INFO: [Physopt 32-81] Processed net u_line_buffer/x_count_reg_n_0_[2]. Replicated 10 times.
INFO: [Physopt 32-81] Processed net u_line_buffer/x_count_reg_n_0_[3]. Replicated 10 times.
INFO: [Physopt 32-81] Processed net u_line_buffer/x_count_reg_n_0_[4]. Replicated 5 times.
INFO: [Physopt 32-232] Optimized 4 nets. Created 35 new instances.
INFO: [Physopt 32-775] End 1 Pass. Optimized 4 nets or cells. Created 35 new cells, deleted 0 existing cell and moved 0 existing cell
INFO: [Physopt 32-619] Estimated Timing Summary | WNS=0.048 | TNS=0.000 |
Netlist sorting complete. Time (s): cpu = 00:00:00 ; elapsed = 00:00:00.011 . Memory (MB): peak = 2546.168 ; gain = 0.000
Phase 3 Fanout Optimization | Checksum: 12460874f

Time (s): cpu = 00:00:16 ; elapsed = 00:00:08 . Memory (MB): peak = 2546.168 ; gain = 13.777

Phase 4 Single Cell Placement Optimization
INFO: [Physopt 32-670] No setup violation found.  Single Cell Placement Optimization was not performed.
Phase 4 Single Cell Placement Optimization | Checksum: 12460874f

Time (s): cpu = 00:00:16 ; elapsed = 00:00:08 . Memory (MB): peak = 2546.168 ; gain = 13.777

Phase 5 Multi Cell Placement Optimization
INFO: [Physopt 32-670] No setup violation found.  Multi Cell Placement Optimization was not performed.
Phase 5 Multi Cell Placement Optimization | Checksum: 12460874f

Time (s): cpu = 00:00:16 ; elapsed = 00:00:08 . Memory (MB): peak = 2546.168 ; gain = 13.777

Phase 6 Rewire
INFO: [Physopt 32-670] No setup violation found.  Rewire was not performed.
Phase 6 Rewire | Checksum: 12460874f

Time (s): cpu = 00:00:16 ; elapsed = 00:00:08 . Memory (MB): peak = 2546.168 ; gain = 13.777

Phase 7 Critical Cell Optimization
INFO: [Physopt 32-670] No setup violation found.  Critical Cell Optimization was not performed.
Phase 7 Critical Cell Optimization | Checksum: 12460874f

Time (s): cpu = 00:00:16 ; elapsed = 00:00:08 . Memory (MB): peak = 2546.168 ; gain = 13.777

Phase 8 Fanout Optimization
INFO: [Physopt 32-670] No setup violation found.  Fanout Optimization was not performed.
Phase 8 Fanout Optimization | Checksum: 12460874f

Time (s): cpu = 00:00:16 ; elapsed = 00:00:08 . Memory (MB): peak = 2546.168 ; gain = 13.777

Phase 9 Single Cell Placement Optimization
INFO: [Physopt 32-670] No setup violation found.  Single Cell Placement Optimization was not performed.
Phase 9 Single Cell Placement Optimization | Checksum: 12460874f

Time (s): cpu = 00:00:16 ; elapsed = 00:00:08 . Memory (MB): peak = 2546.168 ; gain = 13.777

Phase 10 Multi Cell Placement Optimization
INFO: [Physopt 32-670] No setup violation found.  Multi Cell Placement Optimization was not performed.
Phase 10 Multi Cell Placement Optimization | Checksum: 12460874f

Time (s): cpu = 00:00:16 ; elapsed = 00:00:08 . Memory (MB): peak = 2546.168 ; gain = 13.777

Phase 11 Rewire
INFO: [Physopt 32-670] No setup violation found.  Rewire was not performed.
Phase 11 Rewire | Checksum: 12460874f

Time (s): cpu = 00:00:16 ; elapsed = 00:00:08 . Memory (MB): peak = 2546.168 ; gain = 13.777

Phase 12 Critical Cell Optimization
INFO: [Physopt 32-670] No setup violation found.  Critical Cell Optimization was not performed.
Phase 12 Critical Cell Optimization | Checksum: 12460874f

Time (s): cpu = 00:00:16 ; elapsed = 00:00:08 . Memory (MB): peak = 2546.168 ; gain = 13.777

Phase 13 SLR Crossing Optimization
Phase 13 SLR Crossing Optimization | Checksum: 12460874f

Time (s): cpu = 00:00:16 ; elapsed = 00:00:08 . Memory (MB): peak = 2546.168 ; gain = 13.777

Phase 14 Fanout Optimization
INFO: [Physopt 32-670] No setup violation found.  Fanout Optimization was not performed.
Phase 14 Fanout Optimization | Checksum: 12460874f

Time (s): cpu = 00:00:16 ; elapsed = 00:00:08 . Memory (MB): peak = 2546.168 ; gain = 13.777

Phase 15 Single Cell Placement Optimization
INFO: [Physopt 32-670] No setup violation found.  Single Cell Placement Optimization was not performed.
Phase 15 Single Cell Placement Optimization | Checksum: 12460874f

Time (s): cpu = 00:00:16 ; elapsed = 00:00:08 . Memory (MB): peak = 2546.168 ; gain = 13.777

Phase 16 Multi Cell Placement Optimization
INFO: [Physopt 32-670] No setup violation found.  Multi Cell Placement Optimization was not performed.
Phase 16 Multi Cell Placement Optimization | Checksum: 12460874f

Time (s): cpu = 00:00:16 ; elapsed = 00:00:08 . Memory (MB): peak = 2546.168 ; gain = 13.777

Phase 17 Rewire
INFO: [Physopt 32-670] No setup violation found.  Rewire was not performed.
Phase 17 Rewire | Checksum: 12460874f

Time (s): cpu = 00:00:16 ; elapsed = 00:00:08 . Memory (MB): peak = 2546.168 ; gain = 13.777

Phase 18 Critical Cell Optimization
INFO: [Physopt 32-670] No setup violation found.  Critical Cell Optimization was not performed.
Phase 18 Critical Cell Optimization | Checksum: 12460874f

Time (s): cpu = 00:00:16 ; elapsed = 00:00:08 . Memory (MB): peak = 2546.168 ; gain = 13.777

Phase 19 DSP Register Optimization
INFO: [Physopt 32-670] No setup violation found.  DSP Register Optimization was not performed.
Phase 19 DSP Register Optimization | Checksum: 12460874f

Time (s): cpu = 00:00:16 ; elapsed = 00:00:08 . Memory (MB): peak = 2546.168 ; gain = 13.777

Phase 20 BRAM Register Optimization
INFO: [Physopt 32-670] No setup violation found.  BRAM Register Optimization was not performed.
Phase 20 BRAM Register Optimization | Checksum: 12460874f

Time (s): cpu = 00:00:16 ; elapsed = 00:00:08 . Memory (MB): peak = 2546.168 ; gain = 13.777

Phase 21 URAM Register Optimization
INFO: [Physopt 32-670] No setup violation found.  URAM Register Optimization was not performed.
Phase 21 URAM Register Optimization | Checksum: 12460874f

Time (s): cpu = 00:00:16 ; elapsed = 00:00:08 . Memory (MB): peak = 2546.168 ; gain = 13.777

Phase 22 Shift Register Optimization
INFO: [Physopt 32-670] No setup violation found.  Shift Register Optimization was not performed.
Phase 22 Shift Register Optimization | Checksum: 12460874f

Time (s): cpu = 00:00:16 ; elapsed = 00:00:08 . Memory (MB): peak = 2546.168 ; gain = 13.777

Phase 23 DSP Register Optimization
INFO: [Physopt 32-670] No setup violation found.  DSP Register Optimization was not performed.
Phase 23 DSP Register Optimization | Checksum: 12460874f

Time (s): cpu = 00:00:16 ; elapsed = 00:00:08 . Memory (MB): peak = 2546.168 ; gain = 13.777

Phase 24 BRAM Register Optimization
INFO: [Physopt 32-670] No setup violation found.  BRAM Register Optimization was not performed.
Phase 24 BRAM Register Optimization | Checksum: 12460874f

Time (s): cpu = 00:00:16 ; elapsed = 00:00:08 . Memory (MB): peak = 2546.168 ; gain = 13.777

Phase 25 URAM Register Optimization
INFO: [Physopt 32-670] No setup violation found.  URAM Register Optimization was not performed.
Phase 25 URAM Register Optimization | Checksum: 12460874f

Time (s): cpu = 00:00:16 ; elapsed = 00:00:08 . Memory (MB): peak = 2546.168 ; gain = 13.777

Phase 26 Shift Register Optimization
INFO: [Physopt 32-670] No setup violation found.  Shift Register Optimization was not performed.
Phase 26 Shift Register Optimization | Checksum: 12460874f

Time (s): cpu = 00:00:16 ; elapsed = 00:00:08 . Memory (MB): peak = 2546.168 ; gain = 13.777

Phase 27 Critical Pin Optimization
INFO: [Physopt 32-670] No setup violation found.  Critical Pin Optimization was not performed.
Phase 27 Critical Pin Optimization | Checksum: 12460874f

Time (s): cpu = 00:00:16 ; elapsed = 00:00:08 . Memory (MB): peak = 2546.168 ; gain = 13.777

Phase 28 Very High Fanout Optimization
INFO: [Physopt 32-76] Pass 1. Identified 6 candidate nets for fanout optimization.
INFO: [Physopt 32-81] Processed net u_line_buffer/x_count_reg_n_0_[4]. Replicated 1 times.
INFO: [Physopt 32-81] Processed net u_line_buffer/x_count_reg_n_0_[5]. Replicated 1 times.
INFO: [Physopt 32-81] Processed net u_line_buffer/x_count_reg_n_0_[6]. Replicated 1 times.
INFO: [Physopt 32-232] Optimized 3 nets. Created 3 new instances.
INFO: [Physopt 32-775] End 1 Pass. Optimized 3 nets or cells. Created 3 new cells, deleted 0 existing cell and moved 0 existing cell
INFO: [Physopt 32-619] Estimated Timing Summary | WNS=0.048 | TNS=0.000 |
Netlist sorting complete. Time (s): cpu = 00:00:00 ; elapsed = 00:00:00.011 . Memory (MB): peak = 2585.332 ; gain = 0.000
Phase 28 Very High Fanout Optimization | Checksum: ee20a07f

Time (s): cpu = 00:00:30 ; elapsed = 00:00:13 . Memory (MB): peak = 2585.332 ; gain = 52.941

Phase 29 Single Cell Placement Optimization
INFO: [Physopt 32-670] No setup violation found.  Single Cell Placement Optimization was not performed.
Phase 29 Single Cell Placement Optimization | Checksum: ee20a07f

Time (s): cpu = 00:00:30 ; elapsed = 00:00:13 . Memory (MB): peak = 2585.332 ; gain = 52.941

Phase 30 Multi Cell Placement Optimization
INFO: [Physopt 32-670] No setup violation found.  Multi Cell Placement Optimization was not performed.
Phase 30 Multi Cell Placement Optimization | Checksum: ee20a07f

Time (s): cpu = 00:00:30 ; elapsed = 00:00:13 . Memory (MB): peak = 2585.332 ; gain = 52.941

Phase 31 SLR Crossing Optimization
Phase 31 SLR Crossing Optimization | Checksum: ee20a07f

Time (s): cpu = 00:00:30 ; elapsed = 00:00:13 . Memory (MB): peak = 2585.332 ; gain = 52.941

Phase 32 Critical Path Optimization
INFO: [Physopt 32-619] Estimated Timing Summary | WNS=0.048 | TNS=0.000 |
INFO: [Physopt 32-619] Estimated Timing Summary | WNS=0.048 | TNS=0.000 |
Netlist sorting complete. Time (s): cpu = 00:00:00 ; elapsed = 00:00:00.001 . Memory (MB): peak = 2585.332 ; gain = 0.000
Phase 32 Critical Path Optimization | Checksum: ee20a07f

Time (s): cpu = 00:00:30 ; elapsed = 00:00:13 . Memory (MB): peak = 2585.332 ; gain = 52.941

Phase 33 BRAM Enable Optimization
Phase 33 BRAM Enable Optimization | Checksum: ee20a07f

Time (s): cpu = 00:00:30 ; elapsed = 00:00:13 . Memory (MB): peak = 2585.332 ; gain = 52.941
INFO: [Physopt 32-960] Skip hold-fix as initial WHS does not violate hold threshold 250 ps
Netlist sorting complete. Time (s): cpu = 00:00:00 ; elapsed = 00:00:00.001 . Memory (MB): peak = 2585.332 ; gain = 0.000
INFO: [Physopt 32-603] Post Physical Optimization Timing Summary | WNS=0.048 | TNS=0.000 |

Summary of Physical Synthesis Optimizations
============================================


----------------------------------------------------------------------------------------------------------------------------------------------------------------------
|  Optimization            |  WNS Gain (ns)  |  TNS Gain (ns)  |  Added Cells  |  Removed Cells  |  Optimized Cells/Nets  |  Dont Touch  |  Iterations  |  Elapsed   |
----------------------------------------------------------------------------------------------------------------------------------------------------------------------
|  Fanout                  |          0.156  |          0.256  |           35  |              0  |                     4  |           0  |           1  |  00:00:07  |
|  Single Cell Placement   |          0.000  |          0.000  |            0  |              0  |                     0  |           0  |           0  |  00:00:00  |
|  Multi Cell Placement    |          0.000  |          0.000  |            0  |              0  |                     0  |           0  |           0  |  00:00:00  |
|  Rewire                  |          0.000  |          0.000  |            0  |              0  |                     0  |           0  |           0  |  00:00:00  |
|  Critical Cell           |          0.000  |          0.000  |            0  |              0  |                     0  |           0  |           0  |  00:00:00  |
|  SLR Crossing            |          0.000  |          0.000  |            0  |              0  |                     0  |           0  |           3  |  00:00:00  |
|  DSP Register            |          0.000  |          0.000  |            0  |              0  |                     0  |           0  |           0  |  00:00:00  |
|  BRAM Register           |          0.000  |          0.000  |            0  |              0  |                     0  |           0  |           0  |  00:00:00  |
|  URAM Register           |          0.000  |          0.000  |            0  |              0  |                     0  |           0  |           0  |  00:00:00  |
|  Shift Register          |          0.000  |          0.000  |            0  |              0  |                     0  |           0  |           0  |  00:00:00  |
|  Critical Pin            |          0.000  |          0.000  |            0  |              0  |                     0  |           0  |           0  |  00:00:00  |
|  Very High Fanout        |          0.000  |          0.000  |            3  |              0  |                     3  |           0  |           1  |  00:00:05  |
|  BRAM Enable             |          0.000  |          0.000  |            0  |              0  |                     0  |           0  |           1  |  00:00:00  |
|  Critical Path           |          0.000  |          0.000  |            0  |              0  |                     0  |           0  |           1  |  00:00:00  |
|  Total                   |          0.156  |          0.256  |           38  |              0  |                     7  |           0  |           7  |  00:00:12  |
----------------------------------------------------------------------------------------------------------------------------------------------------------------------


Netlist sorting complete. Time (s): cpu = 00:00:00 ; elapsed = 00:00:00.002 . Memory (MB): peak = 2585.332 ; gain = 0.000
Ending Physical Synthesis Task | Checksum: 12891fb8b

Time (s): cpu = 00:00:30 ; elapsed = 00:00:14 . Memory (MB): peak = 2585.332 ; gain = 52.941
INFO: [Common 17-83] Releasing license: Implementation
156 Infos, 1 Warnings, 0 Critical Warnings and 0 Errors encountered.
phys_opt_design completed successfully
phys_opt_design: Time (s): cpu = 00:00:33 ; elapsed = 00:00:15 . Memory (MB): peak = 2585.332 ; gain = 61.926
INFO: [Timing 38-480] Writing timing data to binary archive.
Write ShapeDB Complete: Time (s): cpu = 00:00:00 ; elapsed = 00:00:00.011 . Memory (MB): peak = 2616.148 ; gain = 12.914
Wrote PlaceDB: Time (s): cpu = 00:00:01 ; elapsed = 00:00:00.366 . Memory (MB): peak = 2616.148 ; gain = 5.973
Wrote PulsedLatchDB: Time (s): cpu = 00:00:00 ; elapsed = 00:00:00 . Memory (MB): peak = 2616.148 ; gain = 0.000
Writing XDEF routing.
Writing XDEF routing logical nets.
Writing XDEF routing special nets.
Wrote RouteStorage: Time (s): cpu = 00:00:00 ; elapsed = 00:00:00.019 . Memory (MB): peak = 2616.148 ; gain = 0.000
Wrote Netlist Cache: Time (s): cpu = 00:00:00 ; elapsed = 00:00:00.007 . Memory (MB): peak = 2616.148 ; gain = 0.000
Wrote Device Cache: Time (s): cpu = 00:00:00 ; elapsed = 00:00:00.005 . Memory (MB): peak = 2616.148 ; gain = 0.000
Write Physdb Complete: Time (s): cpu = 00:00:01 ; elapsed = 00:00:00.403 . Memory (MB): peak = 2616.148 ; gain = 12.914
INFO: [Common 17-1381] The checkpoint 'E:/PROJECTS/convolution_fpga/vivado_project/fmax_sweep/150MHz/project/fmax_150.runs/impl_1/top_convolution_physopt.dcp' has been generated.
Command: route_design -directive Explore
Attempting to get a license for feature 'Implementation' and/or device 'xc7a100t'
INFO: [Common 17-349] Got license for feature 'Implementation' and/or device 'xc7a100t'
INFO: [DRC 23-27] Running DRC with 4 threads
INFO: [Vivado_Tcl 4-198] DRC finished with 0 Errors
INFO: [Vivado_Tcl 4-199] Please refer to the DRC report (report_drc) for more information.
Running DRC as a precondition to command route_design
INFO: [DRC 23-27] Running DRC with 4 threads
INFO: [Vivado_Tcl 4-198] DRC finished with 0 Errors
INFO: [Vivado_Tcl 4-199] Please refer to the DRC report (report_drc) for more information.


Starting Routing Task
INFO: [Route 35-270] Using Router directive 'Explore'.
INFO: [Route 35-254] Multithreading enabled for route_design using a maximum of 8 CPUs

Phase 1 Build RT Design
Checksum: PlaceDB: 1eac4f5 ConstDB: 0 ShapeSum: 3b155e4f RouteDB: 0
Post Restoration Checksum: NetGraph: b1039871 | NumContArr: 68000c9 | Constraints: c2a8fa9d | Timing: c2a8fa9d
Phase 1 Build RT Design | Checksum: 23cd58e74

Time (s): cpu = 00:00:30 ; elapsed = 00:00:25 . Memory (MB): peak = 2767.945 ; gain = 132.652

Phase 2 Router Initialization

Phase 2.1 Fix Topology Constraints
Phase 2.1 Fix Topology Constraints | Checksum: 23cd58e74

Time (s): cpu = 00:00:30 ; elapsed = 00:00:25 . Memory (MB): peak = 2767.945 ; gain = 132.652

Phase 2.2 Pre Route Cleanup
Phase 2.2 Pre Route Cleanup | Checksum: 23cd58e74

Time (s): cpu = 00:00:30 ; elapsed = 00:00:25 . Memory (MB): peak = 2767.945 ; gain = 132.652
 Number of Nodes with overlaps = 0

Phase 2.3 Update Timing
Phase 2.3 Update Timing | Checksum: 27d3ca86c

Time (s): cpu = 00:00:34 ; elapsed = 00:00:27 . Memory (MB): peak = 2787.398 ; gain = 152.105
INFO: [Route 35-416] Intermediate Timing Summary | WNS=0.077  | TNS=0.000  | WHS=-0.240 | THS=-270.073|


Router Utilization Summary
  Global Vertical Routing Utilization    = 0 %
  Global Horizontal Routing Utilization  = 0 %
  Routable Net Status*
  *Does not include unroutable nets such as driverless and loadless.
  Run report_route_status for detailed report.
  Number of Failed Nets               = 6170
    (Failed Nets is the sum of unrouted and partially routed nets)
  Number of Unrouted Nets             = 6170
  Number of Partially Routed Nets     = 0
  Number of Node Overlaps             = 0

Phase 2 Router Initialization | Checksum: 2692bec8f

Time (s): cpu = 00:00:37 ; elapsed = 00:00:28 . Memory (MB): peak = 2827.117 ; gain = 191.824

Phase 3 Initial Routing

Phase 3.1 Global Routing
Phase 3.1 Global Routing | Checksum: 2692bec8f

Time (s): cpu = 00:00:37 ; elapsed = 00:00:28 . Memory (MB): peak = 2827.117 ; gain = 191.824

Phase 3.2 Initial Net Routing
Phase 3.2 Initial Net Routing | Checksum: 265416ecb

Time (s): cpu = 00:00:48 ; elapsed = 00:00:32 . Memory (MB): peak = 2915.336 ; gain = 280.043
Phase 3 Initial Routing | Checksum: 265416ecb

Time (s): cpu = 00:00:48 ; elapsed = 00:00:32 . Memory (MB): peak = 2915.336 ; gain = 280.043

Phase 4 Rip-up And Reroute

Phase 4.1 Global Iteration 0
 Number of Nodes with overlaps = 375
 Number of Nodes with overlaps = 40
 Number of Nodes with overlaps = 13
 Number of Nodes with overlaps = 3
 Number of Nodes with overlaps = 3
 Number of Nodes with overlaps = 0
INFO: [Route 35-416] Intermediate Timing Summary | WNS=-0.615 | TNS=-29.712| WHS=N/A    | THS=N/A    |

Phase 4.1 Global Iteration 0 | Checksum: 1fc64b683

Time (s): cpu = 00:00:58 ; elapsed = 00:00:37 . Memory (MB): peak = 2915.336 ; gain = 280.043

Phase 4.2 Global Iteration 1
 Number of Nodes with overlaps = 181
 Number of Nodes with overlaps = 77
 Number of Nodes with overlaps = 43
 Number of Nodes with overlaps = 25
 Number of Nodes with overlaps = 9
 Number of Nodes with overlaps = 3
 Number of Nodes with overlaps = 2
 Number of Nodes with overlaps = 0
INFO: [Route 35-416] Intermediate Timing Summary | WNS=-0.248 | TNS=-5.085 | WHS=N/A    | THS=N/A    |

Phase 4.2 Global Iteration 1 | Checksum: 20da7832e

Time (s): cpu = 00:01:05 ; elapsed = 00:00:43 . Memory (MB): peak = 2915.336 ; gain = 280.043

Phase 4.3 Global Iteration 2
 Number of Nodes with overlaps = 281
 Number of Nodes with overlaps = 125
 Number of Nodes with overlaps = 81
 Number of Nodes with overlaps = 44
 Number of Nodes with overlaps = 26
 Number of Nodes with overlaps = 13
 Number of Nodes with overlaps = 6
 Number of Nodes with overlaps = 1
 Number of Nodes with overlaps = 1
 Number of Nodes with overlaps = 0
INFO: [Route 35-416] Intermediate Timing Summary | WNS=-0.262 | TNS=-5.691 | WHS=N/A    | THS=N/A    |

Phase 4.3 Global Iteration 2 | Checksum: 2b96429ed

Time (s): cpu = 00:01:12 ; elapsed = 00:00:48 . Memory (MB): peak = 2915.336 ; gain = 280.043
Phase 4 Rip-up And Reroute | Checksum: 2b96429ed

Time (s): cpu = 00:01:12 ; elapsed = 00:00:48 . Memory (MB): peak = 2915.336 ; gain = 280.043

Phase 5 Delay and Skew Optimization

Phase 5.1 Delay CleanUp

Phase 5.1.1 Update Timing
Phase 5.1.1 Update Timing | Checksum: 266b542c7

Time (s): cpu = 00:01:13 ; elapsed = 00:00:49 . Memory (MB): peak = 2915.336 ; gain = 280.043
INFO: [Route 35-416] Intermediate Timing Summary | WNS=-0.247 | TNS=-3.671 | WHS=N/A    | THS=N/A    |

 Number of Nodes with overlaps = 0
Phase 5.1 Delay CleanUp | Checksum: 243d2d2da

Time (s): cpu = 00:01:13 ; elapsed = 00:00:49 . Memory (MB): peak = 2915.336 ; gain = 280.043

Phase 5.2 Clock Skew Optimization
Phase 5.2 Clock Skew Optimization | Checksum: 243d2d2da

Time (s): cpu = 00:01:13 ; elapsed = 00:00:49 . Memory (MB): peak = 2915.336 ; gain = 280.043
Phase 5 Delay and Skew Optimization | Checksum: 243d2d2da

Time (s): cpu = 00:01:13 ; elapsed = 00:00:49 . Memory (MB): peak = 2915.336 ; gain = 280.043

Phase 6 Post Hold Fix

Phase 6.1 Hold Fix Iter

Phase 6.1.1 Update Timing
Phase 6.1.1 Update Timing | Checksum: 2df50f472

Time (s): cpu = 00:01:14 ; elapsed = 00:00:49 . Memory (MB): peak = 2915.336 ; gain = 280.043
INFO: [Route 35-416] Intermediate Timing Summary | WNS=-0.247 | TNS=-3.428 | WHS=0.079  | THS=0.000  |

Phase 6.1 Hold Fix Iter | Checksum: 2df50f472

Time (s): cpu = 00:01:14 ; elapsed = 00:00:49 . Memory (MB): peak = 2915.336 ; gain = 280.043
Phase 6 Post Hold Fix | Checksum: 2df50f472

Time (s): cpu = 00:01:14 ; elapsed = 00:00:49 . Memory (MB): peak = 2915.336 ; gain = 280.043

Phase 7 Timing Verification

Phase 7.1 Update Timing
Phase 7.1 Update Timing | Checksum: 29bca31de

Time (s): cpu = 00:01:16 ; elapsed = 00:00:50 . Memory (MB): peak = 2915.336 ; gain = 280.043
INFO: [Route 35-416] Intermediate Timing Summary | WNS=-0.247 | TNS=-3.428 | WHS=N/A    | THS=N/A    |

Phase 7 Timing Verification | Checksum: 29bca31de

Time (s): cpu = 00:01:16 ; elapsed = 00:00:50 . Memory (MB): peak = 2915.336 ; gain = 280.043

Phase 8 Route finalize

Router Utilization Summary
  Global Vertical Routing Utilization    = 2.7672 %
  Global Horizontal Routing Utilization  = 2.43308 %
  Routable Net Status*
  *Does not include unroutable nets such as driverless and loadless.
  Run report_route_status for detailed report.
  Number of Failed Nets               = 0
    (Failed Nets is the sum of unrouted and partially routed nets)
  Number of Unrouted Nets             = 0
  Number of Partially Routed Nets     = 0
  Number of Node Overlaps             = 0


--GLOBAL Congestion:
Utilization threshold used for congestion level computation: 0.85
Congestion Report
North Dir 1x1 Area, Max Cong = 89.1892%, Congestion bounded by tiles (Lower Left Tile -> Upper Right Tile):
   INT_R_X35Y100 -> INT_R_X35Y100
South Dir 1x1 Area, Max Cong = 68.4685%, No Congested Regions.
East Dir 1x1 Area, Max Cong = 60.2941%, No Congested Regions.
West Dir 1x1 Area, Max Cong = 66.1765%, No Congested Regions.

------------------------------
Reporting congestion hotspots
------------------------------
Direction: North
----------------
Congested clusters found at Level 0
Effective congestion level: 0 Aspect Ratio: 1 Sparse Ratio: 1
Direction: South
----------------
Congested clusters found at Level 0
Effective congestion level: 0 Aspect Ratio: 1 Sparse Ratio: 0
Direction: East
----------------
Congested clusters found at Level 0
Effective congestion level: 0 Aspect Ratio: 1 Sparse Ratio: 0
Direction: West
----------------
Congested clusters found at Level 0
Effective congestion level: 0 Aspect Ratio: 1 Sparse Ratio: 0

Phase 8 Route finalize | Checksum: 29bca31de

Time (s): cpu = 00:01:16 ; elapsed = 00:00:50 . Memory (MB): peak = 2915.336 ; gain = 280.043

Phase 9 Verifying routed nets

 Verification completed successfully
Phase 9 Verifying routed nets | Checksum: 29bca31de

Time (s): cpu = 00:01:16 ; elapsed = 00:00:50 . Memory (MB): peak = 2915.336 ; gain = 280.043

Phase 10 Depositing Routes
Phase 10 Depositing Routes | Checksum: 2cbf1b490

Time (s): cpu = 00:01:16 ; elapsed = 00:00:50 . Memory (MB): peak = 2915.336 ; gain = 280.043

Phase 11 Incr Placement Change
Netlist sorting complete. Time (s): cpu = 00:00:00 ; elapsed = 00:00:00.001 . Memory (MB): peak = 2915.336 ; gain = 0.000
INFO: [Place 30-746] Post Placement Timing Summary WNS=-0.246. For the most accurate timing information please run report_timing.
Ending IncrPlace Task | Checksum: 156d33208

Time (s): cpu = 00:00:10 ; elapsed = 00:00:08 . Memory (MB): peak = 2915.336 ; gain = 0.000
Google Cpuprofiler is only supported on Linux.
Phase 11 Incr Placement Change | Checksum: 156d33208

Time (s): cpu = 00:01:26 ; elapsed = 00:00:59 . Memory (MB): peak = 2915.336 ; gain = 280.043

Phase 12 Build RT Design
Checksum: PlaceDB: b178370c ConstDB: 0 ShapeSum: 53964596 RouteDB: 51c4b566
Post Restoration Checksum: NetGraph: af89ff39 | NumContArr: f3c0bd2c | Constraints: c2a8fa9d | Timing: c2a8fa9d
Phase 12 Build RT Design | Checksum: 3289cb19f

Time (s): cpu = 00:01:30 ; elapsed = 00:01:00 . Memory (MB): peak = 2915.336 ; gain = 280.043

Phase 13 Router Initialization

Phase 13.1 Fix Topology Constraints
Phase 13.1 Fix Topology Constraints | Checksum: 3289cb19f

Time (s): cpu = 00:01:30 ; elapsed = 00:01:00 . Memory (MB): peak = 2915.336 ; gain = 280.043

Phase 13.2 Pre Route Cleanup
Phase 13.2 Pre Route Cleanup | Checksum: 19b4223f1

Time (s): cpu = 00:01:30 ; elapsed = 00:01:00 . Memory (MB): peak = 2915.336 ; gain = 280.043
 Number of Nodes with overlaps = 0

Phase 13.3 Update Timing
Phase 13.3 Update Timing | Checksum: 24701be2f

Time (s): cpu = 00:01:35 ; elapsed = 00:01:02 . Memory (MB): peak = 2915.336 ; gain = 280.043
INFO: [Route 35-416] Intermediate Timing Summary | WNS=-0.247 | TNS=-3.735 | WHS=-0.240 | THS=-270.084|


Router Utilization Summary
  Global Vertical Routing Utilization    = 2.76302 %
  Global Horizontal Routing Utilization  = 2.43088 %
  Routable Net Status*
  *Does not include unroutable nets such as driverless and loadless.
  Run report_route_status for detailed report.
  Number of Failed Nets               = 22
    (Failed Nets is the sum of unrouted and partially routed nets)
  Number of Unrouted Nets             = 16
  Number of Partially Routed Nets     = 6
  Number of Node Overlaps             = 0

Phase 13 Router Initialization | Checksum: 235f36fcc

Time (s): cpu = 00:01:38 ; elapsed = 00:01:03 . Memory (MB): peak = 2915.336 ; gain = 280.043

Phase 14 Initial Routing

Phase 14.1 Global Routing
Phase 14.1 Global Routing | Checksum: 235f36fcc

Time (s): cpu = 00:01:38 ; elapsed = 00:01:03 . Memory (MB): peak = 2915.336 ; gain = 280.043

Phase 14.2 Initial Net Routing
Phase 14.2 Initial Net Routing | Checksum: 164c53424

Time (s): cpu = 00:01:38 ; elapsed = 00:01:03 . Memory (MB): peak = 2915.336 ; gain = 280.043
Phase 14 Initial Routing | Checksum: 164c53424

Time (s): cpu = 00:01:38 ; elapsed = 00:01:03 . Memory (MB): peak = 2915.336 ; gain = 280.043
INFO: [Route 35-580] Design has 173 pins with tight setup and hold constraints.

The top 5 pins with tight setup and hold constraints:

+====================+===================+======================================================+
| Launch Setup Clock | Launch Hold Clock | Pin                                                  |
+====================+===================+======================================================+
| clk                | clk               | u_line_buffer/line0_reg_0_255_0_0/RAMS64E_A/ADR1     |
| clk                | clk               | u_line_buffer/line0_reg_0_255_0_0/RAMS64E_B/ADR1     |
| clk                | clk               | u_line_buffer/line0_reg_1024_1279_8_8/RAMS64E_A/ADR1 |
| clk                | clk               | u_line_buffer/line0_reg_0_255_1_1/RAMS64E_A/ADR1     |
| clk                | clk               | u_line_buffer/line0_reg_1024_1279_8_8/RAMS64E_B/ADR1 |
+--------------------+-------------------+------------------------------------------------------+

File with complete list of pins: tight_setup_hold_pins.txt


Phase 15 Rip-up And Reroute

Phase 15.1 Global Iteration 0
 Number of Nodes with overlaps = 9
 Number of Nodes with overlaps = 7
 Number of Nodes with overlaps = 7
 Number of Nodes with overlaps = 5
 Number of Nodes with overlaps = 4
 Number of Nodes with overlaps = 4
 Number of Nodes with overlaps = 4
 Number of Nodes with overlaps = 2
 Number of Nodes with overlaps = 0
INFO: [Route 35-416] Intermediate Timing Summary | WNS=-0.247 | TNS=-3.797 | WHS=N/A    | THS=N/A    |

Phase 15.1 Global Iteration 0 | Checksum: 2dabfae81

Time (s): cpu = 00:01:43 ; elapsed = 00:01:06 . Memory (MB): peak = 2915.336 ; gain = 280.043

Phase 15.2 Global Iteration 1
 Number of Nodes with overlaps = 303
 Number of Nodes with overlaps = 168
 Number of Nodes with overlaps = 128
 Number of Nodes with overlaps = 94
 Number of Nodes with overlaps = 66
 Number of Nodes with overlaps = 24
 Number of Nodes with overlaps = 14
 Number of Nodes with overlaps = 10
 Number of Nodes with overlaps = 7
 Number of Nodes with overlaps = 4
 Number of Nodes with overlaps = 2
 Number of Nodes with overlaps = 0
INFO: [Route 35-416] Intermediate Timing Summary | WNS=-0.354 | TNS=-7.293 | WHS=N/A    | THS=N/A    |

Phase 15.2 Global Iteration 1 | Checksum: 1918c5114

Time (s): cpu = 00:01:51 ; elapsed = 00:01:14 . Memory (MB): peak = 2915.336 ; gain = 280.043
Phase 15 Rip-up And Reroute | Checksum: 1918c5114

Time (s): cpu = 00:01:51 ; elapsed = 00:01:14 . Memory (MB): peak = 2915.336 ; gain = 280.043

Phase 16 Delay and Skew Optimization

Phase 16.1 Delay CleanUp

Phase 16.1.1 Update Timing
Phase 16.1.1 Update Timing | Checksum: 1c68ddb9c

Time (s): cpu = 00:01:53 ; elapsed = 00:01:14 . Memory (MB): peak = 2915.336 ; gain = 280.043
INFO: [Route 35-416] Intermediate Timing Summary | WNS=-0.247 | TNS=-2.573 | WHS=N/A    | THS=N/A    |

 Number of Nodes with overlaps = 0
Phase 16.1 Delay CleanUp | Checksum: 29cfc21e1

Time (s): cpu = 00:01:53 ; elapsed = 00:01:14 . Memory (MB): peak = 2915.336 ; gain = 280.043

Phase 16.2 Clock Skew Optimization
Phase 16.2 Clock Skew Optimization | Checksum: 29cfc21e1

Time (s): cpu = 00:01:53 ; elapsed = 00:01:14 . Memory (MB): peak = 2915.336 ; gain = 280.043
Phase 16 Delay and Skew Optimization | Checksum: 29cfc21e1

Time (s): cpu = 00:01:53 ; elapsed = 00:01:14 . Memory (MB): peak = 2915.336 ; gain = 280.043

Phase 17 Post Hold Fix

Phase 17.1 Hold Fix Iter

Phase 17.1.1 Update Timing
Phase 17.1.1 Update Timing | Checksum: 2c759b1aa

Time (s): cpu = 00:01:54 ; elapsed = 00:01:15 . Memory (MB): peak = 2915.336 ; gain = 280.043
INFO: [Route 35-416] Intermediate Timing Summary | WNS=-0.247 | TNS=-2.520 | WHS=0.079  | THS=0.000  |

Phase 17.1 Hold Fix Iter | Checksum: 2c759b1aa

Time (s): cpu = 00:01:54 ; elapsed = 00:01:15 . Memory (MB): peak = 2915.336 ; gain = 280.043
Phase 17 Post Hold Fix | Checksum: 2c759b1aa

Time (s): cpu = 00:01:54 ; elapsed = 00:01:15 . Memory (MB): peak = 2915.336 ; gain = 280.043

Phase 18 Timing Verification

Phase 18.1 Update Timing
Phase 18.1 Update Timing | Checksum: 25d55242e

Time (s): cpu = 00:01:56 ; elapsed = 00:01:15 . Memory (MB): peak = 2915.336 ; gain = 280.043
INFO: [Route 35-416] Intermediate Timing Summary | WNS=-0.247 | TNS=-2.520 | WHS=N/A    | THS=N/A    |

Phase 18 Timing Verification | Checksum: 25d55242e

Time (s): cpu = 00:01:56 ; elapsed = 00:01:15 . Memory (MB): peak = 2915.336 ; gain = 280.043

Phase 19 Reset Design
INFO: [Route 35-307] 6174 nets already restored were skipped.
Post Restoration Checksum: NetGraph: 2f7a6954 | NumContArr: e7ccce5e | Constraints: c2a8fa9d | Timing: b1de910d

Phase 19.1 Create Timer
Phase 19.1 Create Timer | Checksum: 28bcec35c

Time (s): cpu = 00:01:56 ; elapsed = 00:01:15 . Memory (MB): peak = 2915.336 ; gain = 280.043
Phase 19 Reset Design | Checksum: 28bcec35c

Time (s): cpu = 00:01:57 ; elapsed = 00:01:16 . Memory (MB): peak = 2915.336 ; gain = 280.043

Phase 20 Post Router Timing
INFO: [Route 35-20] Post Routing Timing Summary | WNS=-0.246 | TNS=-3.322 | WHS=0.079  | THS=0.000  |

Phase 20 Post Router Timing | Checksum: 259f621fa

Time (s): cpu = 00:02:02 ; elapsed = 00:01:18 . Memory (MB): peak = 2915.336 ; gain = 280.043
CRITICAL WARNING: [Route 35-39] The design did not meet timing requirements. Please run report_timing_summary for detailed reports.
Resolution: Verify that the timing was met or had small violations at all previous steps (synthesis, placement, power_opt, and phys_opt). Run report_timing_summary and analyze individual timing paths.
INFO: [Route 35-253] TNS is the sum of the worst slack violation on every endpoint in the design. Review the paths with the biggest WNS violations in the timing reports and modify your constraints or your design to improve both WNS and TNS.
INFO: [Route 35-16] Router Completed Successfully

Phase 21 Post-Route Event Processing
Phase 21 Post-Route Event Processing | Checksum: f2d6d33a

Time (s): cpu = 00:02:02 ; elapsed = 00:01:18 . Memory (MB): peak = 2915.336 ; gain = 280.043
Ending Routing Task | Checksum: f2d6d33a

Time (s): cpu = 00:02:02 ; elapsed = 00:01:18 . Memory (MB): peak = 2915.336 ; gain = 280.043

Routing Is Done.
INFO: [Common 17-83] Releasing license: Implementation
187 Infos, 1 Warnings, 1 Critical Warnings and 0 Errors encountered.
route_design completed successfully
route_design: Time (s): cpu = 00:02:04 ; elapsed = 00:01:19 . Memory (MB): peak = 2915.336 ; gain = 299.188
INFO: [runtcl-4] Executing : report_drc -file top_convolution_drc_routed.rpt -pb top_convolution_drc_routed.pb -rpx top_convolution_drc_routed.rpx
Command: report_drc -file top_convolution_drc_routed.rpt -pb top_convolution_drc_routed.pb -rpx top_convolution_drc_routed.rpx
INFO: [IP_Flow 19-1839] IP Catalog is up to date.
INFO: [DRC 23-27] Running DRC with 4 threads
INFO: [Vivado_Tcl 2-168] The results of DRC are in file E:/PROJECTS/convolution_fpga/vivado_project/fmax_sweep/150MHz/project/fmax_150.runs/impl_1/top_convolution_drc_routed.rpt.
report_drc completed successfully
INFO: [runtcl-4] Executing : report_methodology -file top_convolution_methodology_drc_routed.rpt -pb top_convolution_methodology_drc_routed.pb -rpx top_convolution_methodology_drc_routed.rpx
Command: report_methodology -file top_convolution_methodology_drc_routed.rpt -pb top_convolution_methodology_drc_routed.pb -rpx top_convolution_methodology_drc_routed.rpx
INFO: [Timing 38-35] Done setting XDC timing constraints.
INFO: [DRC 23-133] Running Methodology with 4 threads
INFO: [Vivado_Tcl 2-1520] The results of Report Methodology are in file E:/PROJECTS/convolution_fpga/vivado_project/fmax_sweep/150MHz/project/fmax_150.runs/impl_1/top_convolution_methodology_drc_routed.rpt.
report_methodology completed successfully
INFO: [runtcl-4] Executing : report_power -file top_convolution_power_routed.rpt -pb top_convolution_power_summary_routed.pb -rpx top_convolution_power_routed.rpx
Command: report_power -file top_convolution_power_routed.rpt -pb top_convolution_power_summary_routed.pb -rpx top_convolution_power_routed.rpx
INFO: [Timing 38-35] Done setting XDC timing constraints.
Running Vector-less Activity Propagation...

Finished Running Vector-less Activity Propagation
197 Infos, 1 Warnings, 1 Critical Warnings and 0 Errors encountered.
report_power completed successfully
INFO: [runtcl-4] Executing : report_route_status -file top_convolution_route_status.rpt -pb top_convolution_route_status.pb
INFO: [runtcl-4] Executing : report_timing_summary -max_paths 10 -report_unconstrained -file top_convolution_timing_summary_routed.rpt -pb top_convolution_timing_summary_routed.pb -rpx top_convolution_timing_summary_routed.rpx -warn_on_violation 
INFO: [Timing 38-91] UpdateTimingParams: Speed grade: -1, Delay Type: min_max.
INFO: [Timing 38-191] Multithreading enabled for timing update using a maximum of 4 CPUs
CRITICAL WARNING: [Timing 38-282] The design failed to meet the timing requirements. Please see the timing summary report for details on the timing violations.
INFO: [runtcl-4] Executing : report_incremental_reuse -file top_convolution_incremental_reuse_routed.rpt
INFO: [Vivado_Tcl 4-1062] Incremental flow is disabled. No incremental reuse Info to report.
INFO: [runtcl-4] Executing : report_clock_utilization -file top_convolution_clock_utilization_routed.rpt
INFO: [runtcl-4] Executing : report_bus_skew -warn_on_violation -file top_convolution_bus_skew_routed.rpt -pb top_convolution_bus_skew_routed.pb -rpx top_convolution_bus_skew_routed.rpx
INFO: [Timing 38-91] UpdateTimingParams: Speed grade: -1, Delay Type: min_max.
INFO: [Timing 38-191] Multithreading enabled for timing update using a maximum of 4 CPUs
INFO: [Timing 38-480] Writing timing data to binary archive.
Write ShapeDB Complete: Time (s): cpu = 00:00:00 ; elapsed = 00:00:00.013 . Memory (MB): peak = 2915.336 ; gain = 0.000
Wrote PlaceDB: Time (s): cpu = 00:00:01 ; elapsed = 00:00:00.410 . Memory (MB): peak = 2915.336 ; gain = 0.000
Wrote PulsedLatchDB: Time (s): cpu = 00:00:00 ; elapsed = 00:00:00 . Memory (MB): peak = 2915.336 ; gain = 0.000
Writing XDEF routing.
Writing XDEF routing logical nets.
Writing XDEF routing special nets.
Wrote RouteStorage: Time (s): cpu = 00:00:00 ; elapsed = 00:00:00.088 . Memory (MB): peak = 2915.336 ; gain = 0.000
Wrote Netlist Cache: Time (s): cpu = 00:00:00 ; elapsed = 00:00:00.007 . Memory (MB): peak = 2915.336 ; gain = 0.000
Wrote Device Cache: Time (s): cpu = 00:00:00 ; elapsed = 00:00:00.005 . Memory (MB): peak = 2915.336 ; gain = 0.000
Write Physdb Complete: Time (s): cpu = 00:00:01 ; elapsed = 00:00:00.518 . Memory (MB): peak = 2915.336 ; gain = 0.000
INFO: [Common 17-1381] The checkpoint 'E:/PROJECTS/convolution_fpga/vivado_project/fmax_sweep/150MHz/project/fmax_150.runs/impl_1/top_convolution_routed.dcp' has been generated.
INFO: [Common 17-206] Exiting Vivado at Sun May 24 19:42:24 2026...
