Copyright 1986-2022 Xilinx, Inc. All Rights Reserved. Copyright 2022-2023 Advanced Micro Devices, Inc. All Rights Reserved.
---------------------------------------------------------------------------------------------------------------------------------------------
| Tool Version : Vivado v.2023.2 (win64) Build 4029153 Fri Oct 13 20:14:34 MDT 2023
| Date         : Wed Mar 18 18:08:29 2026
| Host         : DESKTOP-5BKHJFE running 64-bit major release  (build 9200)
| Command      : report_timing_summary -file E:/PROJECTS/convolution_fpga/vivado_project/reports/timing_post_route.rpt
| Design       : top_convolution
| Device       : 7z020-clg400
| Speed File   : -1  PRODUCTION 1.12 2019-11-22
| Design State : Routed
---------------------------------------------------------------------------------------------------------------------------------------------

Timing Summary Report

------------------------------------------------------------------------------------------------
| Timer Settings
| --------------
------------------------------------------------------------------------------------------------

  Enable Multi Corner Analysis               :  Yes
  Enable Pessimism Removal                   :  Yes
  Pessimism Removal Resolution               :  Nearest Common Node
  Enable Input Delay Default Clock           :  No
  Enable Preset / Clear Arcs                 :  No
  Disable Flight Delays                      :  No
  Ignore I/O Paths                           :  No
  Timing Early Launch at Borrowing Latches   :  No
  Borrow Time for Max Delay Exceptions       :  Yes
  Merge Timing Exceptions                    :  Yes
  Inter-SLR Compensation                     :  Conservative

  Corner  Analyze    Analyze    
  Name    Max Paths  Min Paths  
  ------  ---------  ---------  
  Slow    Yes        Yes        
  Fast    Yes        Yes        


------------------------------------------------------------------------------------------------
| Report Methodology
| ------------------
------------------------------------------------------------------------------------------------

Rule       Severity  Description                                                Violations  
---------  --------  ---------------------------------------------------------  ----------  
SYNTH-5    Warning   Mapped onto distributed RAM because of timing constraints  144         
TIMING-18  Warning   Missing input or output delay                              73          

Note: This report is based on the most recent report_methodology run and may not be up-to-date. Run report_methodology on the current design for the latest report.



check_timing report

Table of Contents
-----------------
1. checking no_clock (0)
2. checking constant_clock (0)
3. checking pulse_width_clock (0)
4. checking unconstrained_internal_endpoints (0)
5. checking no_input_delay (48)
6. checking no_output_delay (25)
7. checking multiple_clock (0)
8. checking generated_clocks (0)
9. checking loops (0)
10. checking partial_input_delay (0)
11. checking partial_output_delay (0)
12. checking latch_loops (0)

1. checking no_clock (0)
------------------------
 There are 0 register/latch pins with no clock.


2. checking constant_clock (0)
------------------------------
 There are 0 register/latch pins with constant_clock.


3. checking pulse_width_clock (0)
---------------------------------
 There are 0 register/latch pins which need pulse_width check


4. checking unconstrained_internal_endpoints (0)
------------------------------------------------
 There are 0 pins that are not constrained for maximum delay.

 There are 0 pins that are not constrained for maximum delay due to constant clock.


5. checking no_input_delay (48)
-------------------------------
 There are 48 input ports with no input delay specified. (HIGH)

 There are 0 input ports with no input delay but user has a false path constraint.


6. checking no_output_delay (25)
--------------------------------
 There are 25 ports with no output delay specified. (HIGH)

 There are 0 ports with no output delay but user has a false path constraint

 There are 0 ports with no output delay but with a timing clock defined on it or propagating through it


7. checking multiple_clock (0)
------------------------------
 There are 0 register/latch pins with multiple clocks.


8. checking generated_clocks (0)
--------------------------------
 There are 0 generated clocks that are not connected to a clock source.


9. checking loops (0)
---------------------
 There are 0 combinational loops in the design.


10. checking partial_input_delay (0)
------------------------------------
 There are 0 input ports with partial input delay specified.


11. checking partial_output_delay (0)
-------------------------------------
 There are 0 ports with partial output delay specified.


12. checking latch_loops (0)
----------------------------
 There are 0 combinational latch loops in the design through latch input



------------------------------------------------------------------------------------------------
| Design Timing Summary
| ---------------------
------------------------------------------------------------------------------------------------

    WNS(ns)      TNS(ns)  TNS Failing Endpoints  TNS Total Endpoints      WHS(ns)      THS(ns)  THS Failing Endpoints  THS Total Endpoints     WPWS(ns)     TPWS(ns)  TPWS Failing Endpoints  TPWS Total Endpoints  
    -------      -------  ---------------------  -------------------      -------      -------  ---------------------  -------------------     --------     --------  ----------------------  --------------------  
      7.176        0.000                      0                 9286        0.072        0.000                      0                 9286        7.750        0.000                       0                  1094  


All user specified timing constraints are met.


------------------------------------------------------------------------------------------------
| Clock Summary
| -------------
------------------------------------------------------------------------------------------------

Clock  Waveform(ns)       Period(ns)      Frequency(MHz)
-----  ------------       ----------      --------------
clk    {0.000 9.000}      18.000          55.556          


------------------------------------------------------------------------------------------------
| Intra Clock Table
| -----------------
------------------------------------------------------------------------------------------------

Clock             WNS(ns)      TNS(ns)  TNS Failing Endpoints  TNS Total Endpoints      WHS(ns)      THS(ns)  THS Failing Endpoints  THS Total Endpoints     WPWS(ns)     TPWS(ns)  TPWS Failing Endpoints  TPWS Total Endpoints  
-----             -------      -------  ---------------------  -------------------      -------      -------  ---------------------  -------------------     --------     --------  ----------------------  --------------------  
clk                 7.176        0.000                      0                 9286        0.072        0.000                      0                 9286        7.750        0.000                       0                  1094  


------------------------------------------------------------------------------------------------
| Inter Clock Table
| -----------------
------------------------------------------------------------------------------------------------

From Clock    To Clock          WNS(ns)      TNS(ns)  TNS Failing Endpoints  TNS Total Endpoints      WHS(ns)      THS(ns)  THS Failing Endpoints  THS Total Endpoints  
----------    --------          -------      -------  ---------------------  -------------------      -------      -------  ---------------------  -------------------  


------------------------------------------------------------------------------------------------
| Other Path Groups Table
| -----------------------
------------------------------------------------------------------------------------------------

Path Group    From Clock    To Clock          WNS(ns)      TNS(ns)  TNS Failing Endpoints  TNS Total Endpoints      WHS(ns)      THS(ns)  THS Failing Endpoints  THS Total Endpoints  
----------    ----------    --------          -------      -------  ---------------------  -------------------      -------      -------  ---------------------  -------------------  


------------------------------------------------------------------------------------------------
| Timing Details
| --------------
------------------------------------------------------------------------------------------------


---------------------------------------------------------------------------------------------------
From Clock:  clk
  To Clock:  clk

Setup :            0  Failing Endpoints,  Worst Slack        7.176ns,  Total Violation        0.000ns
Hold  :            0  Failing Endpoints,  Worst Slack        0.072ns,  Total Violation        0.000ns
PW    :            0  Failing Endpoints,  Worst Slack        7.750ns,  Total Violation        0.000ns
---------------------------------------------------------------------------------------------------


Max Delay Paths
--------------------------------------------------------------------------------------
Slack (MET) :             7.176ns  (required time - arrival time)
  Source:                 u_mac_array/acc_r_lo_h0_q0/CLK
                            (rising edge-triggered cell DSP48E1 clocked by clk  {rise@0.000ns fall@9.000ns period=18.000ns})
  Destination:            u_mac_array/acc_r_lo_h0_q_reg/PCIN[0]
                            (rising edge-triggered cell DSP48E1 clocked by clk  {rise@0.000ns fall@9.000ns period=18.000ns})
  Path Group:             clk
  Path Type:              Setup (Max at Slow Process Corner)
  Requirement:            18.000ns  (clk rise@18.000ns - clk rise@0.000ns)
  Data Path Delay:        9.327ns  (logic 9.263ns (99.316%)  route 0.064ns (0.684%))
  Logic Levels:           4  (DSP48E1=4)
  Clock Path Skew:        -0.062ns (DCD - SCD + CPR)
    Destination Clock Delay (DCD):    4.605ns = ( 22.605 - 18.000 ) 
    Source Clock Delay      (SCD):    5.124ns
    Clock Pessimism Removal (CPR):    0.457ns
  Clock Uncertainty:      0.035ns  ((TSJ^2 + TIJ^2)^1/2 + DJ) / 2 + PE
    Total System Jitter     (TSJ):    0.071ns
    Total Input Jitter      (TIJ):    0.000ns
    Discrete Jitter          (DJ):    0.000ns
    Phase Error              (PE):    0.000ns

    Location             Delay type                Incr(ns)  Path(ns)    Netlist Resource(s)
  -------------------------------------------------------------------    -------------------
                         (clock clk rise edge)        0.000     0.000 r  
    N20                                               0.000     0.000 r  clk (IN)
                         net (fo=0)                   0.000     0.000    clk
    N20                  IBUF (Prop_ibuf_I_O)         0.940     0.940 r  clk_IBUF_inst/O
                         net (fo=1, routed)           2.205     3.145    clk_IBUF
    BUFGCTRL_X0Y16       BUFG (Prop_bufg_I_O)         0.101     3.246 r  clk_IBUF_BUFG_inst/O
                         net (fo=1093, routed)        1.879     5.124    u_mac_array/clk_IBUF_BUFG
    DSP48_X3Y7           DSP48E1                                      r  u_mac_array/acc_r_lo_h0_q0/CLK
  -------------------------------------------------------------------    -------------------
    DSP48_X3Y7           DSP48E1 (Prop_dsp48e1_CLK_PCOUT[47])
                                                      2.411     7.535 r  u_mac_array/acc_r_lo_h0_q0/PCOUT[47]
                         net (fo=1, routed)           0.002     7.537    u_mac_array/acc_r_lo_h0_q0_n_106
    DSP48_X3Y8           DSP48E1 (Prop_dsp48e1_PCIN[47]_PCOUT[47])
                                                      1.713     9.250 r  u_mac_array/acc_r_lo_h0_q0__0/PCOUT[47]
                         net (fo=1, routed)           0.002     9.252    u_mac_array/acc_r_lo_h0_q0__0_n_106
    DSP48_X3Y9           DSP48E1 (Prop_dsp48e1_PCIN[47]_PCOUT[47])
                                                      1.713    10.965 r  u_mac_array/acc_r_lo_h0_q0__1/PCOUT[47]
                         net (fo=1, routed)           0.056    11.021    u_mac_array/acc_r_lo_h0_q0__1_n_106
    DSP48_X3Y10          DSP48E1 (Prop_dsp48e1_PCIN[47]_PCOUT[47])
                                                      1.713    12.734 r  u_mac_array/acc_r_lo_h0_q0__2/PCOUT[47]
                         net (fo=1, routed)           0.002    12.736    u_mac_array/acc_r_lo_h0_q0__2_n_106
    DSP48_X3Y11          DSP48E1 (Prop_dsp48e1_PCIN[47]_PCOUT[0])
                                                      1.713    14.449 r  u_mac_array/acc_r_lo_h0_q0__3/PCOUT[0]
                         net (fo=1, routed)           0.002    14.451    u_mac_array/acc_r_lo_h0_q0__3_n_153
    DSP48_X3Y12          DSP48E1                                      r  u_mac_array/acc_r_lo_h0_q_reg/PCIN[0]
  -------------------------------------------------------------------    -------------------

                         (clock clk rise edge)       18.000    18.000 r  
    N20                                               0.000    18.000 r  clk (IN)
                         net (fo=0)                   0.000    18.000    clk
    N20                  IBUF (Prop_ibuf_I_O)         0.806    18.806 r  clk_IBUF_inst/O
                         net (fo=1, routed)           2.006    20.812    clk_IBUF
    BUFGCTRL_X0Y16       BUFG (Prop_bufg_I_O)         0.091    20.903 r  clk_IBUF_BUFG_inst/O
                         net (fo=1093, routed)        1.702    22.605    u_mac_array/clk_IBUF_BUFG
    DSP48_X3Y12          DSP48E1                                      r  u_mac_array/acc_r_lo_h0_q_reg/CLK
                         clock pessimism              0.457    23.062    
                         clock uncertainty           -0.035    23.027    
    DSP48_X3Y12          DSP48E1 (Setup_dsp48e1_CLK_PCIN[0])
                                                     -1.400    21.627    u_mac_array/acc_r_lo_h0_q_reg
  -------------------------------------------------------------------
                         required time                         21.627    
                         arrival time                         -14.451    
  -------------------------------------------------------------------
                         slack                                  7.176    





Min Delay Paths
--------------------------------------------------------------------------------------
Slack (MET) :             0.072ns  (arrival time - required time)
  Source:                 u_line_buffer/x_count_reg[0]_rep/C
                            (rising edge-triggered cell FDRE clocked by clk  {rise@0.000ns fall@9.000ns period=18.000ns})
  Destination:            u_line_buffer/line0_reg_0_127_0_0__10/HIGH/ADR0
                            (rising edge-triggered cell RAMS64E clocked by clk  {rise@0.000ns fall@9.000ns period=18.000ns})
  Path Group:             clk
  Path Type:              Hold (Min at Fast Process Corner)
  Requirement:            0.000ns  (clk rise@0.000ns - clk rise@0.000ns)
  Data Path Delay:        0.395ns  (logic 0.141ns (35.713%)  route 0.254ns (64.287%))
  Logic Levels:           0  
  Clock Path Skew:        0.013ns (DCD - SCD - CPR)
    Destination Clock Delay (DCD):    1.965ns
    Source Clock Delay      (SCD):    1.446ns
    Clock Pessimism Removal (CPR):    0.506ns

    Location             Delay type                Incr(ns)  Path(ns)    Netlist Resource(s)
  -------------------------------------------------------------------    -------------------
                         (clock clk rise edge)        0.000     0.000 r  
    N20                                               0.000     0.000 r  clk (IN)
                         net (fo=0)                   0.000     0.000    clk
    N20                  IBUF (Prop_ibuf_I_O)         0.169     0.169 r  clk_IBUF_inst/O
                         net (fo=1, routed)           0.674     0.843    clk_IBUF
    BUFGCTRL_X0Y16       BUFG (Prop_bufg_I_O)         0.026     0.869 r  clk_IBUF_BUFG_inst/O
                         net (fo=1093, routed)        0.578     1.446    u_line_buffer/clk_IBUF_BUFG
    SLICE_X59Y51         FDRE                                         r  u_line_buffer/x_count_reg[0]_rep/C
  -------------------------------------------------------------------    -------------------
    SLICE_X59Y51         FDRE (Prop_fdre_C_Q)         0.141     1.587 r  u_line_buffer/x_count_reg[0]_rep/Q
                         net (fo=160, routed)         0.254     1.841    u_line_buffer/line0_reg_0_127_0_0__10/A0
    SLICE_X58Y51         RAMS64E                                      r  u_line_buffer/line0_reg_0_127_0_0__10/HIGH/ADR0
  -------------------------------------------------------------------    -------------------

                         (clock clk rise edge)        0.000     0.000 r  
    N20                                               0.000     0.000 r  clk (IN)
                         net (fo=0)                   0.000     0.000    clk
    N20                  IBUF (Prop_ibuf_I_O)         0.357     0.357 r  clk_IBUF_inst/O
                         net (fo=1, routed)           0.731     1.088    clk_IBUF
    BUFGCTRL_X0Y16       BUFG (Prop_bufg_I_O)         0.029     1.117 r  clk_IBUF_BUFG_inst/O
                         net (fo=1093, routed)        0.848     1.965    u_line_buffer/line0_reg_0_127_0_0__10/WCLK
    SLICE_X58Y51         RAMS64E                                      r  u_line_buffer/line0_reg_0_127_0_0__10/HIGH/CLK
                         clock pessimism             -0.506     1.459    
    SLICE_X58Y51         RAMS64E (Hold_rams64e_CLK_ADR0)
                                                      0.310     1.769    u_line_buffer/line0_reg_0_127_0_0__10/HIGH
  -------------------------------------------------------------------
                         required time                         -1.769    
                         arrival time                           1.841    
  -------------------------------------------------------------------
                         slack                                  0.072    





Pulse Width Checks
--------------------------------------------------------------------------------------
Clock Name:         clk
Waveform(ns):       { 0.000 9.000 }
Period(ns):         18.000
Sources:            { clk }

Check Type        Corner  Lib Pin      Reference Pin  Required(ns)  Actual(ns)  Slack(ns)  Location      Pin
Min Period        n/a     DSP48E1/CLK  n/a            3.884         18.000      14.116     DSP48_X3Y27   u_mac_array/mul_b_q_reg[18]/CLK
Low Pulse Width   Slow    RAMS64E/CLK  n/a            1.250         9.000       7.750      SLICE_X66Y36  u_line_buffer/line0_reg_0_127_0_0/HIGH/CLK
High Pulse Width  Slow    RAMS64E/CLK  n/a            1.250         9.000       7.750      SLICE_X66Y36  u_line_buffer/line0_reg_0_127_0_0/HIGH/CLK



