Copyright 1986-2022 Xilinx, Inc. All Rights Reserved. Copyright 2022-2023 Advanced Micro Devices, Inc. All Rights Reserved.
---------------------------------------------------------------------------------------------------------------------------------------------
| Tool Version : Vivado v.2023.2 (win64) Build 4029153 Fri Oct 13 20:14:34 MDT 2023
| Date         : Wed Mar 18 14:34:57 2026
| Host         : DESKTOP-5BKHJFE running 64-bit major release  (build 9200)
| Command      : report_timing_summary -file E:/PROJECTS/convolution_fpga/vivado_project/reports/timing_post_synth.rpt
| Design       : top_convolution
| Device       : 7z020-clg400
| Speed File   : -1  PRODUCTION 1.12 2019-11-22
| Design State : Synthesized
---------------------------------------------------------------------------------------------------------------------------------------------

Timing Summary Report

------------------------------------------------------------------------------------------------
| Timer Settings
| --------------
------------------------------------------------------------------------------------------------

  Enable Multi Corner Analysis               :  Yes
  Enable Pessimism Removal                   :  Yes
  Pessimism Removal Resolution               :  Nearest Common Node
  Enable Input Delay Default Clock           :  No
  Enable Preset / Clear Arcs                 :  No
  Disable Flight Delays                      :  No
  Ignore I/O Paths                           :  No
  Timing Early Launch at Borrowing Latches   :  No
  Borrow Time for Max Delay Exceptions       :  Yes
  Merge Timing Exceptions                    :  Yes
  Inter-SLR Compensation                     :  Conservative

  Corner  Analyze    Analyze    
  Name    Max Paths  Min Paths  
  ------  ---------  ---------  
  Slow    Yes        Yes        
  Fast    Yes        Yes        


------------------------------------------------------------------------------------------------
| Report Methodology
| ------------------
------------------------------------------------------------------------------------------------

No report available as report_methodology has not been run prior. Run report_methodology on the current design for the summary of methodology violations.



check_timing report

Table of Contents
-----------------
1. checking no_clock (0)
2. checking constant_clock (0)
3. checking pulse_width_clock (0)
4. checking unconstrained_internal_endpoints (0)
5. checking no_input_delay (48)
6. checking no_output_delay (25)
7. checking multiple_clock (0)
8. checking generated_clocks (0)
9. checking loops (0)
10. checking partial_input_delay (0)
11. checking partial_output_delay (0)
12. checking latch_loops (0)

1. checking no_clock (0)
------------------------
 There are 0 register/latch pins with no clock.


2. checking constant_clock (0)
------------------------------
 There are 0 register/latch pins with constant_clock.


3. checking pulse_width_clock (0)
---------------------------------
 There are 0 register/latch pins which need pulse_width check


4. checking unconstrained_internal_endpoints (0)
------------------------------------------------
 There are 0 pins that are not constrained for maximum delay.

 There are 0 pins that are not constrained for maximum delay due to constant clock.


5. checking no_input_delay (48)
-------------------------------
 There are 48 input ports with no input delay specified. (HIGH)

 There are 0 input ports with no input delay but user has a false path constraint.


6. checking no_output_delay (25)
--------------------------------
 There are 25 ports with no output delay specified. (HIGH)

 There are 0 ports with no output delay but user has a false path constraint

 There are 0 ports with no output delay but with a timing clock defined on it or propagating through it


7. checking multiple_clock (0)
------------------------------
 There are 0 register/latch pins with multiple clocks.


8. checking generated_clocks (0)
--------------------------------
 There are 0 generated clocks that are not connected to a clock source.


9. checking loops (0)
---------------------
 There are 0 combinational loops in the design.


10. checking partial_input_delay (0)
------------------------------------
 There are 0 input ports with partial input delay specified.


11. checking partial_output_delay (0)
-------------------------------------
 There are 0 ports with partial output delay specified.


12. checking latch_loops (0)
----------------------------
 There are 0 combinational latch loops in the design through latch input



------------------------------------------------------------------------------------------------
| Design Timing Summary
| ---------------------
------------------------------------------------------------------------------------------------

    WNS(ns)      TNS(ns)  TNS Failing Endpoints  TNS Total Endpoints      WHS(ns)      THS(ns)  THS Failing Endpoints  THS Total Endpoints     WPWS(ns)     TPWS(ns)  TPWS Failing Endpoints  TPWS Total Endpoints  
    -------      -------  ---------------------  -------------------      -------      -------  ---------------------  -------------------     --------     --------  ----------------------  --------------------  
     -0.967     -139.257                    144                 8253        0.117        0.000                      0                 8253       11.250        0.000                       0                   985  


Timing constraints are not met.


------------------------------------------------------------------------------------------------
| Clock Summary
| -------------
------------------------------------------------------------------------------------------------

Clock  Waveform(ns)       Period(ns)      Frequency(MHz)
-----  ------------       ----------      --------------
clk    {0.000 12.500}     25.000          40.000          


------------------------------------------------------------------------------------------------
| Intra Clock Table
| -----------------
------------------------------------------------------------------------------------------------

Clock             WNS(ns)      TNS(ns)  TNS Failing Endpoints  TNS Total Endpoints      WHS(ns)      THS(ns)  THS Failing Endpoints  THS Total Endpoints     WPWS(ns)     TPWS(ns)  TPWS Failing Endpoints  TPWS Total Endpoints  
-----             -------      -------  ---------------------  -------------------      -------      -------  ---------------------  -------------------     --------     --------  ----------------------  --------------------  
clk                -0.967     -139.257                    144                 8253        0.117        0.000                      0                 8253       11.250        0.000                       0                   985  


------------------------------------------------------------------------------------------------
| Inter Clock Table
| -----------------
------------------------------------------------------------------------------------------------

From Clock    To Clock          WNS(ns)      TNS(ns)  TNS Failing Endpoints  TNS Total Endpoints      WHS(ns)      THS(ns)  THS Failing Endpoints  THS Total Endpoints  
----------    --------          -------      -------  ---------------------  -------------------      -------      -------  ---------------------  -------------------  


------------------------------------------------------------------------------------------------
| Other Path Groups Table
| -----------------------
------------------------------------------------------------------------------------------------

Path Group    From Clock    To Clock          WNS(ns)      TNS(ns)  TNS Failing Endpoints  TNS Total Endpoints      WHS(ns)      THS(ns)  THS Failing Endpoints  THS Total Endpoints  
----------    ----------    --------          -------      -------  ---------------------  -------------------      -------      -------  ---------------------  -------------------  


------------------------------------------------------------------------------------------------
| Timing Details
| --------------
------------------------------------------------------------------------------------------------


---------------------------------------------------------------------------------------------------
From Clock:  clk
  To Clock:  clk

Setup :          144  Failing Endpoints,  Worst Slack       -0.967ns,  Total Violation     -139.257ns
Hold  :            0  Failing Endpoints,  Worst Slack        0.117ns,  Total Violation        0.000ns
PW    :            0  Failing Endpoints,  Worst Slack       11.250ns,  Total Violation        0.000ns
---------------------------------------------------------------------------------------------------


Max Delay Paths
--------------------------------------------------------------------------------------
Slack (VIOLATED) :        -0.967ns  (required time - arrival time)
  Source:                 u_kernel_loader/coeff_mem_reg[12][15]/C
                            (rising edge-triggered cell FDRE clocked by clk  {rise@0.000ns fall@12.500ns period=25.000ns})
  Destination:            u_mac_array/acc_b_lo_q_reg/PCIN[0]
                            (rising edge-triggered cell DSP48E1 clocked by clk  {rise@0.000ns fall@12.500ns period=25.000ns})
  Path Group:             clk
  Path Type:              Setup (Max at Slow Process Corner)
  Requirement:            25.000ns  (clk rise@25.000ns - clk rise@0.000ns)
  Data Path Delay:        24.387ns  (logic 23.532ns (96.495%)  route 0.855ns (3.505%))
  Logic Levels:           12  (DSP48E1=12)
  Clock Path Skew:        -0.145ns (DCD - SCD + CPR)
    Destination Clock Delay (DCD):    2.128ns = ( 27.128 - 25.000 ) 
    Source Clock Delay      (SCD):    2.456ns
    Clock Pessimism Removal (CPR):    0.184ns
  Clock Uncertainty:      0.035ns  ((TSJ^2 + TIJ^2)^1/2 + DJ) / 2 + PE
    Total System Jitter     (TSJ):    0.071ns
    Total Input Jitter      (TIJ):    0.000ns
    Discrete Jitter          (DJ):    0.000ns
    Phase Error              (PE):    0.000ns

    Location             Delay type                Incr(ns)  Path(ns)    Netlist Resource(s)
  -------------------------------------------------------------------    -------------------
                         (clock clk rise edge)        0.000     0.000 r  
                                                      0.000     0.000 r  clk (IN)
                         net (fo=0)                   0.000     0.000    clk
                         IBUF (Prop_ibuf_I_O)         0.972     0.972 r  clk_IBUF_inst/O
                         net (fo=1, unplaced)         0.800     1.771    clk_IBUF
                         BUFG (Prop_bufg_I_O)         0.101     1.872 r  clk_IBUF_BUFG_inst/O
                         net (fo=999, unplaced)       0.584     2.456    u_kernel_loader/clk_IBUF_BUFG
                         FDRE                                         r  u_kernel_loader/coeff_mem_reg[12][15]/C
  -------------------------------------------------------------------    -------------------
                         FDRE (Prop_fdre_C_Q)         0.478     2.934 r  u_kernel_loader/coeff_mem_reg[12][15]/Q
                         net (fo=45, unplaced)        0.800     3.734    u_mac_array/Q[15]
                         DSP48E1 (Prop_dsp48e1_A[29]_PCOUT[47])
                                                      4.211     7.945 r  u_mac_array/acc_b_lo_q1/PCOUT[47]
                         net (fo=1, unplaced)         0.055     8.000    u_mac_array/acc_b_lo_q1_n_106
                         DSP48E1 (Prop_dsp48e1_PCIN[47]_PCOUT[47])
                                                      1.713     9.713 r  u_mac_array/acc_b_lo_q0/PCOUT[47]
                         net (fo=1, unplaced)         0.000     9.713    u_mac_array/acc_b_lo_q0_n_106
                         DSP48E1 (Prop_dsp48e1_PCIN[47]_PCOUT[47])
                                                      1.713    11.426 r  u_mac_array/acc_b_lo_q0__0/PCOUT[47]
                         net (fo=1, unplaced)         0.000    11.426    u_mac_array/acc_b_lo_q0__0_n_106
                         DSP48E1 (Prop_dsp48e1_PCIN[47]_PCOUT[47])
                                                      1.713    13.139 r  u_mac_array/acc_b_lo_q0__1/PCOUT[47]
                         net (fo=1, unplaced)         0.000    13.139    u_mac_array/acc_b_lo_q0__1_n_106
                         DSP48E1 (Prop_dsp48e1_PCIN[47]_PCOUT[47])
                                                      1.713    14.852 r  u_mac_array/acc_b_lo_q0__2/PCOUT[47]
                         net (fo=1, unplaced)         0.000    14.852    u_mac_array/acc_b_lo_q0__2_n_106
                         DSP48E1 (Prop_dsp48e1_PCIN[47]_PCOUT[47])
                                                      1.713    16.565 r  u_mac_array/acc_b_lo_q0__3/PCOUT[47]
                         net (fo=1, unplaced)         0.000    16.565    u_mac_array/acc_b_lo_q0__3_n_106
                         DSP48E1 (Prop_dsp48e1_PCIN[47]_PCOUT[47])
                                                      1.713    18.278 r  u_mac_array/acc_b_lo_q0__4/PCOUT[47]
                         net (fo=1, unplaced)         0.000    18.278    u_mac_array/acc_b_lo_q0__4_n_106
                         DSP48E1 (Prop_dsp48e1_PCIN[47]_PCOUT[47])
                                                      1.713    19.991 r  u_mac_array/acc_b_lo_q0__5/PCOUT[47]
                         net (fo=1, unplaced)         0.000    19.991    u_mac_array/acc_b_lo_q0__5_n_106
                         DSP48E1 (Prop_dsp48e1_PCIN[47]_PCOUT[47])
                                                      1.713    21.704 r  u_mac_array/acc_b_lo_q0__6/PCOUT[47]
                         net (fo=1, unplaced)         0.000    21.704    u_mac_array/acc_b_lo_q0__6_n_106
                         DSP48E1 (Prop_dsp48e1_PCIN[47]_PCOUT[47])
                                                      1.713    23.417 r  u_mac_array/acc_b_lo_q0__7/PCOUT[47]
                         net (fo=1, unplaced)         0.000    23.417    u_mac_array/acc_b_lo_q0__7_n_106
                         DSP48E1 (Prop_dsp48e1_PCIN[47]_PCOUT[47])
                                                      1.713    25.130 r  u_mac_array/acc_b_lo_q0__8/PCOUT[47]
                         net (fo=1, unplaced)         0.000    25.130    u_mac_array/acc_b_lo_q0__8_n_106
                         DSP48E1 (Prop_dsp48e1_PCIN[47]_PCOUT[0])
                                                      1.713    26.843 r  u_mac_array/acc_b_lo_q0__9/PCOUT[0]
                         net (fo=1, unplaced)         0.000    26.843    u_mac_array/acc_b_lo_q0__9_n_153
                         DSP48E1                                      r  u_mac_array/acc_b_lo_q_reg/PCIN[0]
  -------------------------------------------------------------------    -------------------

                         (clock clk rise edge)       25.000    25.000 r  
                                                      0.000    25.000 r  clk (IN)
                         net (fo=0)                   0.000    25.000    clk
                         IBUF (Prop_ibuf_I_O)         0.838    25.838 r  clk_IBUF_inst/O
                         net (fo=1, unplaced)         0.760    26.598    clk_IBUF
                         BUFG (Prop_bufg_I_O)         0.091    26.689 r  clk_IBUF_BUFG_inst/O
                         net (fo=999, unplaced)       0.439    27.128    u_mac_array/clk_IBUF_BUFG
                         DSP48E1                                      r  u_mac_array/acc_b_lo_q_reg/CLK
                         clock pessimism              0.184    27.311    
                         clock uncertainty           -0.035    27.276    
                         DSP48E1 (Setup_dsp48e1_CLK_PCIN[0])
                                                     -1.400    25.876    u_mac_array/acc_b_lo_q_reg
  -------------------------------------------------------------------
                         required time                         25.876    
                         arrival time                         -26.843    
  -------------------------------------------------------------------
                         slack                                 -0.967    





Min Delay Paths
--------------------------------------------------------------------------------------
Slack (MET) :             0.117ns  (arrival time - required time)
  Source:                 u_line_buffer/x_count_reg[3]_rep__2/C
                            (rising edge-triggered cell FDRE clocked by clk  {rise@0.000ns fall@12.500ns period=25.000ns})
  Destination:            u_line_buffer/line2_reg_0_127_0_0/HIGH/ADR3
                            (rising edge-triggered cell RAMS64E clocked by clk  {rise@0.000ns fall@12.500ns period=25.000ns})
  Path Group:             clk
  Path Type:              Hold (Min at Fast Process Corner)
  Requirement:            0.000ns  (clk rise@0.000ns - clk rise@0.000ns)
  Data Path Delay:        0.449ns  (logic 0.147ns (32.753%)  route 0.302ns (67.247%))
  Logic Levels:           0  
  Clock Path Skew:        0.145ns (DCD - SCD - CPR)
    Destination Clock Delay (DCD):    1.032ns
    Source Clock Delay      (SCD):    0.678ns
    Clock Pessimism Removal (CPR):    0.210ns

    Location             Delay type                Incr(ns)  Path(ns)    Netlist Resource(s)
  -------------------------------------------------------------------    -------------------
                         (clock clk rise edge)        0.000     0.000 r  
                                                      0.000     0.000 r  clk (IN)
                         net (fo=0)                   0.000     0.000    clk
                         IBUF (Prop_ibuf_I_O)         0.200     0.200 r  clk_IBUF_inst/O
                         net (fo=1, unplaced)         0.337     0.538    clk_IBUF
                         BUFG (Prop_bufg_I_O)         0.026     0.564 r  clk_IBUF_BUFG_inst/O
                         net (fo=999, unplaced)       0.114     0.678    u_line_buffer/clk_IBUF_BUFG
                         FDRE                                         r  u_line_buffer/x_count_reg[3]_rep__2/C
  -------------------------------------------------------------------    -------------------
                         FDRE (Prop_fdre_C_Q)         0.147     0.825 r  u_line_buffer/x_count_reg[3]_rep__2/Q
                         net (fo=118, unplaced)       0.302     1.126    u_line_buffer/line2_reg_0_127_0_0/A3
                         RAMS64E                                      r  u_line_buffer/line2_reg_0_127_0_0/HIGH/ADR3
  -------------------------------------------------------------------    -------------------

                         (clock clk rise edge)        0.000     0.000 r  
                                                      0.000     0.000 r  clk (IN)
                         net (fo=0)                   0.000     0.000    clk
                         IBUF (Prop_ibuf_I_O)         0.389     0.389 r  clk_IBUF_inst/O
                         net (fo=1, unplaced)         0.355     0.744    clk_IBUF
                         BUFG (Prop_bufg_I_O)         0.029     0.773 r  clk_IBUF_BUFG_inst/O
                         net (fo=999, unplaced)       0.259     1.032    u_line_buffer/line2_reg_0_127_0_0/WCLK
                         RAMS64E                                      r  u_line_buffer/line2_reg_0_127_0_0/HIGH/CLK
                         clock pessimism             -0.210     0.823    
                         RAMS64E (Hold_rams64e_CLK_ADR3)
                                                      0.187     1.010    u_line_buffer/line2_reg_0_127_0_0/HIGH
  -------------------------------------------------------------------
                         required time                         -1.010    
                         arrival time                           1.126    
  -------------------------------------------------------------------
                         slack                                  0.117    





Pulse Width Checks
--------------------------------------------------------------------------------------
Clock Name:         clk
Waveform(ns):       { 0.000 12.500 }
Period(ns):         25.000
Sources:            { clk }

Check Type        Corner  Lib Pin      Reference Pin  Required(ns)  Actual(ns)  Slack(ns)  Location  Pin
Min Period        n/a     DSP48E1/CLK  n/a            3.884         25.000      21.116               u_mac_array/acc_b_hi_q_reg/CLK
Low Pulse Width   Slow    RAMS64E/CLK  n/a            1.250         12.500      11.250               u_line_buffer/line0_reg_0_127_0_0/HIGH/CLK
High Pulse Width  Slow    RAMS64E/CLK  n/a            1.250         12.500      11.250               u_line_buffer/line0_reg_0_127_0_0/HIGH/CLK



