
*** Running vivado
    with args -log top_convolution.vdi -applog -m64 -product Vivado -messageDb vivado.pb -mode batch -source top_convolution.tcl -notrace



****** Vivado v2023.2 (64-bit)
  **** SW Build 4029153 on Fri Oct 13 20:14:34 MDT 2023
  **** IP Build 4028589 on Sat Oct 14 00:45:43 MDT 2023
  **** SharedData Build 4025554 on Tue Oct 10 17:18:54 MDT 2023
    ** Copyright 1986-2022 Xilinx, Inc. All Rights Reserved.
    ** Copyright 2022-2023 Advanced Micro Devices, Inc. All Rights Reserved.

source top_convolution.tcl -notrace
create_project: Time (s): cpu = 00:00:07 ; elapsed = 00:00:07 . Memory (MB): peak = 566.566 ; gain = 180.141
Command: link_design -top top_convolution -part xc7a100tcsg324-1
Design is defaulting to srcset: sources_1
Design is defaulting to constrset: constrs_1
INFO: [Device 21-403] Loading part xc7a100tcsg324-1
Netlist sorting complete. Time (s): cpu = 00:00:00 ; elapsed = 00:00:00.028 . Memory (MB): peak = 979.160 ; gain = 0.000
INFO: [Netlist 29-17] Analyzing 697 Unisim elements for replacement
INFO: [Netlist 29-28] Unisim Transformation completed in 1 CPU seconds
INFO: [Project 1-479] Netlist was created with Vivado 2023.2
INFO: [Project 1-570] Preparing netlist for logic optimization
Parsing XDC File [E:/PROJECTS/convolution_fpga/vivado_project/fmax_sweep_refine2/146MHz/clock.xdc]
WARNING: [Vivado 12-2489] -period contains time 6.849315 which will be rounded to 6.849 to ensure it is an integer multiple of 1 picosecond [E:/PROJECTS/convolution_fpga/vivado_project/fmax_sweep_refine2/146MHz/clock.xdc:1]
Finished Parsing XDC File [E:/PROJECTS/convolution_fpga/vivado_project/fmax_sweep_refine2/146MHz/clock.xdc]
INFO: [Opt 31-138] Pushed 0 inverter(s) to 0 load pin(s).
Netlist sorting complete. Time (s): cpu = 00:00:00 ; elapsed = 00:00:00.002 . Memory (MB): peak = 1127.566 ; gain = 0.000
INFO: [Project 1-111] Unisim Transformation Summary:
  A total of 576 instances were transformed.
  RAM128X1S => RAM128X1S (MUXF7, RAMS64E(x2)): 72 instances
  RAM256X1S => RAM256X1S (MUXF7(x2), MUXF8, RAMS64E(x4)): 504 instances

The system cannot find the path specified.
7 Infos, 1 Warnings, 0 Critical Warnings and 0 Errors encountered.
link_design completed successfully
link_design: Time (s): cpu = 00:00:06 ; elapsed = 00:00:07 . Memory (MB): peak = 1127.566 ; gain = 561.000
Command: opt_design -directive ExploreWithRemap
INFO: [Vivado_Tcl 4-136] Directive used for opt_design is: ExploreWithRemap
Attempting to get a license for feature 'Implementation' and/or device 'xc7a100t'
INFO: [Common 17-349] Got license for feature 'Implementation' and/or device 'xc7a100t'
Running DRC as a precondition to command opt_design

Starting DRC Task
INFO: [DRC 23-27] Running DRC with 4 threads
INFO: [Project 1-461] DRC finished with 0 Errors
INFO: [Project 1-462] Please refer to the DRC report (report_drc) for more information.

Time (s): cpu = 00:00:02 ; elapsed = 00:00:01 . Memory (MB): peak = 1149.535 ; gain = 21.969

Starting Logic Optimization Task

Phase 1 Initialization

Phase 1.1 Core Generation And Design Setup
Phase 1.1 Core Generation And Design Setup | Checksum: 9c83030e

Time (s): cpu = 00:00:00 ; elapsed = 00:00:00.003 . Memory (MB): peak = 1491.793 ; gain = 0.000

Phase 1.2 Setup Constraints And Sort Netlist
Phase 1.2 Setup Constraints And Sort Netlist | Checksum: 9c83030e

Time (s): cpu = 00:00:00 ; elapsed = 00:00:00.007 . Memory (MB): peak = 1491.793 ; gain = 0.000
Phase 1 Initialization | Checksum: 9c83030e

Time (s): cpu = 00:00:00 ; elapsed = 00:00:00.008 . Memory (MB): peak = 1491.793 ; gain = 0.000

Phase 2 Timer Update And Timing Data Collection

Phase 2.1 Timer Update
INFO: [Timing 38-35] Done setting XDC timing constraints.
Phase 2.1 Timer Update | Checksum: 9c83030e

Time (s): cpu = 00:00:08 ; elapsed = 00:00:07 . Memory (MB): peak = 1999.730 ; gain = 507.938

Phase 2.2 Timing Data Collection
Phase 2.2 Timing Data Collection | Checksum: 9c83030e

Time (s): cpu = 00:00:08 ; elapsed = 00:00:07 . Memory (MB): peak = 1999.730 ; gain = 507.938
Phase 2 Timer Update And Timing Data Collection | Checksum: 9c83030e

Time (s): cpu = 00:00:08 ; elapsed = 00:00:07 . Memory (MB): peak = 1999.730 ; gain = 507.938

Phase 3 Retarget
INFO: [Opt 31-138] Pushed 0 inverter(s) to 0 load pin(s).
INFO: [Opt 31-49] Retargeted 0 cell(s).
Phase 3 Retarget | Checksum: c48b831d

Time (s): cpu = 00:00:08 ; elapsed = 00:00:07 . Memory (MB): peak = 1999.730 ; gain = 507.938
Retarget | Checksum: c48b831d
INFO: [Opt 31-389] Phase Retarget created 0 cells and removed 0 cells

Phase 4 Constant propagation
INFO: [Opt 31-138] Pushed 0 inverter(s) to 0 load pin(s).
Phase 4 Constant propagation | Checksum: c48b831d

Time (s): cpu = 00:00:08 ; elapsed = 00:00:07 . Memory (MB): peak = 1999.730 ; gain = 507.938
Constant propagation | Checksum: c48b831d
INFO: [Opt 31-389] Phase Constant propagation created 0 cells and removed 0 cells

Phase 5 Sweep
Phase 5 Sweep | Checksum: a21a139e

Time (s): cpu = 00:00:08 ; elapsed = 00:00:07 . Memory (MB): peak = 1999.730 ; gain = 507.938
Sweep | Checksum: a21a139e
INFO: [Opt 31-389] Phase Sweep created 0 cells and removed 0 cells

Phase 6 BUFG optimization
Phase 6 BUFG optimization | Checksum: a21a139e

Time (s): cpu = 00:00:09 ; elapsed = 00:00:08 . Memory (MB): peak = 1999.730 ; gain = 507.938
BUFG optimization | Checksum: a21a139e
INFO: [Opt 31-662] Phase BUFG optimization created 0 cells of which 0 are BUFGs and removed 0 cells.

Phase 7 Shift Register Optimization
INFO: [Opt 31-1064] SRL Remap converted 0 SRLs to 0 registers and converted 0 registers of register chains to 0 SRLs
Phase 7 Shift Register Optimization | Checksum: a21a139e

Time (s): cpu = 00:00:09 ; elapsed = 00:00:08 . Memory (MB): peak = 1999.730 ; gain = 507.938
Shift Register Optimization | Checksum: a21a139e
INFO: [Opt 31-389] Phase Shift Register Optimization created 0 cells and removed 0 cells
INFO: [Opt 31-1555] control_set_opt supports Versal devices only, and device 7a100t is unsupported

Phase 8 Remap
INFO: [Constraints 18-11670] Building netlist checker database with flags, 0x8
Done building netlist checker database: Time (s): cpu = 00:00:00 ; elapsed = 00:00:00.003 . Memory (MB): peak = 2296.926 ; gain = 0.000
Phase 8 Remap | Checksum: f75d4031

Time (s): cpu = 00:00:12 ; elapsed = 00:00:12 . Memory (MB): peak = 2429.434 ; gain = 937.641
Remap | Checksum: f75d4031
INFO: [Opt 31-389] Phase Remap created 9 cells and removed 11 cells

Phase 9 Post Processing Netlist
Phase 9 Post Processing Netlist | Checksum: 7737d64c

Time (s): cpu = 00:00:12 ; elapsed = 00:00:12 . Memory (MB): peak = 2429.434 ; gain = 937.641
Post Processing Netlist | Checksum: 7737d64c
INFO: [Opt 31-389] Phase Post Processing Netlist created 0 cells and removed 0 cells

Phase 10 Finalization

Phase 10.1 Finalizing Design Cores and Updating Shapes
Phase 10.1 Finalizing Design Cores and Updating Shapes | Checksum: 18942e879

Time (s): cpu = 00:00:12 ; elapsed = 00:00:12 . Memory (MB): peak = 2429.434 ; gain = 937.641

Phase 10.2 Verifying Netlist Connectivity

Starting Connectivity Check Task

Time (s): cpu = 00:00:00 ; elapsed = 00:00:00.003 . Memory (MB): peak = 2429.434 ; gain = 0.000
Phase 10.2 Verifying Netlist Connectivity | Checksum: 18942e879

Time (s): cpu = 00:00:12 ; elapsed = 00:00:12 . Memory (MB): peak = 2429.434 ; gain = 937.641
Phase 10 Finalization | Checksum: 18942e879

Time (s): cpu = 00:00:12 ; elapsed = 00:00:12 . Memory (MB): peak = 2429.434 ; gain = 937.641
Opt_design Change Summary
=========================


-------------------------------------------------------------------------------------------------------------------------
|  Phase                        |  #Cells created  |  #Cells Removed  |  #Constrained objects preventing optimizations  |
-------------------------------------------------------------------------------------------------------------------------
|  Retarget                     |               0  |               0  |                                              0  |
|  Constant propagation         |               0  |               0  |                                              0  |
|  Sweep                        |               0  |               0  |                                              0  |
|  BUFG optimization            |               0  |               0  |                                              0  |
|  Shift Register Optimization  |               0  |               0  |                                              0  |
|  Remap                        |               9  |              11  |                                              0  |
|  Post Processing Netlist      |               0  |               0  |                                              0  |
-------------------------------------------------------------------------------------------------------------------------


Ending Logic Optimization Task | Checksum: 18942e879

Time (s): cpu = 00:00:12 ; elapsed = 00:00:12 . Memory (MB): peak = 2429.434 ; gain = 937.641
INFO: [Constraints 18-11670] Building netlist checker database with flags, 0x8
Done building netlist checker database: Time (s): cpu = 00:00:00 ; elapsed = 00:00:00.002 . Memory (MB): peak = 2429.434 ; gain = 0.000

Starting Netlist Obfuscation Task
Netlist sorting complete. Time (s): cpu = 00:00:00 ; elapsed = 00:00:00.002 . Memory (MB): peak = 2429.434 ; gain = 0.000
Ending Netlist Obfuscation Task | Checksum: 18942e879

Time (s): cpu = 00:00:00 ; elapsed = 00:00:00.004 . Memory (MB): peak = 2429.434 ; gain = 0.000
INFO: [Common 17-83] Releasing license: Implementation
28 Infos, 1 Warnings, 0 Critical Warnings and 0 Errors encountered.
opt_design completed successfully
opt_design: Time (s): cpu = 00:00:17 ; elapsed = 00:00:16 . Memory (MB): peak = 2429.434 ; gain = 1301.867
INFO: [runtcl-4] Executing : report_drc -file top_convolution_drc_opted.rpt -pb top_convolution_drc_opted.pb -rpx top_convolution_drc_opted.rpx
Command: report_drc -file top_convolution_drc_opted.rpt -pb top_convolution_drc_opted.pb -rpx top_convolution_drc_opted.rpx
INFO: [IP_Flow 19-234] Refreshing IP repositories
INFO: [IP_Flow 19-1704] No user IP repositories specified
INFO: [IP_Flow 19-2313] Loaded Vivado IP repository 'E:/Vivado/2023.2/data/ip'.
INFO: [DRC 23-27] Running DRC with 4 threads
INFO: [Vivado_Tcl 2-168] The results of DRC are in file E:/PROJECTS/convolution_fpga/vivado_project/fmax_sweep_refine2/146MHz/project/fmax_146.runs/impl_1/top_convolution_drc_opted.rpt.
report_drc completed successfully
INFO: [Timing 38-480] Writing timing data to binary archive.
Write ShapeDB Complete: Time (s): cpu = 00:00:00 ; elapsed = 00:00:00.019 . Memory (MB): peak = 2469.363 ; gain = 0.000
INFO: [Common 17-1381] The checkpoint 'E:/PROJECTS/convolution_fpga/vivado_project/fmax_sweep_refine2/146MHz/project/fmax_146.runs/impl_1/top_convolution_opt.dcp' has been generated.
Command: place_design -directive Explore
Attempting to get a license for feature 'Implementation' and/or device 'xc7a100t'
INFO: [Common 17-349] Got license for feature 'Implementation' and/or device 'xc7a100t'
INFO: [Common 17-83] Releasing license: Implementation
INFO: [DRC 23-27] Running DRC with 4 threads
INFO: [Vivado_Tcl 4-198] DRC finished with 0 Errors
INFO: [Vivado_Tcl 4-199] Please refer to the DRC report (report_drc) for more information.
Running DRC as a precondition to command place_design
INFO: [DRC 23-27] Running DRC with 4 threads
INFO: [Vivado_Tcl 4-198] DRC finished with 0 Errors
INFO: [Vivado_Tcl 4-199] Please refer to the DRC report (report_drc) for more information.
INFO: [Place 46-5] The placer was invoked with the 'Explore' directive.
INFO: [Place 30-611] Multithreading enabled for place_design using a maximum of 4 CPUs

Starting Placer Task

Phase 1 Placer Initialization

Phase 1.1 Placer Initialization Netlist Sorting
Netlist sorting complete. Time (s): cpu = 00:00:00 ; elapsed = 00:00:00.003 . Memory (MB): peak = 2469.363 ; gain = 0.000
Phase 1.1 Placer Initialization Netlist Sorting | Checksum: a15b05f1

Time (s): cpu = 00:00:00 ; elapsed = 00:00:00.011 . Memory (MB): peak = 2469.363 ; gain = 0.000
Netlist sorting complete. Time (s): cpu = 00:00:00 ; elapsed = 00:00:00.003 . Memory (MB): peak = 2469.363 ; gain = 0.000

Phase 1.2 IO Placement/ Clock Placement/ Build Placer Device
INFO: [Timing 38-35] Done setting XDC timing constraints.
Phase 1.2 IO Placement/ Clock Placement/ Build Placer Device | Checksum: 5ac1c57c

Time (s): cpu = 00:00:03 ; elapsed = 00:00:01 . Memory (MB): peak = 2494.172 ; gain = 24.809

Phase 1.3 Build Placer Netlist Model
Phase 1.3 Build Placer Netlist Model | Checksum: b5758cdb

Time (s): cpu = 00:00:06 ; elapsed = 00:00:03 . Memory (MB): peak = 2513.438 ; gain = 44.074

Phase 1.4 Constrain Clocks/Macros
Phase 1.4 Constrain Clocks/Macros | Checksum: b5758cdb

Time (s): cpu = 00:00:06 ; elapsed = 00:00:03 . Memory (MB): peak = 2513.438 ; gain = 44.074
Phase 1 Placer Initialization | Checksum: b5758cdb

Time (s): cpu = 00:00:06 ; elapsed = 00:00:03 . Memory (MB): peak = 2513.438 ; gain = 44.074

Phase 2 Global Placement

Phase 2.1 Floorplanning
Phase 2.1 Floorplanning | Checksum: 121259183

Time (s): cpu = 00:00:07 ; elapsed = 00:00:04 . Memory (MB): peak = 2513.438 ; gain = 44.074

Phase 2.2 Update Timing before SLR Path Opt
Phase 2.2 Update Timing before SLR Path Opt | Checksum: 6c632964

Time (s): cpu = 00:00:08 ; elapsed = 00:00:04 . Memory (MB): peak = 2513.438 ; gain = 44.074

Phase 2.3 Post-Processing in Floorplanning
Phase 2.3 Post-Processing in Floorplanning | Checksum: 6c632964

Time (s): cpu = 00:00:08 ; elapsed = 00:00:04 . Memory (MB): peak = 2513.438 ; gain = 44.074

Phase 2.4 Global Placement Core

Phase 2.4.1 UpdateTiming Before Physical Synthesis
Phase 2.4.1 UpdateTiming Before Physical Synthesis | Checksum: 12910131f

Time (s): cpu = 00:00:25 ; elapsed = 00:00:14 . Memory (MB): peak = 2513.438 ; gain = 44.074

Phase 2.4.2 Physical Synthesis In Placer
INFO: [Physopt 32-1035] Found 0 LUTNM shape to break, 48 LUT instances to create LUTNM shape
INFO: [Physopt 32-1044] Break lutnm for timing: one critical 0, two critical 0, total 0, new lutff created 0
INFO: [Physopt 32-1138] End 1 Pass. Optimized 22 nets or LUTs. Breaked 0 LUT, combined 22 existing LUTs and moved 0 existing LUT
INFO: [Physopt 32-1132] Very high fanout net 'u_line_buffer/x_count_reg_n_0_[1]' is not considered as a candidate in VHFN optimzation. The fanout considered for this optimization is changed from 2165 to 582 due to a timing constraint that prevent optimization on all of the loads. To force replication, set the FORCE_MAX_FANOUT property on the net to a number less than 582.
INFO: [Physopt 32-1132] Very high fanout net 'u_line_buffer/x_count_reg_n_0_[2]' is not considered as a candidate in VHFN optimzation. The fanout considered for this optimization is changed from 2166 to 583 due to a timing constraint that prevent optimization on all of the loads. To force replication, set the FORCE_MAX_FANOUT property on the net to a number less than 583.
INFO: [Physopt 32-1132] Very high fanout net 'u_line_buffer/x_count_reg_n_0_[3]' is not considered as a candidate in VHFN optimzation. The fanout considered for this optimization is changed from 2166 to 583 due to a timing constraint that prevent optimization on all of the loads. To force replication, set the FORCE_MAX_FANOUT property on the net to a number less than 583.
INFO: [Physopt 32-1132] Very high fanout net 'u_line_buffer/x_count_reg_n_0_[4]' is not considered as a candidate in VHFN optimzation. The fanout considered for this optimization is changed from 2166 to 583 due to a timing constraint that prevent optimization on all of the loads. To force replication, set the FORCE_MAX_FANOUT property on the net to a number less than 583.
INFO: [Physopt 32-1132] Very high fanout net 'u_line_buffer/x_count_reg_n_0_[5]' is not considered as a candidate in VHFN optimzation. The fanout considered for this optimization is changed from 2166 to 583 due to a timing constraint that prevent optimization on all of the loads. To force replication, set the FORCE_MAX_FANOUT property on the net to a number less than 583.
INFO: [Physopt 32-1132] Very high fanout net 'u_line_buffer/x_count_reg_n_0_[6]' is not considered as a candidate in VHFN optimzation. The fanout considered for this optimization is changed from 3246 to 583 due to a timing constraint that prevent optimization on all of the loads. To force replication, set the FORCE_MAX_FANOUT property on the net to a number less than 583.
INFO: [Physopt 32-65] No nets found for high-fanout optimization.
INFO: [Physopt 32-232] Optimized 0 net. Created 0 new instance.
INFO: [Physopt 32-775] End 1 Pass. Optimized 0 net or cell. Created 0 new cell, deleted 0 existing cell and moved 0 existing cell
INFO: [Physopt 32-76] Pass 1. Identified 1 candidate net for fanout optimization.
INFO: [Physopt 32-81] Processed net u_line_buffer/x_count_reg_n_0_[8]. Replicated 9 times.
INFO: [Physopt 32-232] Optimized 1 net. Created 9 new instances.
INFO: [Physopt 32-775] End 1 Pass. Optimized 1 net or cell. Created 9 new cells, deleted 0 existing cell and moved 0 existing cell
Netlist sorting complete. Time (s): cpu = 00:00:00 ; elapsed = 00:00:00.010 . Memory (MB): peak = 2513.438 ; gain = 0.000
INFO: [Physopt 32-457] Pass 1. Identified 9 candidate cells for DSP register optimization.
INFO: [Physopt 32-665] Processed cell p_1_out__0. 8 registers were pushed out.
INFO: [Physopt 32-665] Processed cell p_1_out__9. 8 registers were pushed out.
INFO: [Physopt 32-665] Processed cell u_mac_array/mul_b_q_reg[18]. 8 registers were pushed out.
INFO: [Physopt 32-665] Processed cell u_mac_array/mul_r_q_reg[18]. 8 registers were pushed out.
INFO: [Physopt 32-665] Processed cell u_mac_array/sub_r_q_reg[4]. 8 registers were pushed out.
INFO: [Physopt 32-665] Processed cell p_1_out__2. 8 registers were pushed out.
INFO: [Physopt 32-665] Processed cell p_1_out__11. 8 registers were pushed out.
INFO: [Physopt 32-665] Processed cell u_mac_array/sub_g_q_reg[4]. 8 registers were pushed out.
INFO: [Physopt 32-665] Processed cell u_mac_array/mul_r_q_reg[9]. 8 registers were pushed out.
INFO: [Physopt 32-775] End 2 Pass. Optimized 9 nets or cells. Created 72 new cells, deleted 0 existing cell and moved 0 existing cell
Netlist sorting complete. Time (s): cpu = 00:00:00 ; elapsed = 00:00:00.034 . Memory (MB): peak = 2513.438 ; gain = 0.000
INFO: [Physopt 32-670] No setup violation found.  Shift Register to Pipeline Optimization was not performed.
INFO: [Physopt 32-670] No setup violation found.  Shift Register Optimization was not performed.
INFO: [Physopt 32-670] No setup violation found.  BRAM Register Optimization was not performed.
INFO: [Physopt 32-670] No setup violation found.  URAM Register Optimization was not performed.
INFO: [Physopt 32-949] No candidate nets found for dynamic/static region interface net replication
INFO: [Physopt 32-775] End 1 Pass. Optimized 0 net or cell. Created 0 new cell, deleted 0 existing cell and moved 0 existing cell
Netlist sorting complete. Time (s): cpu = 00:00:00 ; elapsed = 00:00:00.002 . Memory (MB): peak = 2513.438 ; gain = 0.000

Summary of Physical Synthesis Optimizations
============================================


-----------------------------------------------------------------------------------------------------------------------------------------------------------
|  Optimization                                     |  Added Cells  |  Removed Cells  |  Optimized Cells/Nets  |  Dont Touch  |  Iterations  |  Elapsed   |
-----------------------------------------------------------------------------------------------------------------------------------------------------------
|  LUT Combining                                    |            0  |             22  |                    22  |           0  |           1  |  00:00:00  |
|  Retime                                           |            0  |              0  |                     0  |           0  |           1  |  00:00:00  |
|  Very High Fanout                                 |            0  |              0  |                     0  |           0  |           1  |  00:00:00  |
|  Fanout                                           |            9  |              0  |                     1  |           0  |           1  |  00:00:00  |
|  DSP Register                                     |           72  |              0  |                     9  |           0  |           1  |  00:00:01  |
|  Shift Register to Pipeline                       |            0  |              0  |                     0  |           0  |           0  |  00:00:00  |
|  Shift Register                                   |            0  |              0  |                     0  |           0  |           0  |  00:00:00  |
|  BRAM Register                                    |            0  |              0  |                     0  |           0  |           0  |  00:00:00  |
|  URAM Register                                    |            0  |              0  |                     0  |           0  |           0  |  00:00:00  |
|  Dynamic/Static Region Interface Net Replication  |            0  |              0  |                     0  |           0  |           1  |  00:00:00  |
|  Total                                            |           81  |             22  |                    32  |           0  |           6  |  00:00:01  |
-----------------------------------------------------------------------------------------------------------------------------------------------------------


Phase 2.4.2 Physical Synthesis In Placer | Checksum: 1e9e0a290

Time (s): cpu = 00:00:28 ; elapsed = 00:00:17 . Memory (MB): peak = 2513.438 ; gain = 44.074
Phase 2.4 Global Placement Core | Checksum: 11916f8c3

Time (s): cpu = 00:00:28 ; elapsed = 00:00:17 . Memory (MB): peak = 2513.438 ; gain = 44.074
Phase 2 Global Placement | Checksum: 11916f8c3

Time (s): cpu = 00:00:29 ; elapsed = 00:00:17 . Memory (MB): peak = 2513.438 ; gain = 44.074

Phase 3 Detail Placement

Phase 3.1 Commit Multi Column Macros
Phase 3.1 Commit Multi Column Macros | Checksum: ff45f340

Time (s): cpu = 00:00:30 ; elapsed = 00:00:18 . Memory (MB): peak = 2513.438 ; gain = 44.074

Phase 3.2 Commit Most Macros & LUTRAMs
Phase 3.2 Commit Most Macros & LUTRAMs | Checksum: e008b2a1

Time (s): cpu = 00:00:32 ; elapsed = 00:00:19 . Memory (MB): peak = 2513.438 ; gain = 44.074

Phase 3.3 Area Swap Optimization
Phase 3.3 Area Swap Optimization | Checksum: b47b8dea

Time (s): cpu = 00:00:32 ; elapsed = 00:00:19 . Memory (MB): peak = 2513.438 ; gain = 44.074

Phase 3.4 Pipeline Register Optimization
Phase 3.4 Pipeline Register Optimization | Checksum: 181353830

Time (s): cpu = 00:00:32 ; elapsed = 00:00:19 . Memory (MB): peak = 2513.438 ; gain = 44.074

Phase 3.5 Fast Optimization
Phase 3.5 Fast Optimization | Checksum: 1475d586a

Time (s): cpu = 00:00:36 ; elapsed = 00:00:21 . Memory (MB): peak = 2513.438 ; gain = 44.074

Phase 3.6 Small Shape Detail Placement
Phase 3.6 Small Shape Detail Placement | Checksum: 17f69066b

Time (s): cpu = 00:00:37 ; elapsed = 00:00:21 . Memory (MB): peak = 2513.438 ; gain = 44.074

Phase 3.7 Re-assign LUT pins
Phase 3.7 Re-assign LUT pins | Checksum: 137ae4cd6

Time (s): cpu = 00:00:37 ; elapsed = 00:00:22 . Memory (MB): peak = 2513.438 ; gain = 44.074

Phase 3.8 Pipeline Register Optimization
Phase 3.8 Pipeline Register Optimization | Checksum: 20f2a3ea5

Time (s): cpu = 00:00:37 ; elapsed = 00:00:22 . Memory (MB): peak = 2513.438 ; gain = 44.074
Phase 3 Detail Placement | Checksum: 20f2a3ea5

Time (s): cpu = 00:00:37 ; elapsed = 00:00:22 . Memory (MB): peak = 2513.438 ; gain = 44.074

Phase 4 Post Placement Optimization and Clean-Up

Phase 4.1 Post Commit Optimization
INFO: [Timing 38-35] Done setting XDC timing constraints.

Phase 4.1.1 Post Placement Optimization
Post Placement Optimization Initialization | Checksum: 14c839068

Phase 4.1.1.1 BUFG Insertion

Starting Physical Synthesis Task

Phase 1 Physical Synthesis Initialization
INFO: [Physopt 32-721] Multithreading enabled for phys_opt_design using a maximum of 4 CPUs
INFO: [Physopt 32-619] Estimated Timing Summary | WNS=0.014 | TNS=0.000 |
Phase 1 Physical Synthesis Initialization | Checksum: 16734a3b8

Time (s): cpu = 00:00:01 ; elapsed = 00:00:00.550 . Memory (MB): peak = 2522.586 ; gain = 0.000
INFO: [Place 46-56] BUFG insertion identified 0 candidate nets. Inserted BUFG: 0, Replicated BUFG Driver: 0, Skipped due to Placement/Routing Conflicts: 0, Skipped due to Timing Degradation: 0, Skipped due to netlist editing failed: 0.
Ending Physical Synthesis Task | Checksum: 16734a3b8

Time (s): cpu = 00:00:01 ; elapsed = 00:00:00.771 . Memory (MB): peak = 2522.586 ; gain = 0.000
Phase 4.1.1.1 BUFG Insertion | Checksum: 14c839068

Time (s): cpu = 00:00:43 ; elapsed = 00:00:25 . Memory (MB): peak = 2522.586 ; gain = 53.223

Phase 4.1.1.2 Post Placement Timing Optimization
INFO: [Place 30-746] Post Placement Timing Summary WNS=0.389. For the most accurate timing information please run report_timing.
Phase 4.1.1.2 Post Placement Timing Optimization | Checksum: fd035242

Time (s): cpu = 00:01:00 ; elapsed = 00:00:39 . Memory (MB): peak = 2522.586 ; gain = 53.223

Time (s): cpu = 00:01:00 ; elapsed = 00:00:39 . Memory (MB): peak = 2522.586 ; gain = 53.223
Phase 4.1 Post Commit Optimization | Checksum: fd035242

Time (s): cpu = 00:01:00 ; elapsed = 00:00:39 . Memory (MB): peak = 2522.586 ; gain = 53.223

Phase 4.2 Post Placement Cleanup
Phase 4.2 Post Placement Cleanup | Checksum: fd035242

Time (s): cpu = 00:01:00 ; elapsed = 00:00:39 . Memory (MB): peak = 2522.586 ; gain = 53.223

Phase 4.3 Placer Reporting

Phase 4.3.1 Print Estimated Congestion
INFO: [Place 30-612] Post-Placement Estimated Congestion 
 ____________________________________________________
|           | Global Congestion | Short Congestion  |
| Direction | Region Size       | Region Size       |
|___________|___________________|___________________|
|      North|                1x1|                1x1|
|___________|___________________|___________________|
|      South|                1x1|                1x1|
|___________|___________________|___________________|
|       East|                1x1|                1x1|
|___________|___________________|___________________|
|       West|                1x1|                1x1|
|___________|___________________|___________________|

Phase 4.3.1 Print Estimated Congestion | Checksum: fd035242

Time (s): cpu = 00:01:00 ; elapsed = 00:00:39 . Memory (MB): peak = 2522.586 ; gain = 53.223
Phase 4.3 Placer Reporting | Checksum: fd035242

Time (s): cpu = 00:01:00 ; elapsed = 00:00:39 . Memory (MB): peak = 2522.586 ; gain = 53.223

Phase 4.4 Final Placement Cleanup
Netlist sorting complete. Time (s): cpu = 00:00:00 ; elapsed = 00:00:00.002 . Memory (MB): peak = 2522.586 ; gain = 0.000

Time (s): cpu = 00:01:00 ; elapsed = 00:00:39 . Memory (MB): peak = 2522.586 ; gain = 53.223
Phase 4 Post Placement Optimization and Clean-Up | Checksum: 14d9bc95d

Time (s): cpu = 00:01:00 ; elapsed = 00:00:39 . Memory (MB): peak = 2522.586 ; gain = 53.223
Ending Placer Task | Checksum: 13c92c378

Time (s): cpu = 00:01:00 ; elapsed = 00:00:39 . Memory (MB): peak = 2522.586 ; gain = 53.223
86 Infos, 1 Warnings, 0 Critical Warnings and 0 Errors encountered.
place_design completed successfully
place_design: Time (s): cpu = 00:01:02 ; elapsed = 00:00:40 . Memory (MB): peak = 2522.586 ; gain = 53.223
INFO: [runtcl-4] Executing : report_io -file top_convolution_io_placed.rpt
report_io: Time (s): cpu = 00:00:01 ; elapsed = 00:00:00.100 . Memory (MB): peak = 2522.586 ; gain = 0.000
INFO: [runtcl-4] Executing : report_utilization -file top_convolution_utilization_placed.rpt -pb top_convolution_utilization_placed.pb
INFO: [runtcl-4] Executing : report_control_sets -verbose -file top_convolution_control_sets_placed.rpt
report_control_sets: Time (s): cpu = 00:00:00 ; elapsed = 00:00:00.019 . Memory (MB): peak = 2522.586 ; gain = 0.000
INFO: [Timing 38-480] Writing timing data to binary archive.
Write ShapeDB Complete: Time (s): cpu = 00:00:00 ; elapsed = 00:00:00.018 . Memory (MB): peak = 2529.355 ; gain = 5.996
Wrote PlaceDB: Time (s): cpu = 00:00:01 ; elapsed = 00:00:00.469 . Memory (MB): peak = 2529.355 ; gain = 5.961
Wrote PulsedLatchDB: Time (s): cpu = 00:00:00 ; elapsed = 00:00:00 . Memory (MB): peak = 2529.355 ; gain = 0.000
Writing XDEF routing.
Writing XDEF routing logical nets.
Writing XDEF routing special nets.
Wrote RouteStorage: Time (s): cpu = 00:00:00 ; elapsed = 00:00:00.023 . Memory (MB): peak = 2529.355 ; gain = 0.000
Wrote Netlist Cache: Time (s): cpu = 00:00:00 ; elapsed = 00:00:00.010 . Memory (MB): peak = 2529.355 ; gain = 0.000
Wrote Device Cache: Time (s): cpu = 00:00:00 ; elapsed = 00:00:00.007 . Memory (MB): peak = 2529.355 ; gain = 0.000
Write Physdb Complete: Time (s): cpu = 00:00:01 ; elapsed = 00:00:00.521 . Memory (MB): peak = 2529.355 ; gain = 5.961
INFO: [Common 17-1381] The checkpoint 'E:/PROJECTS/convolution_fpga/vivado_project/fmax_sweep_refine2/146MHz/project/fmax_146.runs/impl_1/top_convolution_placed.dcp' has been generated.
Command: phys_opt_design -directive AggressiveExplore
Attempting to get a license for feature 'Implementation' and/or device 'xc7a100t'
INFO: [Common 17-349] Got license for feature 'Implementation' and/or device 'xc7a100t'
INFO: [Vivado_Tcl 4-137] Directive used for phys_opt_design is: AggressiveExplore

Starting Initial Update Timing Task

Time (s): cpu = 00:00:04 ; elapsed = 00:00:02 . Memory (MB): peak = 2538.281 ; gain = 8.926
INFO: [Vivado_Tcl 4-383] Design worst setup slack (WNS) is greater than or equal to 0.000 ns. Skipping all physical synthesis optimizations.
INFO: [Vivado_Tcl 4-232] No setup violation found. The netlist was not modified.
INFO: [Common 17-83] Releasing license: Implementation
96 Infos, 1 Warnings, 0 Critical Warnings and 0 Errors encountered.
phys_opt_design completed successfully
INFO: [Timing 38-480] Writing timing data to binary archive.
Write ShapeDB Complete: Time (s): cpu = 00:00:00 ; elapsed = 00:00:00.019 . Memory (MB): peak = 2564.105 ; gain = 7.934
Wrote PlaceDB: Time (s): cpu = 00:00:01 ; elapsed = 00:00:00.432 . Memory (MB): peak = 2564.105 ; gain = 6.000
Wrote PulsedLatchDB: Time (s): cpu = 00:00:00 ; elapsed = 00:00:00 . Memory (MB): peak = 2564.105 ; gain = 0.000
Writing XDEF routing.
Writing XDEF routing logical nets.
Writing XDEF routing special nets.
Wrote RouteStorage: Time (s): cpu = 00:00:00 ; elapsed = 00:00:00.020 . Memory (MB): peak = 2564.105 ; gain = 0.000
Wrote Netlist Cache: Time (s): cpu = 00:00:00 ; elapsed = 00:00:00.007 . Memory (MB): peak = 2564.105 ; gain = 0.000
Wrote Device Cache: Time (s): cpu = 00:00:00 ; elapsed = 00:00:00.009 . Memory (MB): peak = 2564.105 ; gain = 0.000
Write Physdb Complete: Time (s): cpu = 00:00:01 ; elapsed = 00:00:00.476 . Memory (MB): peak = 2564.105 ; gain = 7.934
INFO: [Common 17-1381] The checkpoint 'E:/PROJECTS/convolution_fpga/vivado_project/fmax_sweep_refine2/146MHz/project/fmax_146.runs/impl_1/top_convolution_physopt.dcp' has been generated.
Command: route_design -directive Explore
Attempting to get a license for feature 'Implementation' and/or device 'xc7a100t'
INFO: [Common 17-349] Got license for feature 'Implementation' and/or device 'xc7a100t'
Running DRC as a precondition to command route_design
INFO: [DRC 23-27] Running DRC with 4 threads
INFO: [Vivado_Tcl 4-198] DRC finished with 0 Errors
INFO: [Vivado_Tcl 4-199] Please refer to the DRC report (report_drc) for more information.


Starting Routing Task
INFO: [Route 35-270] Using Router directive 'Explore'.
INFO: [Route 35-254] Multithreading enabled for route_design using a maximum of 8 CPUs

Phase 1 Build RT Design
Checksum: PlaceDB: 6dccaf1f ConstDB: 0 ShapeSum: cec61459 RouteDB: 0
Post Restoration Checksum: NetGraph: 7c66bbd8 | NumContArr: 216054fd | Constraints: c2a8fa9d | Timing: c2a8fa9d
Phase 1 Build RT Design | Checksum: 22319060f

Time (s): cpu = 00:00:34 ; elapsed = 00:00:28 . Memory (MB): peak = 2700.598 ; gain = 108.137

Phase 2 Router Initialization

Phase 2.1 Fix Topology Constraints
Phase 2.1 Fix Topology Constraints | Checksum: 22319060f

Time (s): cpu = 00:00:34 ; elapsed = 00:00:28 . Memory (MB): peak = 2700.598 ; gain = 108.137

Phase 2.2 Pre Route Cleanup
Phase 2.2 Pre Route Cleanup | Checksum: 22319060f

Time (s): cpu = 00:00:34 ; elapsed = 00:00:28 . Memory (MB): peak = 2700.598 ; gain = 108.137
 Number of Nodes with overlaps = 0

Phase 2.3 Update Timing
Phase 2.3 Update Timing | Checksum: 243b40edc

Time (s): cpu = 00:00:40 ; elapsed = 00:00:31 . Memory (MB): peak = 2758.434 ; gain = 165.973
INFO: [Route 35-416] Intermediate Timing Summary | WNS=0.407  | TNS=0.000  | WHS=-0.191 | THS=-203.174|


Router Utilization Summary
  Global Vertical Routing Utilization    = 0 %
  Global Horizontal Routing Utilization  = 0 %
  Routable Net Status*
  *Does not include unroutable nets such as driverless and loadless.
  Run report_route_status for detailed report.
  Number of Failed Nets               = 6097
    (Failed Nets is the sum of unrouted and partially routed nets)
  Number of Unrouted Nets             = 6097
  Number of Partially Routed Nets     = 0
  Number of Node Overlaps             = 0

Phase 2 Router Initialization | Checksum: 1e13df59c

Time (s): cpu = 00:00:43 ; elapsed = 00:00:32 . Memory (MB): peak = 2814.969 ; gain = 222.508

Phase 3 Initial Routing

Phase 3.1 Global Routing
Phase 3.1 Global Routing | Checksum: 1e13df59c

Time (s): cpu = 00:00:43 ; elapsed = 00:00:32 . Memory (MB): peak = 2814.969 ; gain = 222.508

Phase 3.2 Initial Net Routing
Phase 3.2 Initial Net Routing | Checksum: 235c818f0

Time (s): cpu = 00:00:55 ; elapsed = 00:00:36 . Memory (MB): peak = 2923.082 ; gain = 330.621
Phase 3 Initial Routing | Checksum: 235c818f0

Time (s): cpu = 00:00:55 ; elapsed = 00:00:36 . Memory (MB): peak = 2923.082 ; gain = 330.621

Phase 4 Rip-up And Reroute

Phase 4.1 Global Iteration 0
 Number of Nodes with overlaps = 655
 Number of Nodes with overlaps = 163
 Number of Nodes with overlaps = 87
 Number of Nodes with overlaps = 54
 Number of Nodes with overlaps = 20
 Number of Nodes with overlaps = 17
 Number of Nodes with overlaps = 8
 Number of Nodes with overlaps = 4
 Number of Nodes with overlaps = 1
 Number of Nodes with overlaps = 1
 Number of Nodes with overlaps = 0
INFO: [Route 35-416] Intermediate Timing Summary | WNS=-0.341 | TNS=-3.951 | WHS=N/A    | THS=N/A    |

Phase 4.1 Global Iteration 0 | Checksum: 22f0360bd

Time (s): cpu = 00:01:13 ; elapsed = 00:00:48 . Memory (MB): peak = 2923.082 ; gain = 330.621

Phase 4.2 Global Iteration 1
 Number of Nodes with overlaps = 144
 Number of Nodes with overlaps = 69
 Number of Nodes with overlaps = 38
 Number of Nodes with overlaps = 29
 Number of Nodes with overlaps = 6
 Number of Nodes with overlaps = 8
 Number of Nodes with overlaps = 1
 Number of Nodes with overlaps = 1
 Number of Nodes with overlaps = 1
 Number of Nodes with overlaps = 1
 Number of Nodes with overlaps = 1
 Number of Nodes with overlaps = 1
 Number of Nodes with overlaps = 1
 Number of Nodes with overlaps = 1
 Number of Nodes with overlaps = 0
INFO: [Route 35-416] Intermediate Timing Summary | WNS=-0.003 | TNS=-0.003 | WHS=N/A    | THS=N/A    |

Phase 4.2 Global Iteration 1 | Checksum: 1d31794c7

Time (s): cpu = 00:01:23 ; elapsed = 00:00:56 . Memory (MB): peak = 2923.082 ; gain = 330.621

Phase 4.3 Global Iteration 2
 Number of Nodes with overlaps = 166
 Number of Nodes with overlaps = 118
 Number of Nodes with overlaps = 57
 Number of Nodes with overlaps = 42
 Number of Nodes with overlaps = 31
 Number of Nodes with overlaps = 13
 Number of Nodes with overlaps = 7
 Number of Nodes with overlaps = 5
 Number of Nodes with overlaps = 3
 Number of Nodes with overlaps = 2
 Number of Nodes with overlaps = 2
 Number of Nodes with overlaps = 2
 Number of Nodes with overlaps = 1
 Number of Nodes with overlaps = 1
 Number of Nodes with overlaps = 1
 Number of Nodes with overlaps = 0
INFO: [Route 35-416] Intermediate Timing Summary | WNS=0.035  | TNS=0.000  | WHS=N/A    | THS=N/A    |

Phase 4.3 Global Iteration 2 | Checksum: 22154ad7b

Time (s): cpu = 00:01:32 ; elapsed = 00:01:04 . Memory (MB): peak = 2923.082 ; gain = 330.621
Phase 4 Rip-up And Reroute | Checksum: 22154ad7b

Time (s): cpu = 00:01:32 ; elapsed = 00:01:04 . Memory (MB): peak = 2923.082 ; gain = 330.621

Phase 5 Delay and Skew Optimization

Phase 5.1 Delay CleanUp
Phase 5.1 Delay CleanUp | Checksum: 22154ad7b

Time (s): cpu = 00:01:32 ; elapsed = 00:01:04 . Memory (MB): peak = 2923.082 ; gain = 330.621

Phase 5.2 Clock Skew Optimization
Phase 5.2 Clock Skew Optimization | Checksum: 22154ad7b

Time (s): cpu = 00:01:32 ; elapsed = 00:01:04 . Memory (MB): peak = 2923.082 ; gain = 330.621
Phase 5 Delay and Skew Optimization | Checksum: 22154ad7b

Time (s): cpu = 00:01:32 ; elapsed = 00:01:04 . Memory (MB): peak = 2923.082 ; gain = 330.621

Phase 6 Post Hold Fix

Phase 6.1 Hold Fix Iter

Phase 6.1.1 Update Timing
Phase 6.1.1 Update Timing | Checksum: 2d25c6a3b

Time (s): cpu = 00:01:33 ; elapsed = 00:01:04 . Memory (MB): peak = 2923.082 ; gain = 330.621
INFO: [Route 35-416] Intermediate Timing Summary | WNS=0.043  | TNS=0.000  | WHS=0.057  | THS=0.000  |

Phase 6.1 Hold Fix Iter | Checksum: 2d25c6a3b

Time (s): cpu = 00:01:33 ; elapsed = 00:01:04 . Memory (MB): peak = 2923.082 ; gain = 330.621
Phase 6 Post Hold Fix | Checksum: 2d25c6a3b

Time (s): cpu = 00:01:33 ; elapsed = 00:01:04 . Memory (MB): peak = 2923.082 ; gain = 330.621

Phase 7 Route finalize

Router Utilization Summary
  Global Vertical Routing Utilization    = 2.71176 %
  Global Horizontal Routing Utilization  = 2.80413 %
  Routable Net Status*
  *Does not include unroutable nets such as driverless and loadless.
  Run report_route_status for detailed report.
  Number of Failed Nets               = 0
    (Failed Nets is the sum of unrouted and partially routed nets)
  Number of Unrouted Nets             = 0
  Number of Partially Routed Nets     = 0
  Number of Node Overlaps             = 0

Phase 7 Route finalize | Checksum: 2d25c6a3b

Time (s): cpu = 00:01:34 ; elapsed = 00:01:04 . Memory (MB): peak = 2923.082 ; gain = 330.621

Phase 8 Verifying routed nets

 Verification completed successfully
Phase 8 Verifying routed nets | Checksum: 2d25c6a3b

Time (s): cpu = 00:01:34 ; elapsed = 00:01:04 . Memory (MB): peak = 2923.082 ; gain = 330.621

Phase 9 Depositing Routes
Phase 9 Depositing Routes | Checksum: 297ceba26

Time (s): cpu = 00:01:34 ; elapsed = 00:01:04 . Memory (MB): peak = 2923.082 ; gain = 330.621

Phase 10 Post Router Timing
INFO: [Route 35-20] Post Routing Timing Summary | WNS=0.041  | TNS=0.000  | WHS=0.057  | THS=0.000  |

Phase 10 Post Router Timing | Checksum: 20178dfb4

Time (s): cpu = 00:01:40 ; elapsed = 00:01:07 . Memory (MB): peak = 2923.082 ; gain = 330.621
INFO: [Route 35-61] The design met the timing requirement.
INFO: [Route 35-16] Router Completed Successfully

Phase 11 Post-Route Event Processing
Phase 11 Post-Route Event Processing | Checksum: 2840e5d8c

Time (s): cpu = 00:01:40 ; elapsed = 00:01:07 . Memory (MB): peak = 2923.082 ; gain = 330.621
Ending Routing Task | Checksum: 2840e5d8c

Time (s): cpu = 00:01:40 ; elapsed = 00:01:07 . Memory (MB): peak = 2923.082 ; gain = 330.621

Routing Is Done.
INFO: [Common 17-83] Releasing license: Implementation
113 Infos, 1 Warnings, 0 Critical Warnings and 0 Errors encountered.
route_design completed successfully
route_design: Time (s): cpu = 00:01:43 ; elapsed = 00:01:08 . Memory (MB): peak = 2923.082 ; gain = 358.977
INFO: [runtcl-4] Executing : report_drc -file top_convolution_drc_routed.rpt -pb top_convolution_drc_routed.pb -rpx top_convolution_drc_routed.rpx
Command: report_drc -file top_convolution_drc_routed.rpt -pb top_convolution_drc_routed.pb -rpx top_convolution_drc_routed.rpx
INFO: [IP_Flow 19-1839] IP Catalog is up to date.
INFO: [DRC 23-27] Running DRC with 4 threads
INFO: [Vivado_Tcl 2-168] The results of DRC are in file E:/PROJECTS/convolution_fpga/vivado_project/fmax_sweep_refine2/146MHz/project/fmax_146.runs/impl_1/top_convolution_drc_routed.rpt.
report_drc completed successfully
INFO: [runtcl-4] Executing : report_methodology -file top_convolution_methodology_drc_routed.rpt -pb top_convolution_methodology_drc_routed.pb -rpx top_convolution_methodology_drc_routed.rpx
Command: report_methodology -file top_convolution_methodology_drc_routed.rpt -pb top_convolution_methodology_drc_routed.pb -rpx top_convolution_methodology_drc_routed.rpx
INFO: [Timing 38-35] Done setting XDC timing constraints.
INFO: [DRC 23-133] Running Methodology with 4 threads
INFO: [Vivado_Tcl 2-1520] The results of Report Methodology are in file E:/PROJECTS/convolution_fpga/vivado_project/fmax_sweep_refine2/146MHz/project/fmax_146.runs/impl_1/top_convolution_methodology_drc_routed.rpt.
report_methodology completed successfully
INFO: [runtcl-4] Executing : report_power -file top_convolution_power_routed.rpt -pb top_convolution_power_summary_routed.pb -rpx top_convolution_power_routed.rpx
Command: report_power -file top_convolution_power_routed.rpt -pb top_convolution_power_summary_routed.pb -rpx top_convolution_power_routed.rpx
INFO: [Timing 38-35] Done setting XDC timing constraints.
Running Vector-less Activity Propagation...

Finished Running Vector-less Activity Propagation
123 Infos, 1 Warnings, 0 Critical Warnings and 0 Errors encountered.
report_power completed successfully
INFO: [runtcl-4] Executing : report_route_status -file top_convolution_route_status.rpt -pb top_convolution_route_status.pb
INFO: [runtcl-4] Executing : report_timing_summary -max_paths 10 -report_unconstrained -file top_convolution_timing_summary_routed.rpt -pb top_convolution_timing_summary_routed.pb -rpx top_convolution_timing_summary_routed.rpx -warn_on_violation 
INFO: [Timing 38-91] UpdateTimingParams: Speed grade: -1, Delay Type: min_max.
INFO: [Timing 38-191] Multithreading enabled for timing update using a maximum of 4 CPUs
INFO: [runtcl-4] Executing : report_incremental_reuse -file top_convolution_incremental_reuse_routed.rpt
INFO: [Vivado_Tcl 4-1062] Incremental flow is disabled. No incremental reuse Info to report.
INFO: [runtcl-4] Executing : report_clock_utilization -file top_convolution_clock_utilization_routed.rpt
INFO: [runtcl-4] Executing : report_bus_skew -warn_on_violation -file top_convolution_bus_skew_routed.rpt -pb top_convolution_bus_skew_routed.pb -rpx top_convolution_bus_skew_routed.rpx
INFO: [Timing 38-91] UpdateTimingParams: Speed grade: -1, Delay Type: min_max.
INFO: [Timing 38-191] Multithreading enabled for timing update using a maximum of 4 CPUs
INFO: [Timing 38-480] Writing timing data to binary archive.
Write ShapeDB Complete: Time (s): cpu = 00:00:00 ; elapsed = 00:00:00.018 . Memory (MB): peak = 2923.082 ; gain = 0.000
Wrote PlaceDB: Time (s): cpu = 00:00:01 ; elapsed = 00:00:00.465 . Memory (MB): peak = 2923.082 ; gain = 0.000
Wrote PulsedLatchDB: Time (s): cpu = 00:00:00 ; elapsed = 00:00:00 . Memory (MB): peak = 2923.082 ; gain = 0.000
Writing XDEF routing.
Writing XDEF routing logical nets.
Writing XDEF routing special nets.
Wrote RouteStorage: Time (s): cpu = 00:00:00 ; elapsed = 00:00:00.121 . Memory (MB): peak = 2923.082 ; gain = 0.000
Wrote Netlist Cache: Time (s): cpu = 00:00:00 ; elapsed = 00:00:00.011 . Memory (MB): peak = 2923.082 ; gain = 0.000
Wrote Device Cache: Time (s): cpu = 00:00:00 ; elapsed = 00:00:00.010 . Memory (MB): peak = 2923.082 ; gain = 0.000
Write Physdb Complete: Time (s): cpu = 00:00:01 ; elapsed = 00:00:00.617 . Memory (MB): peak = 2923.082 ; gain = 0.000
INFO: [Common 17-1381] The checkpoint 'E:/PROJECTS/convolution_fpga/vivado_project/fmax_sweep_refine2/146MHz/project/fmax_146.runs/impl_1/top_convolution_routed.dcp' has been generated.
INFO: [Common 17-206] Exiting Vivado at Sun May 24 20:03:09 2026...
